{"numTotalTestSuites":394,"numPassedTestSuites":394,"numFailedTestSuites":0,"numPendingTestSuites":0,"numTotalTests":1685,"numPassedTests":1685,"numFailedTests":0,"numPendingTests":0,"numTodoTests":0,"snapshot":{"added":0,"failure":false,"filesAdded":0,"filesRemoved":0,"filesRemovedList":[],"filesUnmatched":0,"filesUpdated":0,"matched":0,"total":0,"unchecked":0,"uncheckedKeysByFile":[],"unmatched":0,"updated":0,"didUpdate":false},"startTime":1774942030534,"success":true,"testResults":[{"assertionResults":[{"ancestorTitles":["useFocusTrap"],"fullName":"useFocusTrap does nothing when not active","status":"passed","title":"does nothing when not active","duration":6.735250000000065,"failureMessages":[],"meta":{},"tags":[]},{"ancestorTitles":["useFocusTrap"],"fullName":"useFocusTrap calls onEscape when Escape is pressed","status":"passed","title":"calls onEscape when Escape is pressed","duration":6.428708000000029,"failureMessages":[],"meta":{},"tags":[]},{"ancestorTitles":["useFocusTrap"],"fullName":"useFocusTrap focuses first focusable element when activated","status":"passed","title":"focuses first focusable element when activated","duration":1.2536249999999427,"failureMessages":[],"meta":{},"tags":[]}],"startTime":1774942037542,"endTime":1774942037556.2537,"status":"passed","message":"","name":"/Users/thim/Repositories/slimcord/client/src/hooks/useFocusTrap.test.ts"},{"assertionResults":[{"ancestorTitles":["useKeyboardShortcuts"],"fullName":"useKeyboardShortcuts Ctrl+K calls onOpenSearch","status":"passed","title":"Ctrl+K calls onOpenSearch","duration":6.258749999999964,"failureMessages":[],"meta":{},"tags":[]},{"ancestorTitles":["useKeyboardShortcuts"],"fullName":"useKeyboardShortcuts Ctrl+/ calls onShowShortcuts","status":"passed","title":"Ctrl+/ calls onShowShortcuts","duration":0.7208750000000919,"failureMessages":[],"meta":{},"tags":[]},{"ancestorTitles":["useKeyboardShortcuts"],"fullName":"useKeyboardShortcuts Escape calls onClosePanel","status":"passed","title":"Escape calls onClosePanel","duration":0.6364579999999478,"failureMessages":[],"meta":{},"tags":[]},{"ancestorTitles":["useKeyboardShortcuts"],"fullName":"useKeyboardShortcuts Alt+ArrowUp calls onNavigateChannel with up","status":"passed","title":"Alt+ArrowUp calls onNavigateChannel with up","duration":1.0577090000000453,"failureMessages":[],"meta":{},"tags":[]},{"ancestorTitles":["useKeyboardShortcuts"],"fullName":"useKeyboardShortcuts Alt+ArrowDown calls onNavigateChannel with down","status":"passed","title":"Alt+ArrowDown calls onNavigateChannel with down","duration":0.6933749999999463,"failureMessages":[],"meta":{},"tags":[]},{"ancestorTitles":["useKeyboardShortcuts"],"fullName":"useKeyboardShortcuts Ctrl+Shift+M toggles mute when voice connected","status":"passed","title":"Ctrl+Shift+M toggles mute when voice connected","duration":1.4300419999999576,"failureMessages":[],"meta":{},"tags":[]},{"ancestorTitles":["useKeyboardShortcuts"],"fullName":"useKeyboardShortcuts Ctrl+Shift+M does nothing when not connected","status":"passed","title":"Ctrl+Shift+M does nothing when not connected","duration":0.4756250000000364,"failureMessages":[],"meta":{},"tags":[]},{"ancestorTitles":["useKeyboardShortcuts"],"fullName":"useKeyboardShortcuts Ctrl+Shift+D toggles deafen when voice connected","status":"passed","title":"Ctrl+Shift+D toggles deafen when voice connected","duration":0.6503340000000435,"failureMessages":[],"meta":{},"tags":[]},{"ancestorTitles":["useKeyboardShortcuts"],"fullName":"useKeyboardShortcuts Ctrl+Shift+D does nothing when not connected","status":"passed","title":"Ctrl+Shift+D does nothing when not connected","duration":0.4803749999999809,"failureMessages":[],"meta":{},"tags":[]},{"ancestorTitles":["useKeyboardShortcuts"],"fullName":"useKeyboardShortcuts does not trigger mute/deafen/navigate when typing in an input","status":"passed","title":"does not trigger mute/deafen/navigate when typing in an input","duration":1.6980419999999867,"failureMessages":[],"meta":{},"tags":[]}],"startTime":1774942037572,"endTime":1774942037586.698,"status":"passed","message":"","name":"/Users/thim/Repositories/slimcord/client/src/hooks/useKeyboardShortcuts.test.ts"},{"assertionResults":[{"ancestorTitles":["useMediaQuery"],"fullName":"useMediaQuery returns false when query does not match","status":"passed","title":"returns false when query does not match","duration":6.095207999999957,"failureMessages":[],"meta":{},"tags":[]},{"ancestorTitles":["useMediaQuery"],"fullName":"useMediaQuery returns true when query matches","status":"passed","title":"returns true when query matches","duration":0.6909160000000156,"failureMessages":[],"meta":{},"tags":[]},{"ancestorTitles":["useMediaQuery"],"fullName":"useMediaQuery updates when media query changes","status":"passed","title":"updates when media query changes","duration":0.9978330000000142,"failureMessages":[],"meta":{},"tags":[]},{"ancestorTitles":["useMediaQuery"],"fullName":"useMediaQuery cleans up listener on unmount","status":"passed","title":"cleans up listener on unmount","duration":1.368041000000062,"failureMessages":[],"meta":{},"tags":[]},{"ancestorTitles":["useIsMobile"],"fullName":"useIsMobile queries the correct breakpoint","status":"passed","title":"queries the correct breakpoint","duration":0.5808329999999842,"failureMessages":[],"meta":{},"tags":[]},{"ancestorTitles":["useIsTablet"],"fullName":"useIsTablet queries the correct breakpoint","status":"passed","title":"queries the correct breakpoint","duration":0.48020900000005895,"failureMessages":[],"meta":{},"tags":[]}],"startTime":1774942037662,"endTime":1774942037672.5808,"status":"passed","message":"","name":"/Users/thim/Repositories/slimcord/client/src/hooks/useMediaQuery.test.ts"},{"assertionResults":[{"ancestorTitles":["useMessageDecryption","tryDecrypt"],"fullName":"useMessageDecryption tryDecrypt returns cached content when available","status":"passed","title":"returns cached content when available","duration":1.8594580000000178,"failureMessages":[],"meta":{},"tags":[]},{"ancestorTitles":["useMessageDecryption","tryDecrypt"],"fullName":"useMessageDecryption tryDecrypt returns locked message when no derivedKey","status":"passed","title":"returns locked message when no derivedKey","duration":0.38866600000005747,"failureMessages":[],"meta":{},"tags":[]},{"ancestorTitles":["useMessageDecryption","tryDecrypt"],"fullName":"useMessageDecryption tryDecrypt decrypts and caches on success","status":"passed","title":"decrypts and caches on success","duration":0.30529200000000856,"failureMessages":[],"meta":{},"tags":[]},{"ancestorTitles":["useMessageDecryption","tryDecrypt"],"fullName":"useMessageDecryption tryDecrypt returns friendly message for base64 ciphertext on failure","status":"passed","title":"returns friendly message for base64 ciphertext on failure","duration":0.46849999999994907,"failureMessages":[],"meta":{},"tags":[]},{"ancestorTitles":["useMessageDecryption","tryDecrypt"],"fullName":"useMessageDecryption tryDecrypt strips DEV prefix from legacy messages","status":"passed","title":"strips DEV prefix from legacy messages","duration":0.3048750000000382,"failureMessages":[],"meta":{},"tags":[]},{"ancestorTitles":["useMessageDecryption","tryEncrypt"],"fullName":"useMessageDecryption tryEncrypt throws when derivedKey is null","status":"passed","title":"throws when derivedKey is null","duration":1.0610000000000355,"failureMessages":[],"meta":{},"tags":[]},{"ancestorTitles":["useMessageDecryption","tryEncrypt"],"fullName":"useMessageDecryption tryEncrypt encrypts with crypto service","status":"passed","title":"encrypts with crypto service","duration":0.11208299999998417,"failureMessages":[],"meta":{},"tags":[]},{"ancestorTitles":["useMessageDecryption","serverToMessage"],"fullName":"useMessageDecryption serverToMessage converts server message to store format","status":"passed","title":"converts server message to store format","duration":0.13612499999999272,"failureMessages":[],"meta":{},"tags":[]},{"ancestorTitles":["useMessageDecryption","serverToMessage"],"fullName":"useMessageDecryption serverToMessage resolves display name from team members","status":"passed","title":"resolves display name from team members","duration":0.094333000000006,"failureMessages":[],"meta":{},"tags":[]},{"ancestorTitles":["useMessageDecryption","serverToMessage"],"fullName":"useMessageDecryption serverToMessage defaults to Unknown when no username","status":"passed","title":"defaults to Unknown when no username","duration":0.08970800000008694,"failureMessages":[],"meta":{},"tags":[]}],"startTime":1774942038899,"endTime":1774942038904.1362,"status":"passed","message":"","name":"/Users/thim/Repositories/slimcord/client/src/hooks/useMessageDecryption.test.ts"},{"assertionResults":[{"ancestorTitles":["AppLayout responsive"],"fullName":"AppLayout responsive renders left-panels and resize-handle on desktop","status":"passed","title":"renders left-panels and resize-handle on desktop","duration":50.6897919999999,"failureMessages":[],"meta":{},"tags":[]},{"ancestorTitles":["AppLayout responsive"],"fullName":"AppLayout responsive renders MobileTabBar when mobile","status":"passed","title":"renders MobileTabBar when mobile","duration":78.0363339999999,"failureMessages":[],"meta":{},"tags":[]},{"ancestorTitles":["AppLayout responsive"],"fullName":"AppLayout responsive shows channel view (chat tab) by default on mobile","status":"passed","title":"shows channel view (chat tab) by default on mobile","duration":5.624707999999828,"failureMessages":[],"meta":{},"tags":[]},{"ancestorTitles":["AppLayout responsive"],"fullName":"AppLayout responsive switches to teams tab on mobile","status":"passed","title":"switches to teams tab on mobile","duration":40.6606670000001,"failureMessages":[],"meta":{},"tags":[]},{"ancestorTitles":["AppLayout responsive"],"fullName":"AppLayout responsive switches to members tab on mobile","status":"passed","title":"switches to members tab on mobile","duration":28.038833000000068,"failureMessages":[],"meta":{},"tags":[]}],"startTime":1774942035440,"endTime":1774942035643.0388,"status":"passed","message":"","name":"/Users/thim/Repositories/slimcord/client/src/pages/AppLayout.responsive.test.tsx"},{"assertionResults":[{"ancestorTitles":["AppLayout behavioral"],"fullName":"AppLayout behavioral registers WS event handlers for presence and voice","status":"passed","title":"registers WS event handlers for presence and voice","duration":31.163334000000077,"failureMessages":[],"meta":{},"tags":[]},{"ancestorTitles":["AppLayout behavioral"],"fullName":"AppLayout behavioral registers ws:connected event handler","status":"passed","title":"registers ws:connected event handler","duration":2.6594159999999647,"failureMessages":[],"meta":{},"tags":[]},{"ancestorTitles":["AppLayout behavioral"],"fullName":"AppLayout behavioral sets auth error handler on mount","status":"passed","title":"sets auth error handler on mount","duration":2.1107919999999467,"failureMessages":[],"meta":{},"tags":[]},{"ancestorTitles":["AppLayout behavioral"],"fullName":"AppLayout behavioral restores API connections from persisted teams on mount","status":"passed","title":"restores API connections from persisted teams on mount","duration":2.2922499999999673,"failureMessages":[],"meta":{},"tags":[]},{"ancestorTitles":["AppLayout behavioral"],"fullName":"AppLayout behavioral redirects to /join when no teams","status":"passed","title":"redirects to /join when no teams","duration":5.614207999999962,"failureMessages":[],"meta":{},"tags":[]},{"ancestorTitles":["AppLayout behavioral"],"fullName":"AppLayout behavioral shows onboarding UI when no teams with navigation buttons","status":"passed","title":"shows onboarding UI when no teams with navigation buttons","duration":12.958333000000039,"failureMessages":[],"meta":{},"tags":[]},{"ancestorTitles":["AppLayout behavioral"],"fullName":"AppLayout behavioral renders channel view for active text channel","status":"passed","title":"renders channel view for active text channel","duration":5.2430420000000595,"failureMessages":[],"meta":{},"tags":[]},{"ancestorTitles":["AppLayout behavioral"],"fullName":"AppLayout behavioral shows channel name in header with tilde icon and team name in sidebar","status":"passed","title":"shows channel name in header with tilde icon and team name in sidebar","duration":6.142374999999902,"failureMessages":[],"meta":{},"tags":[]},{"ancestorTitles":["AppLayout behavioral"],"fullName":"AppLayout behavioral shows empty state when no channel is selected","status":"passed","title":"shows empty state when no channel is selected","duration":7.302249999999958,"failureMessages":[],"meta":{},"tags":[]},{"ancestorTitles":["AppLayout behavioral"],"fullName":"AppLayout behavioral renders all desktop layout components","status":"passed","title":"renders all desktop layout components","duration":5.169417000000067,"failureMessages":[],"meta":{},"tags":[]},{"ancestorTitles":["AppLayout behavioral"],"fullName":"AppLayout behavioral auth error handler navigates to /login","status":"passed","title":"auth error handler navigates to /login","duration":2.720582999999806,"failureMessages":[],"meta":{},"tags":[]},{"ancestorTitles":["AppLayout behavioral"],"fullName":"AppLayout behavioral validates token on mount by calling getTeam","status":"passed","title":"validates token on mount by calling getTeam","duration":2.736958000000186,"failureMessages":[],"meta":{},"tags":[]},{"ancestorTitles":["AppLayout behavioral"],"fullName":"AppLayout behavioral shows channel tabs (Kanals and PMs)","status":"passed","title":"shows channel tabs (Kanals and PMs)","duration":4.223207999999886,"failureMessages":[],"meta":{},"tags":[]},{"ancestorTitles":["AppLayout behavioral"],"fullName":"AppLayout behavioral toggles member list visibility on button click","status":"passed","title":"toggles member list visibility on button click","duration":6.135416999999961,"failureMessages":[],"meta":{},"tags":[]},{"ancestorTitles":["AppLayout behavioral"],"fullName":"AppLayout behavioral navigates to team settings from sidebar button","status":"passed","title":"navigates to team settings from sidebar button","duration":4.519666999999799,"failureMessages":[],"meta":{},"tags":[]},{"ancestorTitles":["AppLayout behavioral"],"fullName":"AppLayout behavioral auto-selects first team when none active","status":"passed","title":"auto-selects first team when none active","duration":2.3677500000001146,"failureMessages":[],"meta":{},"tags":[]},{"ancestorTitles":["AppLayout behavioral"],"fullName":"AppLayout behavioral connects WebSocket when connection info is available","status":"passed","title":"connects WebSocket when connection info is available","duration":4.521542000000181,"failureMessages":[],"meta":{},"tags":[]},{"ancestorTitles":["AppLayout behavioral"],"fullName":"AppLayout behavioral shows voice channel for voice type with SoundHigh icon","status":"passed","title":"shows voice channel for voice type with SoundHigh icon","duration":3.414833000000044,"failureMessages":[],"meta":{},"tags":[]},{"ancestorTitles":["AppLayout behavioral"],"fullName":"AppLayout behavioral shows channel topic in header","status":"passed","title":"shows channel topic in header","duration":12.282958000000008,"failureMessages":[],"meta":{},"tags":[]},{"ancestorTitles":["AppLayout behavioral"],"fullName":"AppLayout behavioral still renders when getTeam fails","status":"passed","title":"still renders when getTeam fails","duration":7.792417000000114,"failureMessages":[],"meta":{},"tags":[]},{"ancestorTitles":["AppLayout behavioral"],"fullName":"AppLayout behavioral shows DM view with other user name for 1:1 DM","status":"passed","title":"shows DM view with other user name for 1:1 DM","duration":9.666666000000077,"failureMessages":[],"meta":{},"tags":[]},{"ancestorTitles":["AppLayout behavioral"],"fullName":"AppLayout behavioral shows DM list when activeDMId is set with no matching DM (switches to DM mode)","status":"passed","title":"shows DM list when activeDMId is set with no matching DM (switches to DM mode)","duration":7.171458000000257,"failureMessages":[],"meta":{},"tags":[]},{"ancestorTitles":["AppLayout behavioral"],"fullName":"AppLayout behavioral shows thread panel when active","status":"passed","title":"shows thread panel when active","duration":4.284125000000131,"failureMessages":[],"meta":{},"tags":[]},{"ancestorTitles":["AppLayout behavioral"],"fullName":"AppLayout behavioral shows DM list and empty state when activeDMId has no match","status":"passed","title":"shows DM list and empty state when activeDMId has no match","duration":6.239375000000109,"failureMessages":[],"meta":{},"tags":[]},{"ancestorTitles":["AppLayout behavioral"],"fullName":"AppLayout behavioral renders search bar in header","status":"passed","title":"renders search bar in header","duration":3.5325000000002547,"failureMessages":[],"meta":{},"tags":[]},{"ancestorTitles":["AppLayout behavioral"],"fullName":"AppLayout behavioral shows lock icon when derivedKey is set on channel header","status":"passed","title":"shows lock icon when derivedKey is set on channel header","duration":6.944666999999754,"failureMessages":[],"meta":{},"tags":[]},{"ancestorTitles":["AppLayout behavioral"],"fullName":"AppLayout behavioral shows group DM with member count and Group icon","status":"passed","title":"shows group DM with member count and Group icon","duration":6.883583000000272,"failureMessages":[],"meta":{},"tags":[]},{"ancestorTitles":["AppLayout behavioral"],"fullName":"AppLayout behavioral shows DM empty state when no active DM in DM mode","status":"passed","title":"shows DM empty state when no active DM in DM mode","duration":7.662333000000217,"failureMessages":[],"meta":{},"tags":[]},{"ancestorTitles":["AppLayout behavioral"],"fullName":"AppLayout behavioral renders both sidebar tabs (Kanals and PMs) and they are clickable","status":"passed","title":"renders both sidebar tabs (Kanals and PMs) and they are clickable","duration":10.875625000000127,"failureMessages":[],"meta":{},"tags":[]},{"ancestorTitles":["AppLayout behavioral"],"fullName":"AppLayout behavioral triggers WS sync:init when WS is already connected","status":"passed","title":"triggers WS sync:init when WS is already connected","duration":2.458625000000211,"failureMessages":[],"meta":{},"tags":[]},{"ancestorTitles":["AppLayout behavioral"],"fullName":"AppLayout behavioral fires WS event handlers for presence changes","status":"passed","title":"fires WS event handlers for presence changes","duration":2.5493329999999332,"failureMessages":[],"meta":{},"tags":[]},{"ancestorTitles":["AppLayout behavioral"],"fullName":"AppLayout behavioral fires WS event handlers for voice join/leave","status":"passed","title":"fires WS event handlers for voice join/leave","duration":1.974500000000262,"failureMessages":[],"meta":{},"tags":[]},{"ancestorTitles":["AppLayout behavioral"],"fullName":"AppLayout behavioral navigates to user settings from UserPanel","status":"passed","title":"navigates to user settings from UserPanel","duration":3.1642500000002656,"failureMessages":[],"meta":{},"tags":[]},{"ancestorTitles":["AppLayout behavioral"],"fullName":"AppLayout behavioral fires ws:connected handler and triggers sync:init","status":"passed","title":"fires ws:connected handler and triggers sync:init","duration":4.562665999999808,"failureMessages":[],"meta":{},"tags":[]},{"ancestorTitles":["AppLayout behavioral"],"fullName":"AppLayout behavioral applies sync data with voice states","status":"passed","title":"applies sync data with voice states","duration":3.7991250000000036,"failureMessages":[],"meta":{},"tags":[]},{"ancestorTitles":["AppLayout behavioral"],"fullName":"AppLayout behavioral falls back to REST when sync:init fails","status":"passed","title":"falls back to REST when sync:init fails","duration":8.428583999999773,"failureMessages":[],"meta":{},"tags":[]},{"ancestorTitles":["AppLayout behavioral"],"fullName":"AppLayout behavioral does not connect WS when no connection info","status":"passed","title":"does not connect WS when no connection info","duration":1.911750000000211,"failureMessages":[],"meta":{},"tags":[]},{"ancestorTitles":["AppLayout behavioral"],"fullName":"AppLayout behavioral shows DM empty message in DM mode with no active DM","status":"passed","title":"shows DM empty message in DM mode with no active DM","duration":3.465957999999773,"failureMessages":[],"meta":{},"tags":[]},{"ancestorTitles":["AppLayout behavioral"],"fullName":"AppLayout behavioral handles presence:changed event with missing fields","status":"passed","title":"handles presence:changed event with missing fields","duration":2.6047080000003007,"failureMessages":[],"meta":{},"tags":[]},{"ancestorTitles":["AppLayout behavioral"],"fullName":"AppLayout behavioral shows DM toggle members button for group DM and toggles","status":"passed","title":"shows DM toggle members button for group DM and toggles","duration":3.2690419999998994,"failureMessages":[],"meta":{},"tags":[]},{"ancestorTitles":["AppLayout behavioral"],"fullName":"AppLayout behavioral shows header with Dilla name when no channel or DM is selected","status":"passed","title":"shows header with Dilla name when no channel or DM is selected","duration":2.822167000000263,"failureMessages":[],"meta":{},"tags":[]},{"ancestorTitles":["AppLayout behavioral"],"fullName":"AppLayout behavioral handles voice events with missing fields gracefully","status":"passed","title":"handles voice events with missing fields gracefully","duration":2.179208000000017,"failureMessages":[],"meta":{},"tags":[]},{"ancestorTitles":["AppLayout behavioral"],"fullName":"AppLayout behavioral uploads identity blob when derivedKey is set and data is loaded","status":"passed","title":"uploads identity blob when derivedKey is set and data is loaded","duration":1.7961249999998472,"failureMessages":[],"meta":{},"tags":[]},{"ancestorTitles":["AppLayout behavioral"],"fullName":"AppLayout behavioral re-initializes crypto from persisted derivedKey","status":"passed","title":"re-initializes crypto from persisted derivedKey","duration":5.244125000000167,"failureMessages":[],"meta":{},"tags":[]},{"ancestorTitles":["AppLayout behavioral"],"fullName":"AppLayout behavioral shows group DM toggle members button and toggles it","status":"passed","title":"shows group DM toggle members button and toggles it","duration":8.784499999999753,"failureMessages":[],"meta":{},"tags":[]},{"ancestorTitles":["AppLayout behavioral"],"fullName":"AppLayout behavioral shows lock icon on DM header when derivedKey is set","status":"passed","title":"shows lock icon on DM header when derivedKey is set","duration":7.682791000000179,"failureMessages":[],"meta":{},"tags":[]},{"ancestorTitles":["AppLayout behavioral"],"fullName":"AppLayout behavioral shows group DM name from members when no name set","status":"passed","title":"shows group DM name from members when no name set","duration":5.291541000000052,"failureMessages":[],"meta":{},"tags":[]},{"ancestorTitles":["AppLayout behavioral"],"fullName":"AppLayout behavioral shows group DM member count","status":"passed","title":"shows group DM member count","duration":8.57654199999979,"failureMessages":[],"meta":{},"tags":[]},{"ancestorTitles":["AppLayout behavioral"],"fullName":"AppLayout behavioral shows 1:1 DM fallback name when no other member","status":"passed","title":"shows 1:1 DM fallback name when no other member","duration":4.521333000000141,"failureMessages":[],"meta":{},"tags":[]},{"ancestorTitles":["AppLayout behavioral"],"fullName":"AppLayout behavioral reconnects WebSocket when token changes for the active team","status":"passed","title":"reconnects WebSocket when token changes for the active team","duration":59.188334000000395,"failureMessages":[],"meta":{},"tags":[]},{"ancestorTitles":["AppLayout behavioral"],"fullName":"AppLayout behavioral does not connect WS when activeToken is null","status":"passed","title":"does not connect WS when activeToken is null","duration":2.4644579999999223,"failureMessages":[],"meta":{},"tags":[]},{"ancestorTitles":["AppLayout behavioral"],"fullName":"AppLayout behavioral handles WS connection with https URL","status":"passed","title":"handles WS connection with https URL","duration":3.6069170000000668,"failureMessages":[],"meta":{},"tags":[]},{"ancestorTitles":["AppLayout behavioral"],"fullName":"AppLayout behavioral falls back to JWT token when WS ticket request fails","status":"passed","title":"falls back to JWT token when WS ticket request fails","duration":4.332167000000027,"failureMessages":[],"meta":{},"tags":[]},{"ancestorTitles":["AppLayout behavioral"],"fullName":"AppLayout behavioral syncs own presence from sync:init presences","status":"passed","title":"syncs own presence from sync:init presences","duration":4.7280000000000655,"failureMessages":[],"meta":{},"tags":[]},{"ancestorTitles":["AppLayout behavioral"],"fullName":"AppLayout behavioral REST fallback calls getPresences and syncs own status","status":"passed","title":"REST fallback calls getPresences and syncs own status","duration":4.668624999999793,"failureMessages":[],"meta":{},"tags":[]},{"ancestorTitles":["AppLayout behavioral"],"fullName":"AppLayout behavioral shows DMList when DM mode is active (activeDMId set)","status":"passed","title":"shows DMList when DM mode is active (activeDMId set)","duration":6.004083999999693,"failureMessages":[],"meta":{},"tags":[]},{"ancestorTitles":["AppLayout behavioral"],"fullName":"AppLayout behavioral shows CreateChannel modal (via channelSidebarContent)","status":"passed","title":"shows CreateChannel modal (via channelSidebarContent)","duration":8.744791000000077,"failureMessages":[],"meta":{},"tags":[]},{"ancestorTitles":["AppLayout behavioral"],"fullName":"AppLayout behavioral shows NewDMModal when in DM mode and clicking new DM","status":"passed","title":"shows NewDMModal when in DM mode and clicking new DM","duration":9.607582999999977,"failureMessages":[],"meta":{},"tags":[]},{"ancestorTitles":["AppLayout behavioral"],"fullName":"AppLayout behavioral renders empty state text for both DM and channel mode","status":"passed","title":"renders empty state text for both DM and channel mode","duration":7.9972499999998945,"failureMessages":[],"meta":{},"tags":[]},{"ancestorTitles":["AppLayout behavioral"],"fullName":"AppLayout behavioral hides member list in DM mode when not group DM","status":"passed","title":"hides member list in DM mode when not group DM","duration":5.4487920000001395,"failureMessages":[],"meta":{},"tags":[]},{"ancestorTitles":["AppLayout behavioral"],"fullName":"AppLayout behavioral opens CreateChannel modal via ChannelList onCreateChannel callback","status":"passed","title":"opens CreateChannel modal via ChannelList onCreateChannel callback","duration":13.027833999999984,"failureMessages":[],"meta":{},"tags":[]},{"ancestorTitles":["AppLayout behavioral"],"fullName":"AppLayout behavioral opens NewDMModal via DMList onNewDM callback and closes it","status":"passed","title":"opens NewDMModal via DMList onNewDM callback and closes it","duration":9.137000000000171,"failureMessages":[],"meta":{},"tags":[]},{"ancestorTitles":["AppLayout behavioral"],"fullName":"AppLayout behavioral handles DM created callback from NewDMModal","status":"passed","title":"handles DM created callback from NewDMModal","duration":10.441041999999925,"failureMessages":[],"meta":{},"tags":[]},{"ancestorTitles":["AppLayout behavioral"],"fullName":"AppLayout behavioral opens ShortcutsModal via Ctrl+/ keyboard shortcut","status":"passed","title":"opens ShortcutsModal via Ctrl+/ keyboard shortcut","duration":13.423749999999927,"failureMessages":[],"meta":{},"tags":[]},{"ancestorTitles":["AppLayout behavioral"],"fullName":"AppLayout behavioral closes ShortcutsModal via Escape key","status":"passed","title":"closes ShortcutsModal via Escape key","duration":12.24887499999977,"failureMessages":[],"meta":{},"tags":[]},{"ancestorTitles":["AppLayout behavioral"],"fullName":"AppLayout behavioral navigates to /app/user-settings from UserPanel settings button on desktop","status":"passed","title":"navigates to /app/user-settings from UserPanel settings button on desktop","duration":4.823249999999916,"failureMessages":[],"meta":{},"tags":[]},{"ancestorTitles":["AppLayout behavioral"],"fullName":"AppLayout behavioral navigates channels via Alt+ArrowDown/Up keyboard shortcut","status":"passed","title":"navigates channels via Alt+ArrowDown/Up keyboard shortcut","duration":6.490125000000262,"failureMessages":[],"meta":{},"tags":[]},{"ancestorTitles":["AppLayout behavioral"],"fullName":"AppLayout behavioral navigates channels up via Alt+ArrowUp","status":"passed","title":"navigates channels up via Alt+ArrowUp","duration":7.197959000000083,"failureMessages":[],"meta":{},"tags":[]},{"ancestorTitles":["AppLayout behavioral"],"fullName":"AppLayout behavioral handles activeThreadId with no matching thread (returns null)","status":"passed","title":"handles activeThreadId with no matching thread (returns null)","duration":2.4477499999998145,"failureMessages":[],"meta":{},"tags":[]},{"ancestorTitles":["AppLayout behavioral"],"fullName":"AppLayout behavioral closes thread panel via close button on ThreadPanel","status":"passed","title":"closes thread panel via close button on ThreadPanel","duration":3.483791999999994,"failureMessages":[],"meta":{},"tags":[]},{"ancestorTitles":["AppLayout behavioral"],"fullName":"AppLayout behavioral handles jump to message in different channel","status":"passed","title":"handles jump to message in different channel","duration":3.4302080000002206,"failureMessages":[],"meta":{},"tags":[]},{"ancestorTitles":["AppLayout behavioral"],"fullName":"AppLayout behavioral handles jump to message in same channel","status":"passed","title":"handles jump to message in same channel","duration":10.14474999999993,"failureMessages":[],"meta":{},"tags":[]},{"ancestorTitles":["AppLayout behavioral"],"fullName":"AppLayout behavioral triggers search focus via Ctrl+K","status":"passed","title":"triggers search focus via Ctrl+K","duration":8.078832999999577,"failureMessages":[],"meta":{},"tags":[]},{"ancestorTitles":["AppLayout behavioral"],"fullName":"AppLayout behavioral closes thread panel via Escape key when thread is open","status":"passed","title":"closes thread panel via Escape key when thread is open","duration":15.289999999999964,"failureMessages":[],"meta":{},"tags":[]},{"ancestorTitles":["AppLayout behavioral"],"fullName":"AppLayout behavioral handles blob upload failure gracefully","status":"passed","title":"handles blob upload failure gracefully","duration":57.289999999999964,"failureMessages":[],"meta":{},"tags":[]},{"ancestorTitles":["AppLayout behavioral"],"fullName":"AppLayout behavioral toggles showMembers in empty state header (no channel, no DM)","status":"passed","title":"toggles showMembers in empty state header (no channel, no DM)","duration":5.731917000000067,"failureMessages":[],"meta":{},"tags":[]},{"ancestorTitles":["AppLayout mobile"],"fullName":"AppLayout mobile shows mobile tab bar and bottom controls in mobile mode","status":"passed","title":"shows mobile tab bar and bottom controls in mobile mode","duration":2.7704579999999623,"failureMessages":[],"meta":{},"tags":[]},{"ancestorTitles":["AppLayout mobile"],"fullName":"AppLayout mobile does not show desktop left panels in mobile mode","status":"passed","title":"does not show desktop left panels in mobile mode","duration":1.6472909999997682,"failureMessages":[],"meta":{},"tags":[]},{"ancestorTitles":["AppLayout mobile"],"fullName":"AppLayout mobile shows teams tab content when tab is teams","status":"passed","title":"shows teams tab content when tab is teams","duration":5.148541000000023,"failureMessages":[],"meta":{},"tags":[]},{"ancestorTitles":["AppLayout mobile"],"fullName":"AppLayout mobile shows channels tab content when tab is channels","status":"passed","title":"shows channels tab content when tab is channels","duration":6.472583000000213,"failureMessages":[],"meta":{},"tags":[]},{"ancestorTitles":["AppLayout mobile"],"fullName":"AppLayout mobile shows members tab content when tab is members","status":"passed","title":"shows members tab content when tab is members","duration":12.407875000000331,"failureMessages":[],"meta":{},"tags":[]},{"ancestorTitles":["AppLayout mobile"],"fullName":"AppLayout mobile shows chat content when tab is chat","status":"passed","title":"shows chat content when tab is chat","duration":7.812750000000051,"failureMessages":[],"meta":{},"tags":[]},{"ancestorTitles":["AppLayout mobile"],"fullName":"AppLayout mobile renders mobile class on main layout","status":"passed","title":"renders mobile class on main layout","duration":5.018583000000035,"failureMessages":[],"meta":{},"tags":[]},{"ancestorTitles":["AppLayout mobile"],"fullName":"AppLayout mobile navigates to /app/user-settings from mobile UserPanel settings button","status":"passed","title":"navigates to /app/user-settings from mobile UserPanel settings button","duration":7.322416999999859,"failureMessages":[],"meta":{},"tags":[]},{"ancestorTitles":["AppLayout sender key rotation on member:left"],"fullName":"AppLayout sender key rotation on member:left rotates channel keys when member:left event is received","status":"passed","title":"rotates channel keys when member:left event is received","duration":55.93491600000016,"failureMessages":[],"meta":{},"tags":[]},{"ancestorTitles":["AppLayout sender key rotation on member:left"],"fullName":"AppLayout sender key rotation on member:left ignores member:left for different team","status":"passed","title":"ignores member:left for different team","duration":6.7106659999999465,"failureMessages":[],"meta":{},"tags":[]},{"ancestorTitles":["AppLayout sender key rotation on member:left"],"fullName":"AppLayout sender key rotation on member:left skips rotation when derivedKey is null","status":"passed","title":"skips rotation when derivedKey is null","duration":5.623042000000169,"failureMessages":[],"meta":{},"tags":[]}],"startTime":1774942032528,"endTime":1774942033225.623,"status":"passed","message":"","name":"/Users/thim/Repositories/slimcord/client/src/pages/AppLayout.test.tsx"},{"assertionResults":[{"ancestorTitles":["ChannelView"],"fullName":"ChannelView renders MessageList and MessageInput with correct attributes","status":"passed","title":"renders MessageList and MessageInput with correct attributes","duration":19.813957999999957,"failureMessages":[],"meta":{},"tags":[]},{"ancestorTitles":["ChannelView"],"fullName":"ChannelView passes 'data-channel-id'='ch-42' to 'message-list'","status":"passed","title":"passes 'data-channel-id'='ch-42' to 'message-list'","duration":2.3799999999999955,"failureMessages":[],"meta":{},"tags":[]},{"ancestorTitles":["ChannelView"],"fullName":"ChannelView passes 'data-channel-name'='announcements' to 'message-list'","status":"passed","title":"passes 'data-channel-name'='announcements' to 'message-list'","duration":1.8238329999999223,"failureMessages":[],"meta":{},"tags":[]},{"ancestorTitles":["ChannelView"],"fullName":"ChannelView passes 'data-channel-id'='ch-42' to 'message-input'","status":"passed","title":"passes 'data-channel-id'='ch-42' to 'message-input'","duration":1.6119999999999663,"failureMessages":[],"meta":{},"tags":[]},{"ancestorTitles":["ChannelView"],"fullName":"ChannelView passes 'data-channel-name'='test-chan' to 'message-input'","status":"passed","title":"passes 'data-channel-name'='test-chan' to 'message-input'","duration":2.2174999999999727,"failureMessages":[],"meta":{},"tags":[]},{"ancestorTitles":["ChannelView"],"fullName":"ChannelView subscribes to message and thread WebSocket events on mount","status":"passed","title":"subscribes to message and thread WebSocket events on mount","duration":2.4640829999999596,"failureMessages":[],"meta":{},"tags":[]},{"ancestorTitles":["ChannelView"],"fullName":"ChannelView unsubscribes from events on unmount","status":"passed","title":"unsubscribes from events on unmount","duration":1.2082499999999072,"failureMessages":[],"meta":{},"tags":[]},{"ancestorTitles":["ChannelView"],"fullName":"ChannelView renders with different channels via rerender","status":"passed","title":"renders with different channels via rerender","duration":2.3303750000000036,"failureMessages":[],"meta":{},"tags":[]},{"ancestorTitles":["ChannelView"],"fullName":"ChannelView loads message history via API on mount when WS not connected","status":"passed","title":"loads message history via API on mount when WS not connected","duration":5.773583999999914,"failureMessages":[],"meta":{},"tags":[]},{"ancestorTitles":["ChannelView"],"fullName":"ChannelView loads message history via WS when connected","status":"passed","title":"loads message history via WS when connected","duration":2.1667090000000826,"failureMessages":[],"meta":{},"tags":[]},{"ancestorTitles":["ChannelView"],"fullName":"ChannelView invokes WS handler for 'message:new'","status":"passed","title":"invokes WS handler for 'message:new'","duration":1.2493329999999787,"failureMessages":[],"meta":{},"tags":[]},{"ancestorTitles":["ChannelView"],"fullName":"ChannelView invokes WS handler for 'message:updated'","status":"passed","title":"invokes WS handler for 'message:updated'","duration":1.3524590000000671,"failureMessages":[],"meta":{},"tags":[]},{"ancestorTitles":["ChannelView"],"fullName":"ChannelView invokes WS handler for 'message:deleted'","status":"passed","title":"invokes WS handler for 'message:deleted'","duration":1.3063750000000027,"failureMessages":[],"meta":{},"tags":[]},{"ancestorTitles":["ChannelView"],"fullName":"ChannelView invokes WS handler for 'typing:indicator'","status":"passed","title":"invokes WS handler for 'typing:indicator'","duration":1.3598330000000942,"failureMessages":[],"meta":{},"tags":[]},{"ancestorTitles":["ChannelView"],"fullName":"ChannelView invokes WS thread event callbacks","status":"passed","title":"invokes WS thread event callbacks","duration":2.30441600000006,"failureMessages":[],"meta":{},"tags":[]},{"ancestorTitles":["ChannelView"],"fullName":"ChannelView ignores WS events for other channels","status":"passed","title":"ignores WS events for other channels","duration":1.0672920000000659,"failureMessages":[],"meta":{},"tags":[]},{"ancestorTitles":["ChannelView"],"fullName":"ChannelView handles 'thread:message:new' with null thread_id","status":"passed","title":"handles 'thread:message:new' with null thread_id","duration":0.9860419999999976,"failureMessages":[],"meta":{},"tags":[]},{"ancestorTitles":["ChannelView"],"fullName":"ChannelView handles 'thread:message:updated' with null thread_id","status":"passed","title":"handles 'thread:message:updated' with null thread_id","duration":0.9256669999999758,"failureMessages":[],"meta":{},"tags":[]},{"ancestorTitles":["ChannelView"],"fullName":"ChannelView handles 'thread:message:deleted' with null thread_id","status":"passed","title":"handles 'thread:message:deleted' with null thread_id","duration":0.9257920000000013,"failureMessages":[],"meta":{},"tags":[]},{"ancestorTitles":["ChannelView"],"fullName":"ChannelView does not render when no activeTeamId","status":"passed","title":"does not render when no activeTeamId","duration":20.04895799999997,"failureMessages":[],"meta":{},"tags":[]},{"ancestorTitles":["ChannelView"],"fullName":"ChannelView sends a message via WS when send button is clicked","status":"passed","title":"sends a message via WS when send button is clicked","duration":61.359375,"failureMessages":[],"meta":{},"tags":[]},{"ancestorTitles":["ChannelView"],"fullName":"ChannelView edits a message via WS when edit button is clicked","status":"passed","title":"edits a message via WS when edit button is clicked","duration":58.74041699999998,"failureMessages":[],"meta":{},"tags":[]},{"ancestorTitles":["ChannelView"],"fullName":"ChannelView deletes a message via WS when delete button is clicked","status":"passed","title":"deletes a message via WS when delete button is clicked","duration":3.6557090000000017,"failureMessages":[],"meta":{},"tags":[]},{"ancestorTitles":["ChannelView"],"fullName":"ChannelView sends typing indicator via WS when typing","status":"passed","title":"sends typing indicator via WS when typing","duration":4.531083999999964,"failureMessages":[],"meta":{},"tags":[]},{"ancestorTitles":["ChannelView"],"fullName":"ChannelView does not 'send' when activeTeamId is null","status":"passed","title":"does not 'send' when activeTeamId is null","duration":2.799041999999986,"failureMessages":[],"meta":{},"tags":[]},{"ancestorTitles":["ChannelView"],"fullName":"ChannelView does not 'edit' when activeTeamId is null","status":"passed","title":"does not 'edit' when activeTeamId is null","duration":1.3902080000000296,"failureMessages":[],"meta":{},"tags":[]},{"ancestorTitles":["ChannelView"],"fullName":"ChannelView does not 'delete' when activeTeamId is null","status":"passed","title":"does not 'delete' when activeTeamId is null","duration":0.6843330000000378,"failureMessages":[],"meta":{},"tags":[]},{"ancestorTitles":["ChannelView"],"fullName":"ChannelView does not 'typing' when activeTeamId is null","status":"passed","title":"does not 'typing' when activeTeamId is null","duration":0.6337919999999713,"failureMessages":[],"meta":{},"tags":[]},{"ancestorTitles":["ChannelView"],"fullName":"ChannelView does not create thread when activeTeamId is null","status":"passed","title":"does not create thread when activeTeamId is null","duration":0.8816669999999931,"failureMessages":[],"meta":{},"tags":[]},{"ancestorTitles":["ChannelView"],"fullName":"ChannelView triggers handleLoadMore with messages in store","status":"passed","title":"triggers handleLoadMore with messages in store","duration":1.2068750000000819,"failureMessages":[],"meta":{},"tags":[]},{"ancestorTitles":["ChannelView"],"fullName":"ChannelView creates a thread via API when create thread button is clicked","status":"passed","title":"creates a thread via API when create thread button is clicked","duration":3.5466669999999567,"failureMessages":[],"meta":{},"tags":[]},{"ancestorTitles":["ChannelView"],"fullName":"ChannelView cancel edit clears editing state","status":"passed","title":"cancel edit clears editing state","duration":5.652790999999979,"failureMessages":[],"meta":{},"tags":[]},{"ancestorTitles":["ChannelView"],"fullName":"ChannelView calls handleLoadMore which checks loadingHistory and hasMore via WS","status":"passed","title":"calls handleLoadMore which checks loadingHistory and hasMore via WS","duration":8.306666000000064,"failureMessages":[],"meta":{},"tags":[]},{"ancestorTitles":["ChannelView"],"fullName":"ChannelView handleLoadMore uses REST fallback when WS not connected","status":"passed","title":"handleLoadMore uses REST fallback when WS not connected","duration":10.35066699999993,"failureMessages":[],"meta":{},"tags":[]},{"ancestorTitles":["ChannelView"],"fullName":"ChannelView does not load more when 'already loading'","status":"passed","title":"does not load more when 'already loading'","duration":3.2783339999999725,"failureMessages":[],"meta":{},"tags":[]},{"ancestorTitles":["ChannelView"],"fullName":"ChannelView does not load more when 'no more messages'","status":"passed","title":"does not load more when 'no more messages'","duration":3.03937499999995,"failureMessages":[],"meta":{},"tags":[]},{"ancestorTitles":["ChannelView"],"fullName":"ChannelView opens a thread by parent message id","status":"passed","title":"opens a thread by parent message id","duration":3.0525409999999056,"failureMessages":[],"meta":{},"tags":[]},{"ancestorTitles":["ChannelView"],"fullName":"ChannelView does not open thread when no matching thread exists","status":"passed","title":"does not open thread when no matching thread exists","duration":1.6135829999999487,"failureMessages":[],"meta":{},"tags":[]},{"ancestorTitles":["ChannelView"],"fullName":"ChannelView invokes message:new handler for same channel","status":"passed","title":"invokes message:new handler for same channel","duration":1.2016670000000431,"failureMessages":[],"meta":{},"tags":[]},{"ancestorTitles":["ChannelView"],"fullName":"ChannelView handles thread:message:new that updates existing thread count","status":"passed","title":"handles thread:message:new that updates existing thread count","duration":1.1911250000000564,"failureMessages":[],"meta":{},"tags":[]},{"ancestorTitles":["ChannelView"],"fullName":"ChannelView loads threads via WS when connected","status":"passed","title":"loads threads via WS when connected","duration":0.9743750000000091,"failureMessages":[],"meta":{},"tags":[]},{"ancestorTitles":["ChannelView"],"fullName":"ChannelView loads threads via API when WS not connected","status":"passed","title":"loads threads via API when WS not connected","duration":1.0254580000000715,"failureMessages":[],"meta":{},"tags":[]},{"ancestorTitles":["ChannelView"],"fullName":"ChannelView handles createThread failure gracefully","status":"passed","title":"handles createThread failure gracefully","duration":1.4467079999999441,"failureMessages":[],"meta":{},"tags":[]},{"ancestorTitles":["ChannelView"],"fullName":"ChannelView resolves username from members when server message has no username","status":"passed","title":"resolves username from members when server message has no username","duration":1.4457089999999653,"failureMessages":[],"meta":{},"tags":[]},{"ancestorTitles":["ChannelView"],"fullName":"ChannelView tryEncrypt encrypts when derivedKey is set","status":"passed","title":"tryEncrypt encrypts when derivedKey is set","duration":2.9403750000000173,"failureMessages":[],"meta":{},"tags":[]},{"ancestorTitles":["ChannelView"],"fullName":"ChannelView tryEncrypt does not send message on encryption error","status":"passed","title":"tryEncrypt does not send message on encryption error","duration":9.721000000000004,"failureMessages":[],"meta":{},"tags":[]},{"ancestorTitles":["ChannelView"],"fullName":"ChannelView handleLoadMore with REST decrypts messages using tryDecrypt","status":"passed","title":"handleLoadMore with REST decrypts messages using tryDecrypt","duration":9.036249999999995,"failureMessages":[],"meta":{},"tags":[]}],"startTime":1774942033886,"endTime":1774942034163.0361,"status":"passed","message":"","name":"/Users/thim/Repositories/slimcord/client/src/pages/ChannelView.test.tsx"},{"assertionResults":[{"ancestorTitles":["CreateIdentity"],"fullName":"CreateIdentity renders the identity creation form","status":"passed","title":"renders the identity creation form","duration":28.187584000000015,"failureMessages":[],"meta":{},"tags":[]},{"ancestorTitles":["CreateIdentity"],"fullName":"CreateIdentity renders inside PublicShell","status":"passed","title":"renders inside PublicShell","duration":2.772874999999999,"failureMessages":[],"meta":{},"tags":[]},{"ancestorTitles":["CreateIdentity"],"fullName":"CreateIdentity renders username input","status":"passed","title":"renders username input","duration":2.9144169999999576,"failureMessages":[],"meta":{},"tags":[]},{"ancestorTitles":["CreateIdentity"],"fullName":"CreateIdentity disables create button when username is empty","status":"passed","title":"disables create button when username is empty","duration":1.41375000000005,"failureMessages":[],"meta":{},"tags":[]},{"ancestorTitles":["CreateIdentity"],"fullName":"CreateIdentity enables create button when username and server are filled","status":"passed","title":"enables create button when username and server are filled","duration":6.25529199999994,"failureMessages":[],"meta":{},"tags":[]},{"ancestorTitles":["CreateIdentity"],"fullName":"CreateIdentity shows loading state during passkey registration","status":"passed","title":"shows loading state during passkey registration","duration":5.2592500000000655,"failureMessages":[],"meta":{},"tags":[]},{"ancestorTitles":["CreateIdentity"],"fullName":"CreateIdentity shows error on passkey registration failure","status":"passed","title":"shows error on passkey registration failure","duration":7.30174999999997,"failureMessages":[],"meta":{},"tags":[]},{"ancestorTitles":["CreateIdentity"],"fullName":"CreateIdentity shows recovery key after successful registration","status":"passed","title":"shows recovery key after successful registration","duration":9.756208000000015,"failureMessages":[],"meta":{},"tags":[]},{"ancestorTitles":["CreateIdentity"],"fullName":"CreateIdentity shows copy button for recovery key","status":"passed","title":"shows copy button for recovery key","duration":18.814791000000014,"failureMessages":[],"meta":{},"tags":[]},{"ancestorTitles":["CreateIdentity"],"fullName":"CreateIdentity requires recovery key confirmation before continuing","status":"passed","title":"requires recovery key confirmation before continuing","duration":71.6155,"failureMessages":[],"meta":{},"tags":[]},{"ancestorTitles":["CreateIdentity"],"fullName":"CreateIdentity shows done step with navigation options after confirming recovery","status":"passed","title":"shows done step with navigation options after confirming recovery","duration":15.027458999999908,"failureMessages":[],"meta":{},"tags":[]},{"ancestorTitles":["CreateIdentity"],"fullName":"CreateIdentity navigates back when back button is clicked","status":"passed","title":"navigates back when back button is clicked","duration":2.2059169999999995,"failureMessages":[],"meta":{},"tags":[]},{"ancestorTitles":["CreateIdentity"],"fullName":"CreateIdentity shows passphrase form when PRF not supported","status":"passed","title":"shows passphrase form when PRF not supported","duration":3.1246249999999236,"failureMessages":[],"meta":{},"tags":[]},{"ancestorTitles":["CreateIdentity"],"fullName":"CreateIdentity validates passphrase minimum length","status":"passed","title":"validates passphrase minimum length","duration":4.434500000000071,"failureMessages":[],"meta":{},"tags":[]},{"ancestorTitles":["CreateIdentity"],"fullName":"CreateIdentity shows mismatch error when passphrases do not match","status":"passed","title":"shows mismatch error when passphrases do not match","duration":5.601999999999975,"failureMessages":[],"meta":{},"tags":[]},{"ancestorTitles":["CreateIdentity"],"fullName":"CreateIdentity disables continue button when passphrases do not match","status":"passed","title":"disables continue button when passphrases do not match","duration":4.538625000000025,"failureMessages":[],"meta":{},"tags":[]},{"ancestorTitles":["CreateIdentity"],"fullName":"CreateIdentity submits passphrase and shows recovery key","status":"passed","title":"submits passphrase and shows recovery key","duration":8.580041000000051,"failureMessages":[],"meta":{},"tags":[]},{"ancestorTitles":["CreateIdentity"],"fullName":"CreateIdentity copies recovery key on button click","status":"passed","title":"copies recovery key on button click","duration":5.798874999999953,"failureMessages":[],"meta":{},"tags":[]},{"ancestorTitles":["CreateIdentity"],"fullName":"CreateIdentity navigates to join path on done step with pending invite","status":"passed","title":"navigates to join path on done step with pending invite","duration":14.819208000000003,"failureMessages":[],"meta":{},"tags":[]},{"ancestorTitles":["CreateIdentity"],"fullName":"CreateIdentity shows skip for now button on done step","status":"passed","title":"shows skip for now button on done step","duration":15.558625000000006,"failureMessages":[],"meta":{},"tags":[]},{"ancestorTitles":["CreateIdentity"],"fullName":"CreateIdentity handles Enter key on username to trigger creation","status":"passed","title":"handles Enter key on username to trigger creation","duration":3.620208000000048,"failureMessages":[],"meta":{},"tags":[]},{"ancestorTitles":["CreateIdentity"],"fullName":"CreateIdentity stores username in localStorage","status":"passed","title":"stores username in localStorage","duration":1.9149999999999636,"failureMessages":[],"meta":{},"tags":[]},{"ancestorTitles":["CreateIdentity"],"fullName":"CreateIdentity navigates to setup on done step","status":"passed","title":"navigates to setup on done step","duration":13.158624999999915,"failureMessages":[],"meta":{},"tags":[]},{"ancestorTitles":["CreateIdentity"],"fullName":"CreateIdentity handles passphrase submit error","status":"passed","title":"handles passphrase submit error","duration":7.977499999999964,"failureMessages":[],"meta":{},"tags":[]},{"ancestorTitles":["CreateIdentity"],"fullName":"CreateIdentity handles Enter key on confirm passphrase field","status":"passed","title":"handles Enter key on confirm passphrase field","duration":12.45820900000001,"failureMessages":[],"meta":{},"tags":[]},{"ancestorTitles":["CreateIdentity"],"fullName":"CreateIdentity does not show server address input in browser mode","status":"passed","title":"does not show server address input in browser mode","duration":0.8414579999999887,"failureMessages":[],"meta":{},"tags":[]},{"ancestorTitles":["CreateIdentity"],"fullName":"CreateIdentity does nothing when handleCreateWithPasskey called without username","status":"passed","title":"does nothing when handleCreateWithPasskey called without username","duration":0.8005409999999529,"failureMessages":[],"meta":{},"tags":[]},{"ancestorTitles":["CreateIdentity"],"fullName":"CreateIdentity clipboard copy failure does not crash","status":"passed","title":"clipboard copy failure does not crash","duration":6.982291999999916,"failureMessages":[],"meta":{},"tags":[]},{"ancestorTitles":["CreateIdentity"],"fullName":"CreateIdentity does not submit passphrase if too short","status":"passed","title":"does not submit passphrase if too short","duration":9.985707999999931,"failureMessages":[],"meta":{},"tags":[]},{"ancestorTitles":["CreateIdentity"],"fullName":"CreateIdentity reads username from localStorage","status":"passed","title":"reads username from localStorage","duration":0.9537919999999076,"failureMessages":[],"meta":{},"tags":[]},{"ancestorTitles":["CreateIdentity"],"fullName":"CreateIdentity shows server address input in Tauri mode and allows typing","status":"passed","title":"shows server address input in Tauri mode and allows typing","duration":0.9687920000000076,"failureMessages":[],"meta":{},"tags":[]}],"startTime":1774942033659,"endTime":1774942033952.9688,"status":"passed","message":"","name":"/Users/thim/Repositories/slimcord/client/src/pages/CreateIdentity.test.tsx"},{"assertionResults":[{"ancestorTitles":["JoinTeam"],"fullName":"JoinTeam renders the join form","status":"passed","title":"renders the join form","duration":63.20762500000001,"failureMessages":[],"meta":{},"tags":[]},{"ancestorTitles":["JoinTeam"],"fullName":"JoinTeam renders server address input","status":"passed","title":"renders server address input","duration":1.81837500000006,"failureMessages":[],"meta":{},"tags":[]},{"ancestorTitles":["JoinTeam"],"fullName":"JoinTeam renders invite token input","status":"passed","title":"renders invite token input","duration":3.8819170000001577,"failureMessages":[],"meta":{},"tags":[]},{"ancestorTitles":["JoinTeam"],"fullName":"JoinTeam renders username input","status":"passed","title":"renders username input","duration":5.40825000000018,"failureMessages":[],"meta":{},"tags":[]},{"ancestorTitles":["JoinTeam"],"fullName":"JoinTeam renders display name input","status":"passed","title":"renders display name input","duration":2.4575419999998758,"failureMessages":[],"meta":{},"tags":[]},{"ancestorTitles":["JoinTeam"],"fullName":"JoinTeam shows back button that navigates back","status":"passed","title":"shows back button that navigates back","duration":5.970416999999998,"failureMessages":[],"meta":{},"tags":[]},{"ancestorTitles":["JoinTeam"],"fullName":"JoinTeam shows setup server link","status":"passed","title":"shows setup server link","duration":2.4555830000001606,"failureMessages":[],"meta":{},"tags":[]},{"ancestorTitles":["JoinTeam"],"fullName":"JoinTeam auto-fills server when arriving via invite link","status":"passed","title":"auto-fills server when arriving via invite link","duration":3.3730000000000473,"failureMessages":[],"meta":{},"tags":[]},{"ancestorTitles":["JoinTeam"],"fullName":"JoinTeam redirects to /app when authenticated with teams and no invite","status":"passed","title":"redirects to /app when authenticated with teams and no invite","duration":1.73762499999998,"failureMessages":[],"meta":{},"tags":[]},{"ancestorTitles":["JoinTeam"],"fullName":"JoinTeam shows error on failed invite check","status":"passed","title":"shows error on failed invite check","duration":521.3964589999998,"failureMessages":[],"meta":{},"tags":[]},{"ancestorTitles":["JoinTeam"],"fullName":"JoinTeam shows team info after successful invite check","status":"passed","title":"shows team info after successful invite check","duration":515.68325,"failureMessages":[],"meta":{},"tags":[]},{"ancestorTitles":["JoinTeam"],"fullName":"JoinTeam navigates to /app on successful join","status":"passed","title":"navigates to /app on successful join","duration":532.5131660000002,"failureMessages":[],"meta":{},"tags":[]},{"ancestorTitles":["JoinTeam"],"fullName":"JoinTeam shows offline icon when server is unreachable","status":"passed","title":"shows offline icon when server is unreachable","duration":519.1046249999999,"failureMessages":[],"meta":{},"tags":[]},{"ancestorTitles":["JoinTeam"],"fullName":"JoinTeam shows online icon when server responds ok","status":"passed","title":"shows online icon when server responds ok","duration":507.0323330000001,"failureMessages":[],"meta":{},"tags":[]},{"ancestorTitles":["JoinTeam"],"fullName":"JoinTeam navigates to /setup when setup link clicked","status":"passed","title":"navigates to /setup when setup link clicked","duration":3.338042000000314,"failureMessages":[],"meta":{},"tags":[]},{"ancestorTitles":["JoinTeam"],"fullName":"JoinTeam shows error when not authenticated (no derivedKey)","status":"passed","title":"shows error when not authenticated (no derivedKey)","duration":520.1066660000006,"failureMessages":[],"meta":{},"tags":[]},{"ancestorTitles":["JoinTeam"],"fullName":"JoinTeam shows invited by info when available","status":"passed","title":"shows invited by info when available","duration":512.7672920000005,"failureMessages":[],"meta":{},"tags":[]},{"ancestorTitles":["JoinTeam"],"fullName":"JoinTeam disables join button when server is not online","status":"passed","title":"disables join button when server is not online","duration":509.0768330000001,"failureMessages":[],"meta":{},"tags":[]},{"ancestorTitles":["JoinTeam"],"fullName":"JoinTeam shows display name input with localStorage default","status":"passed","title":"shows display name input with localStorage default","duration":3.5146249999997963,"failureMessages":[],"meta":{},"tags":[]},{"ancestorTitles":["JoinTeam"],"fullName":"JoinTeam redirects to create-identity when no identity exists and no derivedKey","status":"passed","title":"redirects to create-identity when no identity exists and no derivedKey","duration":55.36012500000015,"failureMessages":[],"meta":{},"tags":[]},{"ancestorTitles":["JoinTeam"],"fullName":"JoinTeam stores pending invite token in session storage before redirect","status":"passed","title":"stores pending invite token in session storage before redirect","duration":5.159583000000566,"failureMessages":[],"meta":{},"tags":[]},{"ancestorTitles":["JoinTeam"],"fullName":"JoinTeam handles join error from registration API","status":"passed","title":"handles join error from registration API","duration":523.6426670000001,"failureMessages":[],"meta":{},"tags":[]},{"ancestorTitles":["JoinTeam"],"fullName":"JoinTeam does nothing on check invite if server address is empty","status":"passed","title":"does nothing on check invite if server address is empty","duration":4.140292000000045,"failureMessages":[],"meta":{},"tags":[]},{"ancestorTitles":["JoinTeam"],"fullName":"JoinTeam normalizes server address without http prefix","status":"passed","title":"normalizes server address without http prefix","duration":511.69025000000056,"failureMessages":[],"meta":{},"tags":[]},{"ancestorTitles":["JoinTeam"],"fullName":"JoinTeam shows invite link auto-check for invite link with team info","status":"passed","title":"shows invite link auto-check for invite link with team info","duration":5.843791999999667,"failureMessages":[],"meta":{},"tags":[]},{"ancestorTitles":["JoinTeam"],"fullName":"JoinTeam handles join with team id in result that differs from tempId","status":"passed","title":"handles join with team id in result that differs from tempId","duration":521.0422919999992,"failureMessages":[],"meta":{},"tags":[]},{"ancestorTitles":["JoinTeam"],"fullName":"JoinTeam handles server health returning non-ok","status":"passed","title":"handles server health returning non-ok","duration":507.5430409999999,"failureMessages":[],"meta":{},"tags":[]},{"ancestorTitles":["JoinTeam"],"fullName":"JoinTeam clears server status when address is emptied","status":"passed","title":"clears server status when address is emptied","duration":1011.1389579999995,"failureMessages":[],"meta":{},"tags":[]},{"ancestorTitles":["JoinTeam"],"fullName":"JoinTeam auto-fills server from origin when arriving via invite link","status":"passed","title":"auto-fills server from origin when arriving via invite link","duration":2.949749999999767,"failureMessages":[],"meta":{},"tags":[]},{"ancestorTitles":["JoinTeam"],"fullName":"JoinTeam uploads identity blob on successful join","status":"passed","title":"uploads identity blob on successful join","duration":511.47137499999917,"failureMessages":[],"meta":{},"tags":[]},{"ancestorTitles":["JoinTeam"],"fullName":"JoinTeam handles identity blob upload failure gracefully","status":"passed","title":"handles identity blob upload failure gracefully","duration":510.5373749999999,"failureMessages":[],"meta":{},"tags":[]},{"ancestorTitles":["JoinTeam"],"fullName":"JoinTeam changes display name input value","status":"passed","title":"changes display name input value","duration":1.271667000000889,"failureMessages":[],"meta":{},"tags":[]}],"startTime":1774942032327,"endTime":1774942040734.2717,"status":"passed","message":"","name":"/Users/thim/Repositories/slimcord/client/src/pages/JoinTeam.test.tsx"},{"assertionResults":[{"ancestorTitles":["Login"],"fullName":"Login renders login page title","status":"passed","title":"renders login page title","duration":20.263582999999926,"failureMessages":[],"meta":{},"tags":[]},{"ancestorTitles":["Login"],"fullName":"Login renders inside PublicShell","status":"passed","title":"renders inside PublicShell","duration":2.607167000000004,"failureMessages":[],"meta":{},"tags":[]},{"ancestorTitles":["Login"],"fullName":"Login shows recover from server link","status":"passed","title":"shows recover from server link","duration":1.897874999999999,"failureMessages":[],"meta":{},"tags":[]},{"ancestorTitles":["Login"],"fullName":"Login shows delete identity option","status":"passed","title":"shows delete identity option","duration":2.059374999999932,"failureMessages":[],"meta":{},"tags":[]},{"ancestorTitles":["Login"],"fullName":"Login shows identity card when identity info is loaded","status":"passed","title":"shows identity card when identity info is loaded","duration":21.678249999999935,"failureMessages":[],"meta":{},"tags":[]},{"ancestorTitles":["Login"],"fullName":"Login shows passkey unlock button when identity exists","status":"passed","title":"shows passkey unlock button when identity exists","duration":3.364417000000003,"failureMessages":[],"meta":{},"tags":[]},{"ancestorTitles":["Login"],"fullName":"Login shows use recovery key button","status":"passed","title":"shows use recovery key button","duration":2.8401250000000573,"failureMessages":[],"meta":{},"tags":[]},{"ancestorTitles":["Login"],"fullName":"Login shows error on passkey unlock failure","status":"passed","title":"shows error on passkey unlock failure","duration":15.740458999999987,"failureMessages":[],"meta":{},"tags":[]},{"ancestorTitles":["Login"],"fullName":"Login shows loading state during passkey unlock","status":"passed","title":"shows loading state during passkey unlock","duration":8.352125000000001,"failureMessages":[],"meta":{},"tags":[]},{"ancestorTitles":["Login"],"fullName":"Login navigates to /app on successful passkey unlock with teams","status":"passed","title":"navigates to /app on successful passkey unlock with teams","duration":13.77150000000006,"failureMessages":[],"meta":{},"tags":[]},{"ancestorTitles":["Login"],"fullName":"Login shows recovery mode with input field when switching","status":"passed","title":"shows recovery mode with input field when switching","duration":4.4483750000000555,"failureMessages":[],"meta":{},"tags":[]},{"ancestorTitles":["Login"],"fullName":"Login shows back button in recovery mode","status":"passed","title":"shows back button in recovery mode","duration":2.9737499999999955,"failureMessages":[],"meta":{},"tags":[]},{"ancestorTitles":["Login"],"fullName":"Login shows cancel button during loading and cancels","status":"passed","title":"shows cancel button during loading and cancels","duration":9.950207999999975,"failureMessages":[],"meta":{},"tags":[]},{"ancestorTitles":["Login"],"fullName":"Login shows delete confirmation flow","status":"passed","title":"shows delete confirmation flow","duration":2.2716250000000855,"failureMessages":[],"meta":{},"tags":[]},{"ancestorTitles":["Login"],"fullName":"Login navigates to /recover when clicking recover link","status":"passed","title":"navigates to /recover when clicking recover link","duration":1.9257499999999936,"failureMessages":[],"meta":{},"tags":[]},{"ancestorTitles":["Login"],"fullName":"Login navigates to /join when no teams after successful unlock","status":"passed","title":"navigates to /join when no teams after successful unlock","duration":5.671208999999976,"failureMessages":[],"meta":{},"tags":[]},{"ancestorTitles":["Login"],"fullName":"Login switches to recovery mode when passkey fails with non-cancel error","status":"passed","title":"switches to recovery mode when passkey fails with non-cancel error","duration":7.223666999999978,"failureMessages":[],"meta":{},"tags":[]},{"ancestorTitles":["Login"],"fullName":"Login submits recovery key on Enter keydown","status":"passed","title":"submits recovery key on Enter keydown","duration":5.46716600000002,"failureMessages":[],"meta":{},"tags":[]},{"ancestorTitles":["Login"],"fullName":"Login shows legacy mode and redirects to recovery","status":"passed","title":"shows legacy mode and redirects to recovery","duration":1.622082999999975,"failureMessages":[],"meta":{},"tags":[]},{"ancestorTitles":["Login"],"fullName":"Login shows delete confirmation with Yes/Cancel flow","status":"passed","title":"shows delete confirmation with Yes/Cancel flow","duration":3.338958000000048,"failureMessages":[],"meta":{},"tags":[]},{"ancestorTitles":["Login"],"fullName":"Login handles delete identity action","status":"passed","title":"handles delete identity action","duration":61.546708999999964,"failureMessages":[],"meta":{},"tags":[]},{"ancestorTitles":["Login"],"fullName":"Login shows passphrase needed state when PRF not available","status":"passed","title":"shows passphrase needed state when PRF not available","duration":12.405292000000031,"failureMessages":[],"meta":{},"tags":[]},{"ancestorTitles":["Login"],"fullName":"Login handles passphrase unlock flow","status":"passed","title":"handles passphrase unlock flow","duration":11.75929199999996,"failureMessages":[],"meta":{},"tags":[]},{"ancestorTitles":["Login"],"fullName":"Login shows identity username when loaded","status":"passed","title":"shows identity username when loaded","duration":6.210291999999981,"failureMessages":[],"meta":{},"tags":[]},{"ancestorTitles":["Login"],"fullName":"Login recovery key unlock does nothing with empty input","status":"passed","title":"recovery key unlock does nothing with empty input","duration":5.857540999999969,"failureMessages":[],"meta":{},"tags":[]},{"ancestorTitles":["Login"],"fullName":"Login shows recovery key error on invalid recovery key","status":"passed","title":"shows recovery key error on invalid recovery key","duration":9.251500000000078,"failureMessages":[],"meta":{},"tags":[]},{"ancestorTitles":["Login"],"fullName":"Login legacy mode redirects to recovery with error message","status":"passed","title":"legacy mode redirects to recovery with error message","duration":5.611750000000029,"failureMessages":[],"meta":{},"tags":[]},{"ancestorTitles":["Login"],"fullName":"Login shows passphrase input and recovery link when PRF not supported","status":"passed","title":"shows passphrase input and recovery link when PRF not supported","duration":11.144207999999935,"failureMessages":[],"meta":{},"tags":[]},{"ancestorTitles":["Login"],"fullName":"Login passphrase unlock handles Enter key","status":"passed","title":"passphrase unlock handles Enter key","duration":16.24762499999997,"failureMessages":[],"meta":{},"tags":[]},{"ancestorTitles":["Login"],"fullName":"Login passphrase unlock shows error on failure","status":"passed","title":"passphrase unlock shows error on failure","duration":12.686958000000004,"failureMessages":[],"meta":{},"tags":[]},{"ancestorTitles":["Login"],"fullName":"Login passphrase unlock does nothing with empty input","status":"passed","title":"passphrase unlock does nothing with empty input","duration":8.336124999999925,"failureMessages":[],"meta":{},"tags":[]},{"ancestorTitles":["Login"],"fullName":"Login renders legacy mode with passphrase input and submits","status":"passed","title":"renders legacy mode with passphrase input and submits","duration":1.7906670000000986,"failureMessages":[],"meta":{},"tags":[]},{"ancestorTitles":["Login"],"fullName":"Login legacy mode submits passphrase and redirects to recovery","status":"passed","title":"legacy mode submits passphrase and redirects to recovery","duration":1.231708000000026,"failureMessages":[],"meta":{},"tags":[]},{"ancestorTitles":["Login"],"fullName":"Login shows countdown timer during loading state","status":"passed","title":"shows countdown timer during loading state","duration":6.916832999999997,"failureMessages":[],"meta":{},"tags":[]},{"ancestorTitles":["Login"],"fullName":"Login recovery key back button goes to passkey mode when keyVersion >= 2","status":"passed","title":"recovery key back button goes to passkey mode when keyVersion >= 2","duration":5.620625000000018,"failureMessages":[],"meta":{},"tags":[]},{"ancestorTitles":["Login"],"fullName":"Login recovery key back button goes to legacy mode when keyVersion < 2","status":"passed","title":"recovery key back button goes to legacy mode when keyVersion < 2","duration":1.2100410000000466,"failureMessages":[],"meta":{},"tags":[]},{"ancestorTitles":["Login"],"fullName":"Login shows identity card without username","status":"passed","title":"shows identity card without username","duration":3.044208000000026,"failureMessages":[],"meta":{},"tags":[]},{"ancestorTitles":["Login"],"fullName":"Login handles passphrase unlock navigating to /join when no teams","status":"passed","title":"handles passphrase unlock navigating to /join when no teams","duration":8.823041999999987,"failureMessages":[],"meta":{},"tags":[]},{"ancestorTitles":["Login"],"fullName":"Login handles recovery unlock navigating to /join when no teams","status":"passed","title":"handles recovery unlock navigating to /join when no teams","duration":7.958832999999913,"failureMessages":[],"meta":{},"tags":[]},{"ancestorTitles":["Login"],"fullName":"Login cancels passkey unlock and clears error","status":"passed","title":"cancels passkey unlock and clears error","duration":8.652833999999984,"failureMessages":[],"meta":{},"tags":[]},{"ancestorTitles":["Login"],"fullName":"Login identity info without servers does not show servers section","status":"passed","title":"identity info without servers does not show servers section","duration":2.1601670000000013,"failureMessages":[],"meta":{},"tags":[]},{"ancestorTitles":["Login"],"fullName":"Login legacy mode handler sets error and switches to recovery mode","status":"passed","title":"legacy mode handler sets error and switches to recovery mode","duration":1.4338749999999436,"failureMessages":[],"meta":{},"tags":[]},{"ancestorTitles":["Login"],"fullName":"Login legacy mode shows passphrase input, submits, and redirects to recovery","status":"passed","title":"legacy mode shows passphrase input, submits, and redirects to recovery","duration":1.0169590000000426,"failureMessages":[],"meta":{},"tags":[]},{"ancestorTitles":["Login"],"fullName":"Login onChange handler for legacy passphrase input works","status":"passed","title":"onChange handler for legacy passphrase input works","duration":1.441915999999992,"failureMessages":[],"meta":{},"tags":[]},{"ancestorTitles":["Login"],"fullName":"Login countdown timer decrements during loading state","status":"passed","title":"countdown timer decrements during loading state","duration":20.663542000000007,"failureMessages":[],"meta":{},"tags":[]},{"ancestorTitles":["Login"],"fullName":"Login shows error when passkey unlock finds no passkeys in IndexedDB","status":"passed","title":"shows error when passkey unlock finds no passkeys in IndexedDB","duration":6.2725410000000466,"failureMessages":[],"meta":{},"tags":[]}],"startTime":1774942033523,"endTime":1774942033901.2725,"status":"passed","message":"","name":"/Users/thim/Repositories/slimcord/client/src/pages/Login.test.tsx"},{"assertionResults":[{"ancestorTitles":["NotFound"],"fullName":"NotFound renders 404 heading","status":"passed","title":"renders 404 heading","duration":27.814708999999993,"failureMessages":[],"meta":{},"tags":[]},{"ancestorTitles":["NotFound"],"fullName":"NotFound shows description text","status":"passed","title":"shows description text","duration":1.9537500000000136,"failureMessages":[],"meta":{},"tags":[]},{"ancestorTitles":["NotFound"],"fullName":"NotFound navigates home on button click","status":"passed","title":"navigates home on button click","duration":16.895083999999997,"failureMessages":[],"meta":{},"tags":[]}],"startTime":1774942036656,"endTime":1774942036702.895,"status":"passed","message":"","name":"/Users/thim/Repositories/slimcord/client/src/pages/NotFound.test.tsx"},{"assertionResults":[{"ancestorTitles":["SetupAdmin"],"fullName":"SetupAdmin renders the setup form","status":"passed","title":"renders the setup form","duration":56.152124999999955,"failureMessages":[],"meta":{},"tags":[]},{"ancestorTitles":["SetupAdmin"],"fullName":"SetupAdmin renders bootstrap token input","status":"passed","title":"renders bootstrap token input","duration":1.8542909999999893,"failureMessages":[],"meta":{},"tags":[]},{"ancestorTitles":["SetupAdmin"],"fullName":"SetupAdmin renders team name input","status":"passed","title":"renders team name input","duration":7.789375000000064,"failureMessages":[],"meta":{},"tags":[]},{"ancestorTitles":["SetupAdmin"],"fullName":"SetupAdmin renders username input","status":"passed","title":"renders username input","duration":19.187415999999985,"failureMessages":[],"meta":{},"tags":[]},{"ancestorTitles":["SetupAdmin"],"fullName":"SetupAdmin renders display name input","status":"passed","title":"renders display name input","duration":11.23483299999998,"failureMessages":[],"meta":{},"tags":[]},{"ancestorTitles":["SetupAdmin"],"fullName":"SetupAdmin shows back button that navigates back","status":"passed","title":"shows back button that navigates back","duration":4.268958999999995,"failureMessages":[],"meta":{},"tags":[]},{"ancestorTitles":["SetupAdmin"],"fullName":"SetupAdmin disables setup button when fields are empty","status":"passed","title":"disables setup button when fields are empty","duration":25.170292000000018,"failureMessages":[],"meta":{},"tags":[]},{"ancestorTitles":["SetupAdmin"],"fullName":"SetupAdmin redirects to create-identity when no identity exists","status":"passed","title":"redirects to create-identity when no identity exists","duration":3.404792000000043,"failureMessages":[],"meta":{},"tags":[]},{"ancestorTitles":["SetupAdmin"],"fullName":"SetupAdmin submits setup and navigates on success","status":"passed","title":"submits setup and navigates on success","duration":65.272333,"failureMessages":[],"meta":{},"tags":[]},{"ancestorTitles":["SetupAdmin"],"fullName":"SetupAdmin updates input values on change","status":"passed","title":"updates input values on change","duration":5.028791999999953,"failureMessages":[],"meta":{},"tags":[]}],"startTime":1774942034586,"endTime":1774942034785.0288,"status":"passed","message":"","name":"/Users/thim/Repositories/slimcord/client/src/pages/SetupAdmin.test.tsx"},{"assertionResults":[{"ancestorTitles":["TeamSettings"],"fullName":"TeamSettings renders team settings in SettingsLayout","status":"passed","title":"renders team settings in SettingsLayout","duration":19.266334000000143,"failureMessages":[],"meta":{},"tags":[]},{"ancestorTitles":["TeamSettings"],"fullName":"TeamSettings renders team name input in overview","status":"passed","title":"renders team name input in overview","duration":3.2276670000001104,"failureMessages":[],"meta":{},"tags":[]},{"ancestorTitles":["TeamSettings"],"fullName":"TeamSettings renders description textarea in overview","status":"passed","title":"renders description textarea in overview","duration":1.9418339999999716,"failureMessages":[],"meta":{},"tags":[]},{"ancestorTitles":["TeamSettings"],"fullName":"TeamSettings renders save button in overview","status":"passed","title":"renders save button in overview","duration":7.087875000000167,"failureMessages":[],"meta":{},"tags":[]},{"ancestorTitles":["TeamSettings"],"fullName":"TeamSettings renders allow invites toggle in overview","status":"passed","title":"renders allow invites toggle in overview","duration":2.4299590000000535,"failureMessages":[],"meta":{},"tags":[]},{"ancestorTitles":["TeamSettings"],"fullName":"TeamSettings renders team name label in overview","status":"passed","title":"renders team name label in overview","duration":2.147959000000128,"failureMessages":[],"meta":{},"tags":[]},{"ancestorTitles":["TeamSettings"],"fullName":"TeamSettings renders description label in overview","status":"passed","title":"renders description label in overview","duration":1.9373749999999745,"failureMessages":[],"meta":{},"tags":[]},{"ancestorTitles":["TeamSettings"],"fullName":"TeamSettings navigates to /app on close","status":"passed","title":"navigates to /app on close","duration":3.1442080000001624,"failureMessages":[],"meta":{},"tags":[]},{"ancestorTitles":["TeamSettings"],"fullName":"TeamSettings switches to roles tab and shows roles list","status":"passed","title":"switches to roles tab and shows roles list","duration":17.593667000000096,"failureMessages":[],"meta":{},"tags":[]},{"ancestorTitles":["TeamSettings"],"fullName":"TeamSettings shows create role button in roles tab","status":"passed","title":"shows create role button in roles tab","duration":9.301167000000078,"failureMessages":[],"meta":{},"tags":[]},{"ancestorTitles":["TeamSettings"],"fullName":"TeamSettings shows default badge for default role","status":"passed","title":"shows default badge for default role","duration":2.8014170000001286,"failureMessages":[],"meta":{},"tags":[]},{"ancestorTitles":["TeamSettings"],"fullName":"TeamSettings shows role editor when a role is clicked","status":"passed","title":"shows role editor when a role is clicked","duration":5.698624999999993,"failureMessages":[],"meta":{},"tags":[]},{"ancestorTitles":["TeamSettings"],"fullName":"TeamSettings switches to members tab and shows member list","status":"passed","title":"switches to members tab and shows member list","duration":10.583791999999903,"failureMessages":[],"meta":{},"tags":[]},{"ancestorTitles":["TeamSettings"],"fullName":"TeamSettings shows member search input","status":"passed","title":"shows member search input",
[...]
rvice","WS voice:mute-update handler"],"fullName":"WebRTCService WS voice:mute-update handler updates peer mute and deafen state","status":"passed","title":"updates peer mute and deafen state","duration":0.31783299999983683,"failureMessages":[],"meta":{},"tags":[]},{"ancestorTitles":["WebRTCService","WS voice:screen-update handler"],"fullName":"WebRTCService WS voice:screen-update handler sets screen sharing user when sharing starts","status":"passed","title":"sets screen sharing user when sharing starts","duration":0.31275000000005093,"failureMessages":[],"meta":{},"tags":[]},{"ancestorTitles":["WebRTCService","WS voice:screen-update handler"],"fullName":"WebRTCService WS voice:screen-update handler clears screen sharing when sharing stops","status":"passed","title":"clears screen sharing when sharing stops","duration":1.177791999999954,"failureMessages":[],"meta":{},"tags":[]},{"ancestorTitles":["WebRTCService","WS voice:webcam-update handler"],"fullName":"WebRTCService WS voice:webcam-update handler updates peer webcam state on","status":"passed","title":"updates peer webcam state on","duration":0.4700840000000426,"failureMessages":[],"meta":{},"tags":[]},{"ancestorTitles":["WebRTCService","WS voice:webcam-update handler"],"fullName":"WebRTCService WS voice:webcam-update handler clears remote webcam stream when sharing stops","status":"passed","title":"clears remote webcam stream when sharing stops","duration":0.8280829999998787,"failureMessages":[],"meta":{},"tags":[]},{"ancestorTitles":["WebRTCService","screen sharing"],"fullName":"WebRTCService screen sharing startScreenShare throws when not connected","status":"passed","title":"startScreenShare throws when not connected","duration":0.6140000000000327,"failureMessages":[],"meta":{},"tags":[]},{"ancestorTitles":["WebRTCService","screen sharing"],"fullName":"WebRTCService screen sharing startScreenShare sets screen sharing state","status":"passed","title":"startScreenShare sets screen sharing state","duration":0.5975000000000819,"failureMessages":[],"meta":{},"tags":[]},{"ancestorTitles":["WebRTCService","screen sharing"],"fullName":"WebRTCService screen sharing startScreenShare throws when getDisplayMedia fails","status":"passed","title":"startScreenShare throws when getDisplayMedia fails","duration":2.7174589999999625,"failureMessages":[],"meta":{},"tags":[]},{"ancestorTitles":["WebRTCService","screen sharing"],"fullName":"WebRTCService screen sharing startScreenShare throws when no video track","status":"passed","title":"startScreenShare throws when no video track","duration":12.342791000000034,"failureMessages":[],"meta":{},"tags":[]},{"ancestorTitles":["WebRTCService","screen sharing"],"fullName":"WebRTCService screen sharing stopScreenShare cleans up","status":"passed","title":"stopScreenShare cleans up","duration":2.4403330000000096,"failureMessages":[],"meta":{},"tags":[]},{"ancestorTitles":["WebRTCService","webcam sharing"],"fullName":"WebRTCService webcam sharing startWebcam throws when not connected","status":"passed","title":"startWebcam throws when not connected","duration":0.7642919999998412,"failureMessages":[],"meta":{},"tags":[]},{"ancestorTitles":["WebRTCService","webcam sharing"],"fullName":"WebRTCService webcam sharing startWebcam sets webcam sharing state","status":"passed","title":"startWebcam sets webcam sharing state","duration":1.7646250000000236,"failureMessages":[],"meta":{},"tags":[]},{"ancestorTitles":["WebRTCService","webcam sharing"],"fullName":"WebRTCService webcam sharing startWebcam throws on access denied","status":"passed","title":"startWebcam throws on access denied","duration":1.7286659999999756,"failureMessages":[],"meta":{},"tags":[]},{"ancestorTitles":["WebRTCService","webcam sharing"],"fullName":"WebRTCService webcam sharing startWebcam throws when no video track","status":"passed","title":"startWebcam throws when no video track","duration":0.48308300000007875,"failureMessages":[],"meta":{},"tags":[]},{"ancestorTitles":["WebRTCService","webcam sharing"],"fullName":"WebRTCService webcam sharing stopWebcam cleans up","status":"passed","title":"stopWebcam cleans up","duration":0.49462500000004184,"failureMessages":[],"meta":{},"tags":[]},{"ancestorTitles":["WebRTCService","VAD"],"fullName":"WebRTCService VAD startVAD and stopVAD work without error","status":"passed","title":"startVAD and stopVAD work without error","duration":0.4309169999999085,"failureMessages":[],"meta":{},"tags":[]},{"ancestorTitles":["WebRTCService","handleOffer"],"fullName":"WebRTCService handleOffer returns answer when pc exists","status":"passed","title":"returns answer when pc exists","duration":0.38304100000004837,"failureMessages":[],"meta":{},"tags":[]},{"ancestorTitles":["WebRTCService","handleOffer"],"fullName":"WebRTCService handleOffer returns null when not connected","status":"passed","title":"returns null when not connected","duration":0.1486250000000382,"failureMessages":[],"meta":{},"tags":[]},{"ancestorTitles":["WebRTCService","handleICECandidate"],"fullName":"WebRTCService handleICECandidate adds candidate when pc exists","status":"passed","title":"adds candidate when pc exists","duration":0.2932499999999436,"failureMessages":[],"meta":{},"tags":[]},{"ancestorTitles":["WebRTCService","handleICECandidate"],"fullName":"WebRTCService handleICECandidate is a no-op when not connected","status":"passed","title":"is a no-op when not connected","duration":0.15566599999988284,"failureMessages":[],"meta":{},"tags":[]},{"ancestorTitles":["WebRTCService","setInputVolume"],"fullName":"WebRTCService setInputVolume sets gain node value when connected","status":"passed","title":"sets gain node value when connected","duration":0.2925000000000182,"failureMessages":[],"meta":{},"tags":[]},{"ancestorTitles":["WebRTCService","setInputVolume"],"fullName":"WebRTCService setInputVolume is a no-op when not connected","status":"passed","title":"is a no-op when not connected","duration":0.16204199999992852,"failureMessages":[],"meta":{},"tags":[]},{"ancestorTitles":["WebRTCService","onicecandidate callback"],"fullName":"WebRTCService onicecandidate callback sends ICE candidate to server","status":"passed","title":"sends ICE candidate to server","duration":0.3874160000000302,"failureMessages":[],"meta":{},"tags":[]},{"ancestorTitles":["WebRTCService","onicecandidate callback"],"fullName":"WebRTCService onicecandidate callback ignores null candidate (end-of-candidates)","status":"passed","title":"ignores null candidate (end-of-candidates)","duration":0.29204200000003766,"failureMessages":[],"meta":{},"tags":[]},{"ancestorTitles":["WebRTCService","e2eVoice state"],"fullName":"WebRTCService e2eVoice state sets e2eVoice to false when not supported","status":"passed","title":"sets e2eVoice to false when not supported","duration":0.2837080000001606,"failureMessages":[],"meta":{},"tags":[]},{"ancestorTitles":["WebRTCService","cleanup on disconnect"],"fullName":"WebRTCService cleanup on disconnect closes peer connection and clears state","status":"passed","title":"closes peer connection and clears state","duration":0.48170900000013717,"failureMessages":[],"meta":{},"tags":[]},{"ancestorTitles":["WebRTCService","cleanup on disconnect"],"fullName":"WebRTCService cleanup on disconnect stops screen and webcam streams","status":"passed","title":"stops screen and webcam streams","duration":0.4321669999999358,"failureMessages":[],"meta":{},"tags":[]},{"ancestorTitles":["WebRTCService","getRemoteStream"],"fullName":"WebRTCService getRemoteStream returns undefined for unknown userId","status":"passed","title":"returns undefined for unknown userId","duration":0.1366249999998672,"failureMessages":[],"meta":{},"tags":[]},{"ancestorTitles":["WebRTCService","ontrack handler"],"fullName":"WebRTCService ontrack handler handles audio track from remote peer","status":"passed","title":"handles audio track from remote peer","duration":8.841250000000173,"failureMessages":[],"meta":{},"tags":[]},{"ancestorTitles":["WebRTCService","ontrack handler"],"fullName":"WebRTCService ontrack handler handles video track for screen share","status":"passed","title":"handles video track for screen share","duration":0.8722909999999047,"failureMessages":[],"meta":{},"tags":[]},{"ancestorTitles":["WebRTCService","ontrack handler"],"fullName":"WebRTCService ontrack handler handles video track for webcam share","status":"passed","title":"handles video track for webcam share","duration":0.5563750000001164,"failureMessages":[],"meta":{},"tags":[]},{"ancestorTitles":["WebRTCService","ontrack handler"],"fullName":"WebRTCService ontrack handler handles track without streams (fallback)","status":"passed","title":"handles track without streams (fallback)","duration":2.227041999999983,"failureMessages":[],"meta":{},"tags":[]},{"ancestorTitles":["WebRTCService","screen share track ended handler"],"fullName":"WebRTCService screen share track ended handler auto-stops screen sharing when track ends","status":"passed","title":"auto-stops screen sharing when track ends","duration":1.4085000000000036,"failureMessages":[],"meta":{},"tags":[]},{"ancestorTitles":["WebRTCService","webcam track ended handler"],"fullName":"WebRTCService webcam track ended handler auto-stops webcam when track ends","status":"passed","title":"auto-stops webcam when track ends","duration":1.1310000000000855,"failureMessages":[],"meta":{},"tags":[]},{"ancestorTitles":["WebRTCService","push to talk"],"fullName":"WebRTCService push to talk mutes mic initially when PTT is enabled","status":"passed","title":"mutes mic initially when PTT is enabled","duration":1.0373749999998836,"failureMessages":[],"meta":{},"tags":[]},{"ancestorTitles":["WebRTCService","push to talk"],"fullName":"WebRTCService push to talk unmutes on key down and mutes on key up","status":"passed","title":"unmutes on key down and mutes on key up","duration":1.1316659999999956,"failureMessages":[],"meta":{},"tags":[]},{"ancestorTitles":["WebRTCService","push to talk"],"fullName":"WebRTCService push to talk ignores non-PTT keys","status":"passed","title":"ignores non-PTT keys","duration":0.7543749999999818,"failureMessages":[],"meta":{},"tags":[]},{"ancestorTitles":["WebRTCService","store subscriptions"],"fullName":"WebRTCService store subscriptions updates gain when input volume changes","status":"passed","title":"updates gain when input volume changes","duration":0.4488340000000335,"failureMessages":[],"meta":{},"tags":[]},{"ancestorTitles":["WebRTCService","store subscriptions"],"fullName":"WebRTCService store subscriptions updates speaker volume when output volume changes","status":"passed","title":"updates speaker volume when output volume changes","duration":0.6890829999999823,"failureMessages":[],"meta":{},"tags":[]},{"ancestorTitles":["WebRTCService","VAD with analyser"],"fullName":"WebRTCService VAD with analyser starts and runs VAD timer","status":"passed","title":"starts and runs VAD timer","duration":0.6644579999999678,"failureMessages":[],"meta":{},"tags":[]},{"ancestorTitles":["WebRTCService","VAD with analyser"],"fullName":"WebRTCService VAD with analyser startVAD is no-op without local stream","status":"passed","title":"startVAD is no-op without local stream","duration":0.24079199999982848,"failureMessages":[],"meta":{},"tags":[]},{"ancestorTitles":["WebRTCService","VAD with analyser"],"fullName":"WebRTCService VAD with analyser VAD timer detects speaking and updates local level","status":"passed","title":"VAD timer detects speaking and updates local level","duration":1.3636659999999665,"failureMessages":[],"meta":{},"tags":[]},{"ancestorTitles":["WebRTCService","VAD with analyser"],"fullName":"WebRTCService VAD with analyser VAD timer detects speaking transition","status":"passed","title":"VAD timer detects speaking transition","duration":0.6837920000000395,"failureMessages":[],"meta":{},"tags":[]},{"ancestorTitles":["WebRTCService","remote VAD"],"fullName":"WebRTCService remote VAD updates peer speaking state when remote audio exceeds threshold","status":"passed","title":"updates peer speaking state when remote audio exceeds threshold","duration":0.563083000000006,"failureMessages":[],"meta":{},"tags":[]},{"ancestorTitles":["WebRTCService","remote VAD"],"fullName":"WebRTCService remote VAD does not start twice if already running","status":"passed","title":"does not start twice if already running","duration":0.30283299999996416,"failureMessages":[],"meta":{},"tags":[]},{"ancestorTitles":["WebRTCService","screen sharing edge cases"],"fullName":"WebRTCService screen sharing edge cases startScreenShare throws when getDisplayMedia is not supported","status":"passed","title":"startScreenShare throws when getDisplayMedia is not supported","duration":0.5933340000001408,"failureMessages":[],"meta":{},"tags":[]},{"ancestorTitles":["WebRTCService","screen sharing edge cases"],"fullName":"WebRTCService screen sharing edge cases stopScreenShare is safe when no screen stream","status":"passed","title":"stopScreenShare is safe when no screen stream","duration":0.979457999999795,"failureMessages":[],"meta":{},"tags":[]},{"ancestorTitles":["WebRTCService","screen sharing edge cases"],"fullName":"WebRTCService screen sharing edge cases stopWebcam is safe when no webcam stream","status":"passed","title":"stopWebcam is safe when no webcam stream","duration":1.480583999999908,"failureMessages":[],"meta":{},"tags":[]},{"ancestorTitles":["WebRTCService","ICE candidate from local PC"],"fullName":"WebRTCService ICE candidate from local PC sends ICE candidate when channelId and teamId are set","status":"passed","title":"sends ICE candidate when channelId and teamId are set","duration":0.4414999999999054,"failureMessages":[],"meta":{},"tags":[]},{"ancestorTitles":["WebRTCService","PTT subscription"],"fullName":"WebRTCService PTT subscription re-enables mic when PTT is disabled while connected","status":"passed","title":"re-enables mic when PTT is disabled while connected","duration":10.158292000000074,"failureMessages":[],"meta":{},"tags":[]},{"ancestorTitles":["WebRTCService","WS voice:mute-update handler"],"fullName":"WebRTCService WS voice:mute-update handler updates peer mute/deafen state","status":"passed","title":"updates peer mute/deafen state","duration":1.2571250000000873,"failureMessages":[],"meta":{},"tags":[]},{"ancestorTitles":["WebRTCService","WS voice:screen-update handler"],"fullName":"WebRTCService WS voice:screen-update handler updates peer screen sharing state","status":"passed","title":"updates peer screen sharing state","duration":0.4055839999998625,"failureMessages":[],"meta":{},"tags":[]},{"ancestorTitles":["WebRTCService","WS voice:webcam-update handler"],"fullName":"WebRTCService WS voice:webcam-update handler updates peer webcam sharing state","status":"passed","title":"updates peer webcam sharing state","duration":0.3110420000000431,"failureMessages":[],"meta":{},"tags":[]},{"ancestorTitles":["WebRTCService","WS voice:key-distribute handler"],"fullName":"WebRTCService WS voice:key-distribute handler ignores key distribution when E2E is not enabled","status":"passed","title":"ignores key distribution when E2E is not enabled","duration":0.37829199999987395,"failureMessages":[],"meta":{},"tags":[]},{"ancestorTitles":["WebRTCService","handleOffer"],"fullName":"WebRTCService handleOffer returns null when not connected","status":"passed","title":"returns null when not connected","duration":0.13345799999979135,"failureMessages":[],"meta":{},"tags":[]},{"ancestorTitles":["WebRTCService","handleOffer"],"fullName":"WebRTCService handleOffer creates answer when connected","status":"passed","title":"creates answer when connected","duration":0.2744999999999891,"failureMessages":[],"meta":{},"tags":[]},{"ancestorTitles":["WebRTCService","handleICECandidate"],"fullName":"WebRTCService handleICECandidate does nothing when not connected","status":"passed","title":"does nothing when not connected","duration":0.16670799999997143,"failureMessages":[],"meta":{},"tags":[]},{"ancestorTitles":["WebRTCService","handleICECandidate"],"fullName":"WebRTCService handleICECandidate adds candidate when connected","status":"passed","title":"adds candidate when connected","duration":0.2786670000000413,"failureMessages":[],"meta":{},"tags":[]},{"ancestorTitles":["WebRTCService","setInputVolume"],"fullName":"WebRTCService setInputVolume sets gain node value when connected","status":"passed","title":"sets gain node value when connected","duration":0.3968330000000151,"failureMessages":[],"meta":{},"tags":[]},{"ancestorTitles":["WebRTCService","setInputVolume"],"fullName":"WebRTCService setInputVolume does nothing when not connected","status":"passed","title":"does nothing when not connected","duration":0.15316699999993943,"failureMessages":[],"meta":{},"tags":[]},{"ancestorTitles":["WebRTCService","toggleMute edge cases"],"fullName":"WebRTCService toggleMute edge cases returns false when toggleMute called with PTT enabled","status":"passed","title":"returns false when toggleMute called with PTT enabled","duration":0.4416670000000522,"failureMessages":[],"meta":{},"tags":[]},{"ancestorTitles":["WebRTCService","E2E voice encryption"],"fullName":"WebRTCService E2E voice encryption sets up E2E encryption when supported","status":"passed","title":"sets up E2E encryption when supported","duration":0.7566659999999956,"failureMessages":[],"meta":{},"tags":[]},{"ancestorTitles":["WebRTCService","E2E voice encryption"],"fullName":"WebRTCService E2E voice encryption distributes voice key when peer joins","status":"passed","title":"distributes voice key when peer joins","duration":53.392249999999876,"failureMessages":[],"meta":{},"tags":[]},{"ancestorTitles":["WebRTCService","E2E voice encryption"],"fullName":"WebRTCService E2E voice encryption distributeVoiceKey skips when rawKey is null","status":"passed","title":"distributeVoiceKey skips when rawKey is null","duration":0.7133340000000317,"failureMessages":[],"meta":{},"tags":[]},{"ancestorTitles":["WebRTCService","E2E voice encryption"],"fullName":"WebRTCService E2E voice encryption handles received voice key when E2E enabled","status":"passed","title":"handles received voice key when E2E enabled","duration":11.18708300000003,"failureMessages":[],"meta":{},"tags":[]},{"ancestorTitles":["WebRTCService","E2E voice encryption"],"fullName":"WebRTCService E2E voice encryption distributeVoiceKey warns when derivedKey is missing","status":"passed","title":"distributeVoiceKey warns when derivedKey is missing","duration":52.424749999999904,"failureMessages":[],"meta":{},"tags":[]},{"ancestorTitles":["WebRTCService","E2E voice encryption"],"fullName":"WebRTCService E2E voice encryption handleReceivedVoiceKey decrypts via Signal Protocol when derivedKey is set","status":"passed","title":"handleReceivedVoiceKey decrypts via Signal Protocol when derivedKey is set","duration":52.07933299999968,"failureMessages":[],"meta":{},"tags":[]},{"ancestorTitles":["WebRTCService","E2E voice encryption"],"fullName":"WebRTCService E2E voice encryption handleReceivedVoiceKey falls back on decrypt failure","status":"passed","title":"handleReceivedVoiceKey falls back on decrypt failure","duration":53.517959000000246,"failureMessages":[],"meta":{},"tags":[]},{"ancestorTitles":["WebRTCService","disconnect E2E cleanup"],"fullName":"WebRTCService disconnect E2E cleanup terminates encrypt worker if present","status":"passed","title":"terminates encrypt worker if present","duration":0.925499999999829,"failureMessages":[],"meta":{},"tags":[]},{"ancestorTitles":["WebRTCService","disconnect E2E cleanup"],"fullName":"WebRTCService disconnect E2E cleanup terminates decrypt workers if present","status":"passed","title":"terminates decrypt workers if present","duration":0.41870799999969677,"failureMessages":[],"meta":{},"tags":[]}],"startTime":1774942032366,"endTime":1774942032793.9255,"status":"passed","message":"","name":"/Users/thim/Repositories/slimcord/client/src/services/webrtc/WebRTCService.test.ts"}]}