{"/Users/thim/Repositories/slimcord/client/src/components/ConnectionStatus/ConnectionStatus.css": {"path":"/Users/thim/Repositories/slimcord/client/src/components/ConnectionStatus/ConnectionStatus.css","statementMap":{},"fnMap":{},"branchMap":{},"s":{},"f":{},"b":{},"meta":{"lastBranch":0,"lastFunction":0,"lastStatement":0,"seen":{}}}
,"/Users/thim/Repositories/slimcord/client/src/components/ConnectionStatus/ConnectionStatus.tsx": {"path":"/Users/thim/Repositories/slimcord/client/src/components/ConnectionStatus/ConnectionStatus.tsx","statementMap":{"0":{"start":{"line":14,"column":22},"end":{"line":14,"column":null}},"1":{"start":{"line":17,"column":2},"end":{"line":17,"column":null}},"2":{"start":{"line":17,"column":20},"end":{"line":17,"column":null}},"3":{"start":{"line":18,"column":2},"end":{"line":18,"column":null}},"4":{"start":{"line":18,"column":24},"end":{"line":18,"column":null}},"5":{"start":{"line":19,"column":2},"end":{"line":19,"column":null}},"6":{"start":{"line":19,"column":20},"end":{"line":19,"column":null}},"7":{"start":{"line":20,"column":2},"end":{"line":20,"column":null}},"8":{"start":{"line":20,"column":21},"end":{"line":20,"column":null}},"9":{"start":{"line":21,"column":2},"end":{"line":21,"column":null}},"10":{"start":{"line":25,"column":2},"end":{"line":30,"column":null}},"11":{"start":{"line":26,"column":22},"end":{"line":26,"column":null}},"12":{"start":{"line":27,"column":17},"end":{"line":27,"column":null}},"13":{"start":{"line":28,"column":17},"end":{"line":28,"column":null}},"14":{"start":{"line":29,"column":25},"end":{"line":29,"column":null}},"15":{"start":{"line":34,"column":2},"end":{"line":39,"column":null}},"16":{"start":{"line":35,"column":22},"end":{"line":35,"column":null}},"17":{"start":{"line":36,"column":17},"end":{"line":36,"column":null}},"18":{"start":{"line":37,"column":17},"end":{"line":37,"column":null}},"19":{"start":{"line":38,"column":25},"end":{"line":38,"column":null}},"20":{"start":{"line":43,"column":23},"end":{"line":43,"column":null}},"21":{"start":{"line":44,"column":24},"end":{"line":48,"column":null}},"22":{"start":{"line":49,"column":36},"end":{"line":49,"column":null}},"23":{"start":{"line":50,"column":8},"end":{"line":50,"column":null}},"24":{"start":{"line":52,"column":8},"end":{"line":73,"column":null}},"25":{"start":{"line":53,"column":4},"end":{"line":53,"column":null}},"26":{"start":{"line":53,"column":23},"end":{"line":53,"column":null}},"27":{"start":{"line":54,"column":4},"end":{"line":57,"column":null}},"28":{"start":{"line":55,"column":6},"end":{"line":55,"column":null}},"29":{"start":{"line":55,"column":24},"end":{"line":55,"column":96}},"30":{"start":{"line":56,"column":6},"end":{"line":56,"column":null}},"31":{"start":{"line":58,"column":4},"end":{"line":72,"column":null}},"32":{"start":{"line":59,"column":22},"end":{"line":59,"column":null}},"33":{"start":{"line":60,"column":6},"end":{"line":64,"column":null}},"34":{"start":{"line":66,"column":6},"end":{"line":71,"column":null}},"35":{"start":{"line":66,"column":24},"end":{"line":71,"column":8}},"36":{"start":{"line":76,"column":2},"end":{"line":86,"column":null}},"37":{"start":{"line":77,"column":24},"end":{"line":79,"column":null}},"38":{"start":{"line":78,"column":6},"end":{"line":78,"column":null}},"39":{"start":{"line":78,"column":24},"end":{"line":78,"column":96}},"40":{"start":{"line":80,"column":27},"end":{"line":82,"column":null}},"41":{"start":{"line":81,"column":6},"end":{"line":81,"column":null}},"42":{"start":{"line":83,"column":19},"end":{"line":83,"column":null}},"43":{"start":{"line":84,"column":19},"end":{"line":84,"column":null}},"44":{"start":{"line":85,"column":4},"end":{"line":85,"column":null}},"45":{"start":{"line":85,"column":19},"end":{"line":85,"column":29}},"46":{"start":{"line":85,"column":29},"end":{"line":85,"column":39}},"47":{"start":{"line":89,"column":2},"end":{"line":96,"column":null}},"48":{"start":{"line":90,"column":15},"end":{"line":90,"column":null}},"49":{"start":{"line":91,"column":4},"end":{"line":91,"column":null}},"50":{"start":{"line":92,"column":4},"end":{"line":95,"column":null}},"51":{"start":{"line":93,"column":6},"end":{"line":93,"column":null}},"52":{"start":{"line":94,"column":6},"end":{"line":94,"column":null}},"53":{"start":{"line":98,"column":15},"end":{"line":98,"column":null}},"54":{"start":{"line":99,"column":16},"end":{"line":99,"column":null}},"55":{"start":{"line":101,"column":2},"end":{"line":135,"column":null}},"56":{"start":{"line":104,"column":26},"end":{"line":104,"column":null}},"57":{"start":{"line":105,"column":26},"end":{"line":105,"column":null}},"58":{"start":{"line":109,"column":10},"end":{"line":112,"column":null}}},"fnMap":{"0":{"name":"getQuality","decl":{"start":{"line":16,"column":9},"end":{"line":16,"column":20}},"loc":{"start":{"line":16,"column":75},"end":{"line":22,"column":null}},"line":16},"1":{"name":"qualityLabel","decl":{"start":{"line":24,"column":9},"end":{"line":24,"column":22}},"loc":{"start":{"line":24,"column":42},"end":{"line":31,"column":null}},"line":24},"2":{"name":"qualityBars","decl":{"start":{"line":33,"column":9},"end":{"line":33,"column":21}},"loc":{"start":{"line":33,"column":41},"end":{"line":40,"column":null}},"line":33},"3":{"name":"ConnectionStatus","decl":{"start":{"line":42,"column":24},"end":{"line":42,"column":43}},"loc":{"start":{"line":42,"column":43},"end":{"line":137,"column":null}},"line":42},"4":{"name":"(anonymous_4)","decl":{"start":{"line":52,"column":33},"end":{"line":52,"column":45}},"loc":{"start":{"line":52,"column":45},"end":{"line":73,"column":5}},"line":52},"5":{"name":"(anonymous_5)","decl":{"start":{"line":55,"column":15},"end":{"line":55,"column":24}},"loc":{"start":{"line":55,"column":24},"end":{"line":55,"column":96}},"line":55},"6":{"name":"(anonymous_6)","decl":{"start":{"line":66,"column":15},"end":{"line":66,"column":24}},"loc":{"start":{"line":66,"column":24},"end":{"line":71,"column":8}},"line":66},"7":{"name":"(anonymous_7)","decl":{"start":{"line":76,"column":12},"end":{"line":76,"column":18}},"loc":{"start":{"line":76,"column":18},"end":{"line":86,"column":5}},"line":76},"8":{"name":"(anonymous_8)","decl":{"start":{"line":77,"column":24},"end":{"line":77,"column":30}},"loc":{"start":{"line":77,"column":30},"end":{"line":79,"column":null}},"line":77},"9":{"name":"(anonymous_9)","decl":{"start":{"line":78,"column":15},"end":{"line":78,"column":24}},"loc":{"start":{"line":78,"column":24},"end":{"line":78,"column":96}},"line":78},"10":{"name":"(anonymous_10)","decl":{"start":{"line":80,"column":27},"end":{"line":80,"column":33}},"loc":{"start":{"line":80,"column":33},"end":{"line":82,"column":null}},"line":80},"11":{"name":"(anonymous_11)","decl":{"start":{"line":85,"column":11},"end":{"line":85,"column":17}},"loc":{"start":{"line":85,"column":17},"end":{"line":85,"column":null}},"line":85},"12":{"name":"(anonymous_12)","decl":{"start":{"line":89,"column":12},"end":{"line":89,"column":18}},"loc":{"start":{"line":89,"column":18},"end":{"line":96,"column":5}},"line":89},"13":{"name":"(anonymous_13)","decl":{"start":{"line":92,"column":11},"end":{"line":92,"column":17}},"loc":{"start":{"line":92,"column":17},"end":{"line":95,"column":null}},"line":92},"14":{"name":"(anonymous_14)","decl":{"start":{"line":104,"column":20},"end":{"line":104,"column":26}},"loc":{"start":{"line":104,"column":26},"end":{"line":104,"column":null}},"line":104},"15":{"name":"(anonymous_15)","decl":{"start":{"line":105,"column":20},"end":{"line":105,"column":26}},"loc":{"start":{"line":105,"column":26},"end":{"line":105,"column":null}},"line":105},"16":{"name":"(anonymous_16)","decl":{"start":{"line":108,"column":26},"end":{"line":108,"column":null}},"loc":{"start":{"line":109,"column":10},"end":{"line":112,"column":null}},"line":109}},"branchMap":{"0":{"loc":{"start":{"line":17,"column":2},"end":{"line":17,"column":null}},"type":"if","locations":[{"start":{"line":17,"column":2},"end":{"line":17,"column":null}},{"start":{},"end":{}}],"line":17},"1":{"loc":{"start":{"line":18,"column":2},"end":{"line":18,"column":null}},"type":"if","locations":[{"start":{"line":18,"column":2},"end":{"line":18,"column":null}},{"start":{},"end":{}}],"line":18},"2":{"loc":{"start":{"line":19,"column":2},"end":{"line":19,"column":null}},"type":"if","locations":[{"start":{"line":19,"column":2},"end":{"line":19,"column":null}},{"start":{},"end":{}}],"line":19},"3":{"loc":{"start":{"line":20,"column":2},"end":{"line":20,"column":null}},"type":"if","locations":[{"start":{"line":20,"column":2},"end":{"line":20,"column":null}},{"start":{},"end":{}}],"line":20},"4":{"loc":{"start":{"line":25,"column":2},"end":{"line":30,"column":null}},"type":"switch","locations":[{"start":{"line":26,"column":4},"end":{"line":26,"column":null}},{"start":{"line":27,"column":4},"end":{"line":27,"column":null}},{"start":{"line":28,"column":4},"end":{"line":28,"column":null}},{"start":{"line":29,"column":4},"end":{"line":29,"column":null}}],"line":25},"5":{"loc":{"start":{"line":34,"column":2},"end":{"line":39,"column":null}},"type":"switch","locations":[{"start":{"line":35,"column":4},"end":{"line":35,"column":null}},{"start":{"line":36,"column":4},"end":{"line":36,"column":null}},{"start":{"line":37,"column":4},"end":{"line":37,"column":null}},{"start":{"line":38,"column":4},"end":{"line":38,"column":null}}],"line":34},"6":{"loc":{"start":{"line":53,"column":4},"end":{"line":53,"column":null}},"type":"if","locations":[{"start":{"line":53,"column":4},"end":{"line":53,"column":null}},{"start":{},"end":{}}],"line":53},"7":{"loc":{"start":{"line":54,"column":4},"end":{"line":57,"column":null}},"type":"if","locations":[{"start":{"line":54,"column":4},"end":{"line":57,"column":null}},{"start":{},"end":{}}],"line":54},"8":{"loc":{"start":{"line":70,"column":17},"end":{"line":70,"column":null}},"type":"cond-expr","locations":[{"start":{"line":70,"column":48},"end":{"line":70,"column":57}},{"start":{"line":70,"column":57},"end":{"line":70,"column":null}}],"line":70},"9":{"loc":{"start":{"line":111,"column":78},"end":{"line":111,"column":103}},"type":"cond-expr","locations":[{"start":{"line":111,"column":90},"end":{"line":111,"column":101}},{"start":{"line":111,"column":101},"end":{"line":111,"column":103}}],"line":111},"10":{"loc":{"start":{"line":116,"column":7},"end":{"line":133,"column":null}},"type":"binary-expr","locations":[{"start":{"line":116,"column":7},"end":{"line":116,"column":null}},{"start":{"line":117,"column":8},"end":{"line":133,"column":null}}],"line":116},"11":{"loc":{"start":{"line":127,"column":19},"end":{"line":127,"column":72}},"type":"cond-expr","locations":[{"start":{"line":127,"column":44},"end":{"line":127,"column":68}},{"start":{"line":127,"column":68},"end":{"line":127,"column":72}}],"line":127},"12":{"loc":{"start":{"line":131,"column":19},"end":{"line":131,"column":68}},"type":"cond-expr","locations":[{"start":{"line":131,"column":39},"end":{"line":131,"column":53}},{"start":{"line":131,"column":53},"end":{"line":131,"column":68}}],"line":131}},"s":{"0":1,"1":0,"2":0,"3":0,"4":0,"5":0,"6":0,"7":0,"8":0,"9":0,"10":13,"11":0,"12":0,"13":0,"14":13,"15":13,"16":0,"17":0,"18":0,"19":13,"20":13,"21":13,"22":13,"23":13,"24":13,"25":0,"26":0,"27":0,"28":0,"29":0,"30":0,"31":0,"32":0,"33":0,"34":0,"35":0,"36":13,"37":8,"38":0,"39":0,"40":8,"41":0,"42":8,"43":8,"44":8,"45":8,"46":8,"47":13,"48":8,"49":8,"50":8,"51":8,"52":8,"53":13,"54":13,"55":13,"56":4,"57":1,"58":52},"f":{"0":0,"1":13,"2":13,"3":13,"4":0,"5":0,"6":0,"7":8,"8":0,"9":0,"10":0,"11":8,"12":8,"13":8,"14":4,"15":1,"16":52},"b":{"0":[0,0],"1":[0,0],"2":[0,0],"3":[0,0],"4":[0,0,0,13],"5":[0,0,0,13],"6":[0,0],"7":[0,0],"8":[0,0],"9":[0,52],"10":[13,4],"11":[0,4],"12":[0,4]},"meta":{"lastBranch":13,"lastFunction":17,"lastStatement":59,"seen":{"s:14:22:14:Infinity":0,"f:16:9:16:20":0,"b:17:2:17:Infinity:undefined:undefined:undefined:undefined":0,"s:17:2:17:Infinity":1,"s:17:20:17:Infinity":2,"b:18:2:18:Infinity:undefined:undefined:undefined:undefined":1,"s:18:2:18:Infinity":3,"s:18:24:18:Infinity":4,"b:19:2:19:Infinity:undefined:undefined:undefined:undefined":2,"s:19:2:19:Infinity":5,"s:19:20:19:Infinity":6,"b:20:2:20:Infinity:undefined:undefined:undefined:undefined":3,"s:20:2:20:Infinity":7,"s:20:21:20:Infinity":8,"s:21:2:21:Infinity":9,"f:24:9:24:22":1,"b:26:4:26:Infinity:27:4:27:Infinity:28:4:28:Infinity:29:4:29:Infinity":4,"s:25:2:30:Infinity":10,"s:26:22:26:Infinity":11,"s:27:17:27:Infinity":12,"s:28:17:28:Infinity":13,"s:29:25:29:Infinity":14,"f:33:9:33:21":2,"b:35:4:35:Infinity:36:4:36:Infinity:37:4:37:Infinity:38:4:38:Infinity":5,"s:34:2:39:Infinity":15,"s:35:22:35:Infinity":16,"s:36:17:36:Infinity":17,"s:37:17:37:Infinity":18,"s:38:25:38:Infinity":19,"f:42:24:42:43":3,"s:43:23:43:Infinity":20,"s:44:24:48:Infinity":21,"s:49:36:49:Infinity":22,"s:50:8:50:Infinity":23,"s:52:8:73:Infinity":24,"f:52:33:52:45":4,"b:53:4:53:Infinity:undefined:undefined:undefined:undefined":6,"s:53:4:53:Infinity":25,"s:53:23:53:Infinity":26,"b:54:4:57:Infinity:undefined:undefined:undefined:undefined":7,"s:54:4:57:Infinity":27,"s:55:6:55:Infinity":28,"f:55:15:55:24":5,"s:55:24:55:96":29,"s:56:6:56:Infinity":30,"s:58:4:72:Infinity":31,"s:59:22:59:Infinity":32,"s:60:6:64:Infinity":33,"s:66:6:71:Infinity":34,"f:66:15:66:24":6,"s:66:24:71:8":35,"b:70:48:70:57:70:57:70:Infinity":8,"s:76:2:86:Infinity":36,"f:76:12:76:18":7,"s:77:24:79:Infinity":37,"f:77:24:77:30":8,"s:78:6:78:Infinity":38,"f:78:15:78:24":9,"s:78:24:78:96":39,"s:80:27:82:Infinity":40,"f:80:27:80:33":10,"s:81:6:81:Infinity":41,"s:83:19:83:Infinity":42,"s:84:19:84:Infinity":43,"s:85:4:85:Infinity":44,"f:85:11:85:17":11,"s:85:19:85:29":45,"s:85:29:85:39":46,"s:89:2:96:Infinity":47,"f:89:12:89:18":12,"s:90:15:90:Infinity":48,"s:91:4:91:Infinity":49,"s:92:4:95:Infinity":50,"f:92:11:92:17":13,"s:93:6:93:Infinity":51,"s:94:6:94:Infinity":52,"s:98:15:98:Infinity":53,"s:99:16:99:Infinity":54,"s:101:2:135:Infinity":55,"f:104:20:104:26":14,"s:104:26:104:Infinity":56,"f:105:20:105:26":15,"s:105:26:105:Infinity":57,"f:108:26:108:Infinity":16,"s:109:10:112:Infinity":58,"b:111:90:111:101:111:101:111:103":9,"b:116:7:116:Infinity:117:8:133:Infinity":10,"b:127:44:127:68:127:68:127:72":11,"b:131:39:131:53:131:53:131:68":12}}}
,"/Users/thim/Repositories/slimcord/client/src/components/DMView/DMView.css": {"path":"/Users/thim/Repositories/slimcord/client/src/components/DMView/DMView.css","statementMap":{},"fnMap":{},"branchMap":{},"s":{},"f":{},"b":{},"meta":{"lastBranch":0,"lastFunction":0,"lastStatement":0,"seen":{}}}
,"/Users/thim/Repositories/slimcord/client/src/components/DMView/DMView.tsx": {"path":"/Users/thim/Repositories/slimcord/client/src/components/DMView/DMView.tsx","statementMap":{"0":{"start":{"line":15,"column":21},"end":{"line":15,"column":null}},"1":{"start":{"line":33,"column":2},"end":{"line":46,"column":null}},"2":{"start":{"line":56,"column":12},"end":{"line":56,"column":null}},"3":{"start":{"line":57,"column":23},"end":{"line":57,"column":null}},"4":{"start":{"line":58,"column":21},"end":{"line":58,"column":null}},"5":{"start":{"line":59,"column":135},"end":{"line":60,"column":null}},"6":{"start":{"line":61,"column":42},"end":{"line":61,"column":null}},"7":{"start":{"line":62,"column":8},"end":{"line":62,"column":null}},"8":{"start":{"line":64,"column":22},"end":{"line":68,"column":null}},"9":{"start":{"line":65,"column":28},"end":{"line":65,"column":56}},"10":{"start":{"line":71,"column":17},"end":{"line":71,"column":null}},"11":{"start":{"line":71,"column":40},"end":{"line":71,"column":67}},"12":{"start":{"line":73,"column":8},"end":{"line":83,"column":null}},"13":{"start":{"line":75,"column":6},"end":{"line":75,"column":null}},"14":{"start":{"line":75,"column":51},"end":{"line":75,"column":null}},"15":{"start":{"line":76,"column":6},"end":{"line":80,"column":null}},"16":{"start":{"line":77,"column":8},"end":{"line":77,"column":null}},"17":{"start":{"line":79,"column":8},"end":{"line":79,"column":null}},"18":{"start":{"line":85,"column":8},"end":{"line":101,"column":null}},"19":{"start":{"line":88,"column":21},"end":{"line":88,"column":null}},"20":{"start":{"line":89,"column":6},"end":{"line":89,"column":null}},"21":{"start":{"line":89,"column":27},"end":{"line":89,"column":null}},"22":{"start":{"line":91,"column":6},"end":{"line":91,"column":null}},"23":{"start":{"line":91,"column":40},"end":{"line":91,"column":null}},"24":{"start":{"line":92,"column":6},"end":{"line":98,"column":null}},"25":{"start":{"line":93,"column":26},"end":{"line":93,"column":null}},"26":{"start":{"line":94,"column":8},"end":{"line":94,"column":null}},"27":{"start":{"line":95,"column":8},"end":{"line":95,"column":null}},"28":{"start":{"line":97,"column":8},"end":{"line":97,"column":null}},"29":{"start":{"line":104,"column":2},"end":{"line":135,"column":null}},"30":{"start":{"line":105,"column":4},"end":{"line":105,"column":null}},"31":{"start":{"line":105,"column":61},"end":{"line":105,"column":null}},"32":{"start":{"line":107,"column":24},"end":{"line":132,"column":null}},"33":{"start":{"line":108,"column":6},"end":{"line":108,"column":null}},"34":{"start":{"line":109,"column":6},"end":{"line":131,"column":null}},"35":{"start":{"line":111,"column":8},"end":{"line":117,"column":null}},"36":{"start":{"line":112,"column":10},"end":{"line":114,"column":null}},"37":{"start":{"line":116,"column":10},"end":{"line":116,"column":null}},"38":{"start":{"line":118,"column":26},"end":{"line":123,"column":null}},"39":{"start":{"line":120,"column":28},"end":{"line":120,"column":null}},"40":{"start":{"line":121,"column":12},"end":{"line":121,"column":null}},"41":{"start":{"line":124,"column":8},"end":{"line":124,"column":null}},"42":{"start":{"line":125,"column":8},"end":{"line":125,"column":null}},"43":{"start":{"line":126,"column":8},"end":{"line":126,"column":null}},"44":{"start":{"line":130,"column":8},"end":{"line":130,"column":null}},"45":{"start":{"line":134,"column":4},"end":{"line":134,"column":null}},"46":{"start":{"line":138,"column":2},"end":{"line":172,"column":null}},"47":{"start":{"line":139,"column":21},"end":{"line":143,"column":null}},"48":{"start":{"line":140,"column":6},"end":{"line":140,"column":null}},"49":{"start":{"line":140,"column":35},"end":{"line":140,"column":null}},"50":{"start":{"line":141,"column":22},"end":{"line":141,"column":null}},"51":{"start":{"line":142,"column":6},"end":{"line":142,"column":null}},"52":{"start":{"line":145,"column":22},"end":{"line":150,"column":null}},"53":{"start":{"line":146,"column":6},"end":{"line":146,"column":null}},"54":{"start":{"line":146,"column":35},"end":{"line":146,"column":null}},"55":{"start":{"line":147,"column":6},"end":{"line":147,"column":null}},"56":{"start":{"line":148,"column":22},"end":{"line":148,"column":null}},"57":{"start":{"line":149,"column":6},"end":{"line":149,"column":null}},"58":{"start":{"line":152,"column":24},"end":{"line":155,"column":null}},"59":{"start":{"line":153,"column":6},"end":{"line":153,"column":null}},"60":{"start":{"line":153,"column":35},"end":{"line":153,"column":null}},"61":{"start":{"line":154,"column":6},"end":{"line":154,"column":null}},"62":{"start":{"line":157,"column":24},"end":{"line":164,"column":null}},"63":{"start":{"line":158,"column":6},"end":{"line":158,"column":null}},"64":{"start":{"line":158,"column":35},"end":{"line":158,"column":null}},"65":{"start":{"line":159,"column":6},"end":{"line":163,"column":null}},"66":{"start":{"line":166,"column":4},"end":{"line":171,"column":null}},"67":{"start":{"line":167,"column":6},"end":{"line":167,"column":null}},"68":{"start":{"line":168,"column":6},"end":{"line":168,"column":null}},"69":{"start":{"line":169,"column":6},"end":{"line":169,"column":null}},"70":{"start":{"line":170,"column":6},"end":{"line":170,"column":null}},"71":{"start":{"line":174,"column":8},"end":{"line":206,"column":null}},"72":{"start":{"line":175,"column":4},"end":{"line":175,"column":null}},"73":{"start":{"line":175,"column":23},"end":{"line":175,"column":null}},"74":{"start":{"line":176,"column":22},"end":{"line":176,"column":null}},"75":{"start":{"line":177,"column":24},"end":{"line":177,"column":null}},"76":{"start":{"line":178,"column":4},"end":{"line":178,"column":null}},"77":{"start":{"line":178,"column":35},"end":{"line":178,"column":null}},"78":{"start":{"line":180,"column":21},"end":{"line":180,"column":null}},"79":{"start":{"line":181,"column":21},"end":{"line":181,"column":null}},"80":{"start":{"line":183,"column":4},"end":{"line":183,"column":null}},"81":{"start":{"line":184,"column":4},"end":{"line":205,"column":null}},"82":{"start":{"line":186,"column":6},"end":{"line":192,"column":null}},"83":{"start":{"line":187,"column":8},"end":{"line":189,"column":null}},"84":{"start":{"line":191,"column":8},"end":{"line":191,"column":null}},"85":{"start":{"line":193,"column":24},"end":{"line":198,"column":null}},"86":{"start":{"line":195,"column":26},"end":{"line":195,"column":null}},"87":{"start":{"line":196,"column":10},"end":{"line":196,"column":null}},"88":{"start":{"line":199,"column":6},"end":{"line":199,"column":null}},"89":{"start":{"line":200,"column":6},"end":{"line":200,"column":null}},"90":{"start":{"line":204,"column":6},"end":{"line":204,"column":null}},"91":{"start":{"line":208,"column":8},"end":{"line":215,"column":null}},"92":{"start":{"line":210,"column":6},"end":{"line":210,"column":null}},"93":{"start":{"line":210,"column":25},"end":{"line":210,"column":null}},"94":{"start":{"line":211,"column":24},"end":{"line":211,"column":null}},"95":{"start":{"line":212,"column":6},"end":{"line":212,"column":null}},"96":{"start":{"line":217,"column":8},"end":{"line":225,"column":null}},"97":{"start":{"line":219,"column":6},"end":{"line":219,"column":null}},"98":{"start":{"line":219,"column":25},"end":{"line":219,"column":null}},"99":{"start":{"line":220,"column":24},"end":{"line":220,"column":null}},"100":{"start":{"line":221,"column":6},"end":{"line":221,"column":null}},"101":{"start":{"line":222,"column":6},"end":{"line":222,"column":null}},"102":{"start":{"line":227,"column":8},"end":{"line":233,"column":null}},"103":{"start":{"line":229,"column":6},"end":{"line":229,"column":null}},"104":{"start":{"line":229,"column":25},"end":{"line":229,"column":null}},"105":{"start":{"line":230,"column":6},"end":{"line":230,"column":null}},"106":{"start":{"line":235,"column":8},"end":{"line":238,"column":null}},"107":{"start":{"line":236,"column":4},"end":{"line":236,"column":null}},"108":{"start":{"line":236,"column":23},"end":{"line":236,"column":null}},"109":{"start":{"line":237,"column":4},"end":{"line":237,"column":null}},"110":{"start":{"line":240,"column":2},"end":{"line":280,"column":null}},"111":{"start":{"line":248,"column":29},"end":{"line":248,"column":null}},"112":{"start":{"line":259,"column":32},"end":{"line":259,"column":null}},"113":{"start":{"line":270,"column":14},"end":{"line":275,"column":null}}},"fnMap":{"0":{"name":"serverToMessage","decl":{"start":{"line":32,"column":9},"end":{"line":32,"column":25}},"loc":{"start":{"line":32,"column":68},"end":{"line":47,"column":null}},"line":32},"1":{"name":"DMView","decl":{"start":{"line":55,"column":24},"end":{"line":55,"column":31}},"loc":{"start":{"line":55,"column":82},"end":{"line":282,"column":null}},"line":55},"2":{"name":"(anonymous_2)","decl":{"start":{"line":65,"column":21},"end":{"line":65,"column":22}},"loc":{"start":{"line":65,"column":28},"end":{"line":65,"column":56}},"line":65},"3":{"name":"(anonymous_3)","decl":{"start":{"line":71,"column":33},"end":{"line":71,"column":34}},"loc":{"start":{"line":71,"column":40},"end":{"line":71,"column":67}},"line":71},"4":{"name":"(anonymous_4)","decl":{"start":{"line":74,"column":4},"end":{"line":74,"column":11}},"loc":{"start":{"line":74,"column":50},"end":{"line":81,"column":null}},"line":74},"5":{"name":"(anonymous_5)","decl":{"start":{"line":86,"column":4},"end":{"line":86,"column":11}},"loc":{"start":{"line":86,"column":85},"end":{"line":99,"column":null}},"line":86},"6":{"name":"(anonymous_6)","decl":{"start":{"line":104,"column":12},"end":{"line":104,"column":18}},"loc":{"start":{"line":104,"column":18},"end":{"line":135,"column":5}},"line":104},"7":{"name":"(anonymous_7)","decl":{"start":{"line":107,"column":24},"end":{"line":107,"column":36}},"loc":{"start":{"line":107,"column":36},"end":{"line":132,"column":null}},"line":107},"8":{"name":"(anonymous_8)","decl":{"start":{"line":119,"column":19},"end":{"line":119,"column":26}},"loc":{"start":{"line":119,"column":34},"end":{"line":122,"column":11}},"line":119},"9":{"name":"(anonymous_9)","decl":{"start":{"line":138,"column":12},"end":{"line":138,"column":18}},"loc":{"start":{"line":138,"column":18},"end":{"line":172,"column":5}},"line":138},"10":{"name":"(anonymous_10)","decl":{"start":{"line":139,"column":45},"end":{"line":139,"column":52}},"loc":{"start":{"line":139,"column":99},"end":{"line":143,"column":5}},"line":139},"11":{"name":"(anonymous_11)","decl":{"start":{"line":145,"column":50},"end":{"line":145,"column":57}},"loc":{"start":{"line":145,"column":162},"end":{"line":150,"column":5}},"line":145},"12":{"name":"(anonymous_12)","decl":{"start":{"line":152,"column":52},"end":{"line":152,"column":53}},"loc":{"start":{"line":152,"column":104},"end":{"line":155,"column":5}},"line":152},"13":{"name":"(anonymous_13)","decl":{"start":{"line":157,"column":53},"end":{"line":157,"column":54}},"loc":{"start":{"line":157,"column":120},"end":{"line":164,"column":5}},"line":157},"14":{"name":"(anonymous_14)","decl":{"start":{"line":166,"column":11},"end":{"line":166,"column":17}},"loc":{"start":{"line":166,"column":17},"end":{"line":171,"column":null}},"line":166},"15":{"name":"(anonymous_15)","decl":{"start":{"line":174,"column":37},"end":{"line":174,"column":49}},"loc":{"start":{"line":174,"column":49},"end":{"line":206,"column":5}},"line":174},"16":{"name":"(anonymous_16)","decl":{"start":{"line":194,"column":17},"end":{"line":194,"column":24}},"loc":{"start":{"line":194,"column":32},"end":{"line":197,"column":9}},"line":194},"17":{"name":"(anonymous_17)","decl":{"start":{"line":209,"column":4},"end":{"line":209,"column":11}},"loc":{"start":{"line":209,"column":31},"end":{"line":213,"column":null}},"line":209},"18":{"name":"(anonymous_18)","decl":{"start":{"line":218,"column":4},"end":{"line":218,"column":11}},"loc":{"start":{"line":218,"column":50},"end":{"line":223,"column":null}},"line":218},"19":{"name":"(anonymous_19)","decl":{"start":{"line":228,"column":4},"end":{"line":228,"column":5}},"loc":{"start":{"line":228,"column":26},"end":{"line":231,"column":null}},"line":228},"20":{"name":"(anonymous_20)","decl":{"start":{"line":235,"column":35},"end":{"line":235,"column":41}},"loc":{"start":{"line":235,"column":41},"end":{"line":238,"column":5}},"line":235},"21":{"name":"(anonymous_21)","decl":{"start":{"line":248,"column":20},"end":{"line":248,"column":21}},"loc":{"start":{"line":248,"column":29},"end":{"line":248,"column":null}},"line":248},"22":{"name":"(anonymous_22)","decl":{"start":{"line":259,"column":26},"end":{"line":259,"column":32}},"loc":{"start":{"line":259,"column":32},"end":{"line":259,"column":null}},"line":259},"23":{"name":"(anonymous_23)","decl":{"start":{"line":269,"column":28},"end":{"line":269,"column":29}},"loc":{"start":{"line":270,"column":14},"end":{"line":275,"column":null}},"line":270}},"branchMap":{"0":{"loc":{"start":{"line":45,"column":15},"end":{"line":45,"column":null}},"type":"binary-expr","locations":[{"start":{"line":45,"column":15},"end":{"line":45,"column":32}},{"start":{"line":45,"column":32},"end":{"line":45,"column":null}}],"line":45},"1":{"loc":{"start":{"line":55,"column":52},"end":{"line":55,"column":72}},"type":"default-arg","locations":[{"start":{"line":55,"column":66},"end":{"line":55,"column":72}}],"line":55},"2":{"loc":{"start":{"line":64,"column":22},"end":{"line":68,"column":null}},"type":"cond-expr","locations":[{"start":{"line":65,"column":6},"end":{"line":65,"column":null}},{"start":{"line":66,"column":7},"end":{"line":68,"column":null}}],"line":64},"3":{"loc":{"start":{"line":65,"column":28},"end":{"line":65,"column":56}},"type":"binary-expr","locations":[{"start":{"line":65,"column":28},"end":{"line":65,"column":46}},{"start":{"line":65,"column":46},"end":{"line":65,"column":56}}],"line":65},"4":{"loc":{"start":{"line":66,"column":7},"end":{"line":68,"column":null}},"type":"binary-expr","locations":[{"start":{"line":66,"column":7},"end":{"line":66,"column":null}},{"start":{"line":67,"column":7},"end":{"line":67,"column":null}},{"start":{"line":68,"column":7},"end":{"line":68,"column":null}}],"line":66},"5":{"loc":{"start":{"line":71,"column":17},"end":{"line":71,"column":null}},"type":"binary-expr","locations":[{"start":{"line":71,"column":17},"end":{"line":71,"column":81}},{"start":{"line":71,"column":81},"end":{"line":71,"column":null}}],"line":71},"6":{"loc":{"start":{"line":75,"column":6},"end":{"line":75,"column":null}},"type":"if","locations":[{"start":{"line":75,"column":6},"end":{"line":75,"column":null}},{"start":{},"end":{}}],"line":75},"7":{"loc":{"start":{"line":75,"column":10},"end":{"line":75,"column":51}},"type":"binary-expr","locations":[{"start":{"line":75,"column":10},"end":{"line":75,"column":25}},{"start":{"line":75,"column":25},"end":{"line":75,"column":42}},{"start":{"line":75,"column":42},"end":{"line":75,"column":51}}],"line":75},"8":{"loc":{"start":{"line":89,"column":6},"end":{"line":89,"column":null}},"type":"if","locations":[{"start":{"line":89,"column":6},"end":{"line":89,"column":null}},{"start":{},"end":{}}],"line":89},"9":{"loc":{"start":{"line":91,"column":6},"end":{"line":91,"column":null}},"type":"if","locations":[{"start":{"line":91,"column":6},"end":{"line":91,"column":null}},{"start":{},"end":{}}],"line":91},"10":{"loc":{"start":{"line":91,"column":10},"end":{"line":91,"column":40}},"type":"binary-expr","locations":[{"start":{"line":91,"column":10},"end":{"line":91,"column":25}},{"start":{"line":91,"column":25},"end":{"line":91,"column":40}}],"line":91},"11":{"loc":{"start":{"line":105,"column":4},"end":{"line":105,"column":null}},"type":"if","locations":[{"start":{"line":105,"column":4},"end":{"line":105,"column":null}},{"start":{},"end":{}}],"line":105},"12":{"loc":{"start":{"line":105,"column":8},"end":{"line":105,"column":61}},"type":"binary-expr","locations":[{"start":{"line":105,"column":8},"end":{"line":105,"column":25}},{"start":{"line":105,"column":25},"end":{"line":105,"column":61}}],"line":105},"13":{"loc":{"start":{"line":111,"column":8},"end":{"line":117,"column":null}},"type":"if","locations":[{"start":{"line":111,"column":8},"end":{"line":117,"column":null}},{"start":{"line":115,"column":15},"end":{"line":117,"column":null}}],"line":111},"14":{"loc":{"start":{"line":140,"column":6},"end":{"line":140,"column":null}},"type":"if","locations":[{"start":{"line":140,"column":6},"end":{"line":140,"column":null}},{"start":{},"end":{}}],"line":140},"15":{"loc":{"start":{"line":146,"column":6},"end":{"line":146,"column":null}},"type":"if","locations":[{"start":{"line":146,"column":6},"end":{"line":146,"column":null}},{"start":{},"end":{}}],"line":146},"16":{"loc":{"start":{"line":153,"column":6},"end":{"line":153,"column":null}},"type":"if","locations":[{"start":{"line":153,"column":6},"end":{"line":153,"column":null}},{"start":{},"end":{}}],"line":153},"17":{"loc":{"start":{"line":158,"column":6},"end":{"line":158,"column":null}},"type":"if","locations":[{"start":{"line":158,"column":6},"end":{"line":158,"column":null}},{"start":{},"end":{}}],"line":158},"18":{"loc":{"start":{"line":175,"column":4},"end":{"line":175,"column":null}},"type":"if","locations":[{"start":{"line":175,"column":4},"end":{"line":175,"column":null}},{"start":{},"end":{}}],"line":175},"19":{"loc":{"start":{"line":176,"column":22},"end":{"line":176,"column":null}},"type":"binary-expr","locations":[{"start":{"line":176,"column":22},"end":{"line":176,"column":51}},{"start":{"line":176,"column":51},"end":{"line":176,"column":null}}],"line":176},"20":{"loc":{"start":{"line":177,"column":24},"end":{"line":177,"column":null}},"type":"binary-expr","locations":[{"start":{"line":177,"column":24},"end":{"line":177,"column":46}},{"start":{"line":177,"column":46},"end":{"line":177,"column":null}}],"line":177},"21":{"loc":{"start":{"line":178,"column":4},"end":{"line":178,"column":null}},"type":"if","locations":[{"start":{"line":178,"column":4},"end":{"line":178,"column":null}},{"start":{},"end":{}}],"line":178},"22":{"loc":{"start":{"line":178,"column":8},"end":{"line":178,"column":35}},"type":"binary-expr","locations":[{"start":{"line":178,"column":8},"end":{"line":178,"column":21}},{"start":{"line":178,"column":21},"end":{"line":178,"column":35}}],"line":178},"23":{"loc":{"start":{"line":180,"column":21},"end":{"line":180,"column":null}},"type":"binary-expr","locations":[{"start":{"line":180,"column":21},"end":{"line":180,"column":71}},{"start":{"line":180,"column":71},"end":{"line":180,"column":null}}],"line":180},"24":{"loc":{"start":{"line":181,"column":21},"end":{"line":181,"column":null}},"type":"cond-expr","locations":[{"start":{"line":181,"column":43},"end":{"line":181,"column":60}},{"start":{"line":181,"column":60},"end":{"line":181,"column":null}}],"line":181},"25":{"loc":{"start":{"line":186,"column":6},"end":{"line":192,"column":null}},"type":"if","locations":[{"start":{"line":186,"column":6},"end":{"line":192,"column":null}},{"start":{"line":190,"column":13},"end":{"line":192,"column":null}}],"line":186},"26":{"loc":{"start":{"line":210,"column":6},"end":{"line":210,"column":null}},"type":"if","locations":[{"start":{"line":210,"column":6},"end":{"line":210,"column":null}},{"start":{},"end":{}}],"line":210},"27":{"loc":{"start":{"line":219,"column":6},"end":{"line":219,"column":null}},"type":"if","locations":[{"start":{"line":219,"column":6},"end":{"line":219,"column":null}},{"start":{},"end":{}}],"line":219},"28":{"loc":{"start":{"line":229,"column":6},"end":{"line":229,"column":null}},"type":"if","locations":[{"start":{"line":229,"column":6},"end":{"line":229,"column":null}},{"start":{},"end":{}}],"line":229},"29":{"loc":{"start":{"line":236,"column":4},"end":{"line":236,"column":null}},"type":"if","locations":[{"start":{"line":236,"column":4},"end":{"line":236,"column":null}},{"start":{},"end":{}}],"line":236},"30":{"loc":{"start":{"line":264,"column":9},"end":{"line":277,"column":null}},"type":"binary-expr","locations":[{"start":{"line":264,"column":9},"end":{"line":264,"column":24}},{"start":{"line":264,"column":24},"end":{"line":264,"column":null}},{"start":{"line":265,"column":10},"end":{"line":277,"column":null}}],"line":264},"31":{"loc":{"start":{"line":272,"column":19},"end":{"line":272,"column":null}},"type":"binary-expr","locations":[{"start":{"line":272,"column":19},"end":{"line":272,"column":42}},{"start":{"line":272,"column":42},"end":{"line":272,"column":null}}],"line":272}},"s":{"0":2,"1":0,"2":18,"3":18,"4":18,"5":18,"6":18,"7":18,"8":18,"9":15,"10":18,"11":36,"12":18,"13":0,"14":0,"15":0,"16":0,"17":0,"18":18,"19":0,"20":0,"21":0,"22":0,"23":0,"24":0,"25":0,"26":0,"27":0,"28":0,"29":18,"30":6,"31":0,"32":6,"33":6,"34":6,"35":6,"36":0,"37":6,"38":6,"39":0,"40":0,"41":6,"42":6,"43":6,"44":6,"45":6,"46":18,"47":6,"48":0,"49":0,"50":0,"51":0,"52":6,"53":0,"54":0,"55":0,"56":0,"57":0,"58":6,"59":0,"60":0,"61":0,"62":6,"63":0,"64":0,"65":0,"66":6,"67":6,"68":6,"69":6,"70":6,"71":18,"72":0,"73":0,"74":0,"75":0,"76":0,"77":0,"78":0,"79":0,"80":0,"81":0,"82":0,"83":0,"84":0,"85":0,"86":0,"87":0,"88":0,"89":0,"90":0,"91":18,"92":0,"93":0,"94":0,"95":0,"96":18,"97":0,"98":0,"99":0,"100":0,"101":0,"102":18,"103":0,"104":0,"105":0,"106":18,"107":0,"108":0,"109":0,"110":18,"111":0,"112":0,"113":6},"f":{"0":0,"1":18,"2":15,"3":36,"4":0,"5":0,"6":6,"7":6,"8":0,"9":6,"10":0,"11":0,"12":0,"13":0,"14":6,"15":0,"16":0,"17":0,"18":0,"19":0,"20":0,"21":0,"22":0,"23":6},"b":{"0":[0,0],"1":[18],"2":[6,12],"3":[15,0],"4":[12,0,0],"5":[18,0],"6":[0,0],"7":[0,0,0],"8":[0,0],"9":[0,0],"10":[0,0],"11":[0,6],"12":[6,6],"13":[0,6],"14":[0,0],"15":[0,0],"16":[0,0],"17":[0,0],"18":[0,0],"19":[0,0],"20":[0,0],"21":[0,0],"22":[0,0],"23":[0,0],"24":[0,0],"25":[0,0],"26":[0,0],"27":[0,0],"28":[0,0],"29":[0,0],"30":[18,6,3],"31":[6,0]},"meta":{"lastBranch":32,"lastFunction":24,"lastStatement":114,"seen":{"s:15:21:15:Infinity":0,"f:32:9:32:25":0,"s:33:2:46:Infinity":1,"b:45:15:45:32:45:32:45:Infinity":0,"f:55:24:55:31":1,"b:55:66:55:72":1,"s:56:12:56:Infinity":2,"s:57:23:57:Infinity":3,"s:58:21:58:Infinity":4,"s:59:135:60:Infinity":5,"s:61:42:61:Infinity":6,"s:62:8:62:Infinity":7,"s:64:22:68:Infinity":8,"b:65:6:65:Infinity:66:7:68:Infinity":2,"f:65:21:65:22":2,"s:65:28:65:56":9,"b:65:28:65:46:65:46:65:56":3,"b:66:7:66:Infinity:67:7:67:Infinity:68:7:68:Infinity":4,"s:71:17:71:Infinity":10,"b:71:17:71:81:71:81:71:Infinity":5,"f:71:33:71:34":3,"s:71:40:71:67":11,"s:73:8:83:Infinity":12,"f:74:4:74:11":4,"b:75:6:75:Infinity:undefined:undefined:undefined:undefined":6,"s:75:6:75:Infinity":13,"b:75:10:75:25:75:25:75:42:75:42:75:51":7,"s:75:51:75:Infinity":14,"s:76:6:80:Infinity":15,"s:77:8:77:Infinity":16,"s:79:8:79:Infinity":17,"s:85:8:101:Infinity":18,"f:86:4:86:11":5,"s:88:21:88:Infinity":19,"b:89:6:89:Infinity:undefined:undefined:undefined:undefined":8,"s:89:6:89:Infinity":20,"s:89:27:89:Infinity":21,"b:91:6:91:Infinity:undefined:undefined:undefined:undefined":9,"s:91:6:91:Infinity":22,"b:91:10:91:25:91:25:91:40":10,"s:91:40:91:Infinity":23,"s:92:6:98:Infinity":24,"s:93:26:93:Infinity":25,"s:94:8:94:Infinity":26,"s:95:8:95:Infinity":27,"s:97:8:97:Infinity":28,"s:104:2:135:Infinity":29,"f:104:12:104:18":6,"b:105:4:105:Infinity:undefined:undefined:undefined:undefined":11,"s:105:4:105:Infinity":30,"b:105:8:105:25:105:25:105:61":12,"s:105:61:105:Infinity":31,"s:107:24:132:Infinity":32,"f:107:24:107:36":7,"s:108:6:108:Infinity":33,"s:109:6:131:Infinity":34,"b:111:8:117:Infinity:115:15:117:Infinity":13,"s:111:8:117:Infinity":35,"s:112:10:114:Infinity":36,"s:116:10:116:Infinity":37,"s:118:26:123:Infinity":38,"f:119:19:119:26":8,"s:120:28:120:Infinity":39,"s:121:12:121:Infinity":40,"s:124:8:124:Infinity":41,"s:125:8:125:Infinity":42,"s:126:8:126:Infinity":43,"s:130:8:130:Infinity":44,"s:134:4:134:Infinity":45,"s:138:2:172:Infinity":46,"f:138:12:138:18":9,"s:139:21:143:Infinity":47,"f:139:45:139:52":10,"b:140:6:140:Infinity:undefined:undefined:undefined:undefined":14,"s:140:6:140:Infinity":48,"s:140:35:140:Infinity":49,"s:141:22:141:Infinity":50,"s:142:6:142:Infinity":51,"s:145:22:150:Infinity":52,"f:145:50:145:57":11,"b:146:6:146:Infinity:undefined:undefined:undefined:undefined":15,"s:146:6:146:Infinity":53,"s:146:35:146:Infinity":54,"s:147:6:147:Infinity":55,"s:148:22:148:Infinity":56,"s:149:6:149:Infinity":57,"s:152:24:155:Infinity":58,"f:152:52:152:53":12,"b:153:6:153:Infinity:undefined:undefined:undefined:undefined":16,"s:153:6:153:Infinity":59,"s:153:35:153:Infinity":60,"s:154:6:154:Infinity":61,"s:157:24:164:Infinity":62,"f:157:53:157:54":13,"b:158:6:158:Infinity:undefined:undefined:undefined:undefined":17,"s:158:6:158:Infinity":63,"s:158:35:158:Infinity":64,"s:159:6:163:Infinity":65,"s:166:4:171:Infinity":66,"f:166:11:166:17":14,"s:167:6:167:Infinity":67,"s:168:6:168:Infinity":68,"s:169:6:169:Infinity":69,"s:170:6:170:Infinity":70,"s:174:8:206:Infinity":71,"f:174:37:174:49":15,"b:175:4:175:Infinity:undefined:undefined:undefined:undefined":18,"s:175:4:175:Infinity":72,"s:175:23:175:Infinity":73,"s:176:22:176:Infinity":74,"b:176:22:176:51:176:51:176:Infinity":19,"s:177:24:177:Infinity":75,"b:177:24:177:46:177:46:177:Infinity":20,"b:178:4:178:Infinity:undefined:undefined:undefined:undefined":21,"s:178:4:178:Infinity":76,"b:178:8:178:21:178:21:178:35":22,"s:178:35:178:Infinity":77,"s:180:21:180:Infinity":78,"b:180:21:180:71:180:71:180:Infinity":23,"s:181:21:181:Infinity":79,"b:181:43:181:60:181:60:181:Infinity":24,"s:183:4:183:Infinity":80,"s:184:4:205:Infinity":81,"b:186:6:192:Infinity:190:13:192:Infinity":25,"s:186:6:192:Infinity":82,"s:187:8:189:Infinity":83,"s:191:8:191:Infinity":84,"s:193:24:198:Infinity":85,"f:194:17:194:24":16,"s:195:26:195:Infinity":86,"s:196:10:196:Infinity":87,"s:199:6:199:Infinity":88,"s:200:6:200:Infinity":89,"s:204:6:204:Infinity":90,"s:208:8:215:Infinity":91,"f:209:4:209:11":17,"b:210:6:210:Infinity:undefined:undefined:undefined:undefined":26,"s:210:6:210:Infinity":92,"s:210:25:210:Infinity":93,"s:211:24:211:Infinity":94,"s:212:6:212:Infinity":95,"s:217:8:225:Infinity":96,"f:218:4:218:11":18,"b:219:6:219:Infinity:undefined:undefined:undefined:undefined":27,"s:219:6:219:Infinity":97,"s:219:25:219:Infinity":98,"s:220:24:220:Infinity":99,"s:221:6:221:Infinity":100,"s:222:6:222:Infinity":101,"s:227:8:233:Infinity":102,"f:228:4:228:5":19,"b:229:6:229:Infinity:undefined:undefined:undefined:undefined":28,"s:229:6:229:Infinity":103,"s:229:25:229:Infinity":104,"s:230:6:230:Infinity":105,"s:235:8:238:Infinity":106,"f:235:35:235:41":20,"b:236:4:236:Infinity:undefined:undefined:undefined:undefined":29,"s:236:4:236:Infinity":107,"s:236:23:236:Infinity":108,"s:237:4:237:Infinity":109,"s:240:2:280:Infinity":110,"f:248:20:248:21":21,"s:248:29:248:Infinity":111,"f:259:26:259:32":22,"s:259:32:259:Infinity":112,"b:264:9:264:24:264:24:264:Infinity:265:10:277:Infinity":30,"f:269:28:269:29":23,"s:270:14:275:Infinity":113,"b:272:19:272:42:272:42:272:Infinity":31}}}
,"/Users/thim/Repositories/slimcord/client/src/components/EmojiPicker/EmojiPicker.css": {"path":"/Users/thim/Repositories/slimcord/client/src/components/EmojiPicker/EmojiPicker.css","statementMap":{},"fnMap":{},"branchMap":{},"s":{},"f":{},"b":{},"meta":{"lastBranch":0,"lastFunction":0,"lastStatement":0,"seen":{}}}
,"/Users/thim/Repositories/slimcord/client/src/components/EmojiPicker/EmojiPicker.tsx": {"path":"/Users/thim/Repositories/slimcord/client/src/components/EmojiPicker/EmojiPicker.tsx","statementMap":{"0":{"start":{"line":14,"column":8},"end":{"line":14,"column":null}},"1":{"start":{"line":15,"column":30},"end":{"line":15,"column":null}},"2":{"start":{"line":17,"column":2},"end":{"line":25,"column":null}},"3":{"start":{"line":18,"column":4},"end":{"line":24,"column":null}},"4":{"start":{"line":19,"column":19},"end":{"line":19,"column":null}},"5":{"start":{"line":20,"column":6},"end":{"line":23,"column":null}},"6":{"start":{"line":27,"column":2},"end":{"line":35,"column":null}},"7":{"start":{"line":29,"column":6},"end":{"line":31,"column":null}},"8":{"start":{"line":30,"column":8},"end":{"line":30,"column":null}},"9":{"start":{"line":33,"column":4},"end":{"line":33,"column":null}},"10":{"start":{"line":34,"column":4},"end":{"line":34,"column":null}},"11":{"start":{"line":34,"column":17},"end":{"line":34,"column":null}},"12":{"start":{"line":37,"column":37},"end":{"line":39,"column":null}},"13":{"start":{"line":42,"column":4},"end":{"line":49,"column":null}},"14":{"start":{"line":44,"column":37},"end":{"line":44,"column":null}},"15":{"start":{"line":52,"column":2},"end":{"line":52,"column":null}}},"fnMap":{"0":{"name":"EmojiPicker","decl":{"start":{"line":13,"column":24},"end":{"line":13,"column":36}},"loc":{"start":{"line":13,"column":77},"end":{"line":53,"column":null}},"line":13},"1":{"name":"(anonymous_1)","decl":{"start":{"line":17,"column":12},"end":{"line":17,"column":18}},"loc":{"start":{"line":17,"column":18},"end":{"line":25,"column":5}},"line":17},"2":{"name":"(anonymous_2)","decl":{"start":{"line":27,"column":12},"end":{"line":27,"column":18}},"loc":{"start":{"line":27,"column":18},"end":{"line":35,"column":5}},"line":27},"3":{"name":"handleClickOutside","decl":{"start":{"line":28,"column":13},"end":{"line":28,"column":32}},"loc":{"start":{"line":28,"column":47},"end":{"line":32,"column":null}},"line":28},"4":{"name":"(anonymous_4)","decl":{"start":{"line":34,"column":11},"end":{"line":34,"column":17}},"loc":{"start":{"line":34,"column":17},"end":{"line":34,"column":null}},"line":34},"5":{"name":"(anonymous_5)","decl":{"start":{"line":44,"column":22},"end":{"line":44,"column":23}},"loc":{"start":{"line":44,"column":37},"end":{"line":44,"column":null}},"line":44}},"branchMap":{"0":{"loc":{"start":{"line":18,"column":4},"end":{"line":24,"column":null}},"type":"if","locations":[{"start":{"line":18,"column":4},"end":{"line":24,"column":null}},{"start":{},"end":{}}],"line":18},"1":{"loc":{"start":{"line":29,"column":6},"end":{"line":31,"column":null}},"type":"if","locations":[{"start":{"line":29,"column":6},"end":{"line":31,"column":null}},{"start":{},"end":{}}],"line":29},"2":{"loc":{"start":{"line":29,"column":10},"end":{"line":29,"column":78}},"type":"binary-expr","locations":[{"start":{"line":29,"column":10},"end":{"line":29,"column":31}},{"start":{"line":29,"column":31},"end":{"line":29,"column":78}}],"line":29},"3":{"loc":{"start":{"line":37,"column":37},"end":{"line":39,"column":null}},"type":"cond-expr","locations":[{"start":{"line":38,"column":6},"end":{"line":38,"column":null}},{"start":{"line":39,"column":6},"end":{"line":39,"column":null}}],"line":37},"4":{"loc":{"start":{"line":52,"column":9},"end":{"line":52,"column":null}},"type":"cond-expr","locations":[{"start":{"line":52,"column":9},"end":{"line":52,"column":58}},{"start":{"line":52,"column":58},"end":{"line":52,"column":null}}],"line":52}},"s":{"0":6,"1":6,"2":6,"3":6,"4":0,"5":0,"6":6,"7":2,"8":1,"9":6,"10":6,"11":6,"12":6,"13":6,"14":2,"15":6},"f":{"0":6,"1":6,"2":6,"3":2,"4":6,"5":2},"b":{"0":[0,6],"1":[1,1],"2":[2,2],"3":[0,6],"4":[0,6]},"meta":{"lastBranch":5,"lastFunction":6,"lastStatement":16,"seen":{"f:13:24:13:36":0,"s:14:8:14:Infinity":0,"s:15:30:15:Infinity":1,"s:17:2:25:Infinity":2,"f:17:12:17:18":1,"b:18:4:24:Infinity:undefined:undefined:undefined:undefined":0,"s:18:4:24:Infinity":3,"s:19:19:19:Infinity":4,"s:20:6:23:Infinity":5,"s:27:2:35:Infinity":6,"f:27:12:27:18":2,"f:28:13:28:32":3,"b:29:6:31:Infinity:undefined:undefined:undefined:undefined":1,"s:29:6:31:Infinity":7,"b:29:10:29:31:29:31:29:78":2,"s:30:8:30:Infinity":8,"s:33:4:33:Infinity":9,"s:34:4:34:Infinity":10,"f:34:11:34:17":4,"s:34:17:34:Infinity":11,"s:37:37:39:Infinity":12,"b:38:6:38:Infinity:39:6:39:Infinity":3,"s:42:4:49:Infinity":13,"f:44:22:44:23":5,"s:44:37:44:Infinity":14,"s:52:2:52:Infinity":15,"b:52:9:52:58:52:58:52:Infinity":4}}}
,"/Users/thim/Repositories/slimcord/client/src/components/FilePreview/FilePreview.css": {"path":"/Users/thim/Repositories/slimcord/client/src/components/FilePreview/FilePreview.css","statementMap":{},"fnMap":{},"branchMap":{},"s":{},"f":{},"b":{},"meta":{"lastBranch":0,"lastFunction":0,"lastStatement":0,"seen":{}}}
,"/Users/thim/Repositories/slimcord/client/src/components/FilePreview/FilePreview.tsx": {"path":"/Users/thim/Repositories/slimcord/client/src/components/FilePreview/FilePreview.tsx","statementMap":{"0":{"start":{"line":13,"column":2},"end":{"line":13,"column":null}},"1":{"start":{"line":13,"column":20},"end":{"line":13,"column":null}},"2":{"start":{"line":14,"column":2},"end":{"line":14,"column":null}},"3":{"start":{"line":14,"column":27},"end":{"line":14,"column":null}},"4":{"start":{"line":15,"column":2},"end":{"line":15,"column":null}},"5":{"start":{"line":19,"column":2},"end":{"line":19,"column":null}},"6":{"start":{"line":23,"column":2},"end":{"line":23,"column":null}},"7":{"start":{"line":27,"column":2},"end":{"line":27,"column":null}},"8":{"start":{"line":31,"column":12},"end":{"line":31,"column":null}},"9":{"start":{"line":32,"column":30},"end":{"line":32,"column":null}},"10":{"start":{"line":34,"column":2},"end":{"line":54,"column":null}},"11":{"start":{"line":41,"column":25},"end":{"line":41,"column":null}},"12":{"start":{"line":46,"column":62},"end":{"line":46,"column":null}},"13":{"start":{"line":59,"column":2},"end":{"line":67,"column":null}},"14":{"start":{"line":72,"column":2},"end":{"line":79,"column":null}},"15":{"start":{"line":84,"column":12},"end":{"line":84,"column":null}},"16":{"start":{"line":86,"column":2},"end":{"line":101,"column":null}},"17":{"start":{"line":106,"column":2},"end":{"line":106,"column":null}},"18":{"start":{"line":106,"column":48},"end":{"line":106,"column":null}},"19":{"start":{"line":108,"column":2},"end":{"line":122,"column":null}},"20":{"start":{"line":111,"column":8},"end":{"line":113,"column":null}},"21":{"start":{"line":112,"column":10},"end":{"line":112,"column":null}},"22":{"start":{"line":114,"column":8},"end":{"line":116,"column":null}},"23":{"start":{"line":115,"column":10},"end":{"line":115,"column":null}},"24":{"start":{"line":117,"column":8},"end":{"line":119,"column":null}},"25":{"start":{"line":118,"column":10},"end":{"line":118,"column":null}},"26":{"start":{"line":120,"column":8},"end":{"line":120,"column":null}}},"fnMap":{"0":{"name":"formatFileSize","decl":{"start":{"line":12,"column":9},"end":{"line":12,"column":24}},"loc":{"start":{"line":12,"column":47},"end":{"line":16,"column":null}},"line":12},"1":{"name":"isImage","decl":{"start":{"line":18,"column":9},"end":{"line":18,"column":17}},"loc":{"start":{"line":18,"column":47},"end":{"line":20,"column":null}},"line":18},"2":{"name":"isVideo","decl":{"start":{"line":22,"column":9},"end":{"line":22,"column":17}},"loc":{"start":{"line":22,"column":47},"end":{"line":24,"column":null}},"line":22},"3":{"name":"isAudio","decl":{"start":{"line":26,"column":9},"end":{"line":26,"column":17}},"loc":{"start":{"line":26,"column":47},"end":{"line":28,"column":null}},"line":26},"4":{"name":"ImagePreview","decl":{"start":{"line":30,"column":9},"end":{"line":30,"column":22}},"loc":{"start":{"line":30,"column":66},"end":{"line":56,"column":null}},"line":30},"5":{"name":"(anonymous_5)","decl":{"start":{"line":41,"column":19},"end":{"line":41,"column":25}},"loc":{"start":{"line":41,"column":25},"end":{"line":41,"column":null}},"line":41},"6":{"name":"(anonymous_6)","decl":{"start":{"line":46,"column":56},"end":{"line":46,"column":62}},"loc":{"start":{"line":46,"column":62},"end":{"line":46,"column":null}},"line":46},"7":{"name":"VideoPreview","decl":{"start":{"line":58,"column":9},"end":{"line":58,"column":22}},"loc":{"start":{"line":58,"column":66},"end":{"line":69,"column":null}},"line":58},"8":{"name":"AudioPreview","decl":{"start":{"line":71,"column":9},"end":{"line":71,"column":22}},"loc":{"start":{"line":71,"column":66},"end":{"line":81,"column":null}},"line":71},"9":{"name":"FileCard","decl":{"start":{"line":83,"column":9},"end":{"line":83,"column":18}},"loc":{"start":{"line":83,"column":62},"end":{"line":103,"column":null}},"line":83},"10":{"name":"FilePreview","decl":{"start":{"line":105,"column":24},"end":{"line":105,"column":36}},"loc":{"start":{"line":105,"column":60},"end":{"line":124,"column":null}},"line":105},"11":{"name":"(anonymous_11)","decl":{"start":{"line":110,"column":23},"end":{"line":110,"column":24}},"loc":{"start":{"line":110,"column":32},"end":{"line":121,"column":7}},"line":110}},"branchMap":{"0":{"loc":{"start":{"line":13,"column":2},"end":{"line":13,"column":null}},"type":"if","locations":[{"start":{"line":13,"column":2},"end":{"line":13,"column":null}},{"start":{},"end":{}}],"line":13},"1":{"loc":{"start":{"line":14,"column":2},"end":{"line":14,"column":null}},"type":"if","locations":[{"start":{"line":14,"column":2},"end":{"line":14,"column":null}},{"start":{},"end":{}}],"line":14},"2":{"loc":{"start":{"line":45,"column":7},"end":{"line":52,"column":null}},"type":"binary-expr","locations":[{"start":{"line":45,"column":7},"end":{"line":45,"column":null}},{"start":{"line":46,"column":8},"end":{"line":52,"column":null}}],"line":45},"3":{"loc":{"start":{"line":106,"column":2},"end":{"line":106,"column":null}},"type":"if","locations":[{"start":{"line":106,"column":2},"end":{"line":106,"column":null}},{"start":{},"end":{}}],"line":106},"4":{"loc":{"start":{"line":106,"column":6},"end":{"line":106,"column":48}},"type":"binary-expr","locations":[{"start":{"line":106,"column":6},"end":{"line":106,"column":22}},{"start":{"line":106,"column":22},"end":{"line":106,"column":48}}],"line":106},"5":{"loc":{"start":{"line":111,"column":8},"end":{"line":113,"column":null}},"type":"if","locations":[{"start":{"line":111,"column":8},"end":{"line":113,"column":null}},{"start":{},"end":{}}],"line":111},"6":{"loc":{"start":{"line":114,"column":8},"end":{"line":116,"column":null}},"type":"if","locations":[{"start":{"line":114,"column":8},"end":{"line":116,"column":null}},{"start":{},"end":{}}],"line":114},"7":{"loc":{"start":{"line":117,"column":8},"end":{"line":119,"column":null}},"type":"if","locations":[{"start":{"line":117,"column":8},"end":{"line":119,"column":null}},{"start":{},"end":{}}],"line":117}},"s":{"0":5,"1":1,"2":4,"3":4,"4":3,"5":10,"6":7,"7":6,"8":4,"9":4,"10":4,"11":1,"12":0,"13":1,"14":1,"15":5,"16":5,"17":10,"18":2,"19":8,"20":10,"21":3,"22":7,"23":1,"24":6,"25":1,"26":5},"f":{"0":5,"1":10,"2":7,"3":6,"4":4,"5":1,"6":0,"7":1,"8":1,"9":5,"10":10,"11":10},"b":{"0":[1,4],"1":[1,3],"2":[4,1],"3":[2,8],"4":[10,9],"5":[3,7],"6":[1,6],"7":[1,5]},"meta":{"lastBranch":8,"lastFunction":12,"lastStatement":27,"seen":{"f:12:9:12:24":0,"b:13:2:13:Infinity:undefined:undefined:undefined:undefined":0,"s:13:2:13:Infinity":0,"s:13:20:13:Infinity":1,"b:14:2:14:Infinity:undefined:undefined:undefined:undefined":1,"s:14:2:14:Infinity":2,"s:14:27:14:Infinity":3,"s:15:2:15:Infinity":4,"f:18:9:18:17":1,"s:19:2:19:Infinity":5,"f:22:9:22:17":2,"s:23:2:23:Infinity":6,"f:26:9:26:17":3,"s:27:2:27:Infinity":7,"f:30:9:30:22":4,"s:31:12:31:Infinity":8,"s:32:30:32:Infinity":9,"s:34:2:54:Infinity":10,"f:41:19:41:25":5,"s:41:25:41:Infinity":11,"b:45:7:45:Infinity:46:8:52:Infinity":2,"f:46:56:46:62":6,"s:46:62:46:Infinity":12,"f:58:9:58:22":7,"s:59:2:67:Infinity":13,"f:71:9:71:22":8,"s:72:2:79:Infinity":14,"f:83:9:83:18":9,"s:84:12:84:Infinity":15,"s:86:2:101:Infinity":16,"f:105:24:105:36":10,"b:106:2:106:Infinity:undefined:undefined:undefined:undefined":3,"s:106:2:106:Infinity":17,"b:106:6:106:22:106:22:106:48":4,"s:106:48:106:Infinity":18,"s:108:2:122:Infinity":19,"f:110:23:110:24":11,"b:111:8:113:Infinity:undefined:undefined:undefined:undefined":5,"s:111:8:113:Infinity":20,"s:112:10:112:Infinity":21,"b:114:8:116:Infinity:undefined:undefined:undefined:undefined":6,"s:114:8:116:Infinity":22,"s:115:10:115:Infinity":23,"b:117:8:119:Infinity:undefined:undefined:undefined:undefined":7,"s:117:8:119:Infinity":24,"s:118:10:118:Infinity":25,"s:120:8:120:Infinity":26}}}
,"/Users/thim/Repositories/slimcord/client/src/components/MessageInput/MessageInput.css": {"path":"/Users/thim/Repositories/slimcord/client/src/components/MessageInput/MessageInput.css","statementMap":{},"fnMap":{},"branchMap":{},"s":{},"f":{},"b":{},"meta":{"lastBranch":0,"lastFunction":0,"lastStatement":0,"seen":{}}}
,"/Users/thim/Repositories/slimcord/client/src/components/MessageInput/MessageInput.tsx": {"path":"/Users/thim/Repositories/slimcord/client/src/components/MessageInput/MessageInput.tsx","statementMap":{"0":{"start":{"line":27,"column":25},"end":{"line":27,"column":null}},"1":{"start":{"line":32,"column":62},"end":{"line":32,"column":null}},"2":{"start":{"line":33,"column":19},"end":{"line":33,"column":null}},"3":{"start":{"line":35,"column":15},"end":{"line":35,"column":null}},"4":{"start":{"line":36,"column":16},"end":{"line":36,"column":null}},"5":{"start":{"line":40,"column":2},"end":{"line":96,"column":null}},"6":{"start":{"line":42,"column":6},"end":{"line":42,"column":null}},"7":{"start":{"line":43,"column":6},"end":{"line":43,"column":null}},"8":{"start":{"line":44,"column":6},"end":{"line":44,"column":null}},"9":{"start":{"line":46,"column":6},"end":{"line":46,"column":null}},"10":{"start":{"line":47,"column":6},"end":{"line":47,"column":null}},"11":{"start":{"line":48,"column":6},"end":{"line":48,"column":null}},"12":{"start":{"line":50,"column":6},"end":{"line":50,"column":null}},"13":{"start":{"line":51,"column":6},"end":{"line":51,"column":null}},"14":{"start":{"line":52,"column":6},"end":{"line":52,"column":null}},"15":{"start":{"line":54,"column":6},"end":{"line":54,"column":null}},"16":{"start":{"line":55,"column":6},"end":{"line":55,"column":null}},"17":{"start":{"line":56,"column":6},"end":{"line":56,"column":null}},"18":{"start":{"line":58,"column":24},"end":{"line":58,"column":null}},"19":{"start":{"line":59,"column":25},"end":{"line":59,"column":null}},"20":{"start":{"line":60,"column":6},"end":{"line":60,"column":null}},"21":{"start":{"line":61,"column":6},"end":{"line":61,"column":null}},"22":{"start":{"line":62,"column":6},"end":{"line":62,"column":null}},"23":{"start":{"line":63,"column":6},"end":{"line":63,"column":null}},"24":{"start":{"line":66,"column":25},"end":{"line":66,"column":null}},"25":{"start":{"line":67,"column":26},"end":{"line":67,"column":null}},"26":{"start":{"line":68,"column":6},"end":{"line":68,"column":null}},"27":{"start":{"line":69,"column":6},"end":{"line":69,"column":null}},"28":{"start":{"line":70,"column":6},"end":{"line":70,"column":null}},"29":{"start":{"line":71,"column":6},"end":{"line":71,"column":null}},"30":{"start":{"line":74,"column":25},"end":{"line":74,"column":null}},"31":{"start":{"line":75,"column":26},"end":{"line":75,"column":null}},"32":{"start":{"line":76,"column":6},"end":{"line":76,"column":null}},"33":{"start":{"line":77,"column":6},"end":{"line":77,"column":null}},"34":{"start":{"line":78,"column":6},"end":{"line":78,"column":null}},"35":{"start":{"line":79,"column":6},"end":{"line":79,"column":null}},"36":{"start":{"line":82,"column":6},"end":{"line":88,"column":null}},"37":{"start":{"line":83,"column":8},"end":{"line":83,"column":null}},"38":{"start":{"line":84,"column":8},"end":{"line":84,"column":null}},"39":{"start":{"line":86,"column":8},"end":{"line":86,"column":null}},"40":{"start":{"line":87,"column":8},"end":{"line":87,"column":null}},"41":{"start":{"line":89,"column":6},"end":{"line":89,"column":null}},"42":{"start":{"line":91,"column":6},"end":{"line":91,"column":null}},"43":{"start":{"line":92,"column":6},"end":{"line":92,"column":null}},"44":{"start":{"line":93,"column":6},"end":{"line":93,"column":null}},"45":{"start":{"line":95,"column":6},"end":{"line":95,"column":null}},"46":{"start":{"line":98,"column":19},"end":{"line":98,"column":null}},"47":{"start":{"line":99,"column":2},"end":{"line":99,"column":null}},"48":{"start":{"line":99,"column":17},"end":{"line":99,"column":25}},"49":{"start":{"line":102,"column":2},"end":{"line":107,"column":null}},"50":{"start":{"line":103,"column":16},"end":{"line":103,"column":null}},"51":{"start":{"line":104,"column":4},"end":{"line":104,"column":null}},"52":{"start":{"line":105,"column":4},"end":{"line":105,"column":null}},"53":{"start":{"line":106,"column":4},"end":{"line":106,"column":null}},"54":{"start":{"line":112,"column":2},"end":{"line":112,"column":null}},"55":{"start":{"line":115,"column":2},"end":{"line":115,"column":null}},"56":{"start":{"line":118,"column":2},"end":{"line":118,"column":null}},"57":{"start":{"line":121,"column":2},"end":{"line":121,"column":null}},"58":{"start":{"line":124,"column":2},"end":{"line":124,"column":null}},"59":{"start":{"line":127,"column":2},"end":{"line":127,"column":null}},"60":{"start":{"line":130,"column":2},"end":{"line":130,"column":null}},"61":{"start":{"line":133,"column":2},"end":{"line":133,"column":null}},"62":{"start":{"line":136,"column":2},"end":{"line":136,"column":null}},"63":{"start":{"line":139,"column":2},"end":{"line":139,"column":null}},"64":{"start":{"line":143,"column":12},"end":{"line":143,"column":null}},"65":{"start":{"line":144,"column":8},"end":{"line":144,"column":null}},"66":{"start":{"line":144,"column":40},"end":{"line":144,"column":48}},"67":{"start":{"line":145,"column":8},"end":{"line":145,"column":null}},"68":{"start":{"line":145,"column":45},"end":{"line":145,"column":58}},"69":{"start":{"line":147,"column":8},"end":{"line":149,"column":null}},"70":{"start":{"line":148,"column":11},"end":{"line":148,"column":null}},"71":{"start":{"line":151,"column":2},"end":{"line":161,"column":null}},"72":{"start":{"line":152,"column":21},"end":{"line":159,"column":null}},"73":{"start":{"line":153,"column":18},"end":{"line":153,"column":null}},"74":{"start":{"line":154,"column":6},"end":{"line":158,"column":null}},"75":{"start":{"line":155,"column":8},"end":{"line":157,"column":null}},"76":{"start":{"line":156,"column":10},"end":{"line":156,"column":null}},"77":{"start":{"line":160,"column":4},"end":{"line":160,"column":null}},"78":{"start":{"line":160,"column":17},"end":{"line":160,"column":null}},"79":{"start":{"line":163,"column":2},"end":{"line":163,"column":null}},"80":{"start":{"line":163,"column":32},"end":{"line":163,"column":null}},"81":{"start":{"line":166,"column":2},"end":{"line":175,"column":null}},"82":{"start":{"line":167,"column":4},"end":{"line":167,"column":null}},"83":{"start":{"line":168,"column":2},"end":{"line":175,"column":null}},"84":{"start":{"line":169,"column":4},"end":{"line":172,"column":null}},"85":{"start":{"line":174,"column":4},"end":{"line":174,"column":null}},"86":{"start":{"line":177,"column":2},"end":{"line":177,"column":null}},"87":{"start":{"line":192,"column":12},"end":{"line":192,"column":null}},"88":{"start":{"line":193,"column":24},"end":{"line":193,"column":null}},"89":{"start":{"line":194,"column":38},"end":{"line":194,"column":null}},"90":{"start":{"line":195,"column":32},"end":{"line":195,"column":null}},"91":{"start":{"line":196,"column":36},"end":{"line":196,"column":null}},"92":{"start":{"line":197,"column":30},"end":{"line":197,"column":null}},"93":{"start":{"line":198,"column":44},"end":{"line":198,"column":null}},"94":{"start":{"line":199,"column":8},"end":{"line":199,"column":null}},"95":{"start":{"line":200,"column":8},"end":{"line":200,"column":null}},"96":{"start":{"line":201,"column":8},"end":{"line":201,"column":null}},"97":{"start":{"line":202,"column":8},"end":{"line":202,"column":null}},"98":{"start":{"line":204,"column":21},"end":{"line":204,"column":null}},"99":{"start":{"line":206,"column":22},"end":{"line":206,"column":null}},"100":{"start":{"line":207,"column":8},"end":{"line":207,"column":null}},"101":{"start":{"line":208,"column":2},"end":{"line":213,"column":null}},"102":{"start":{"line":209,"column":4},"end":{"line":209,"column":null}},"103":{"start":{"line":210,"column":4},"end":{"line":212,"column":null}},"104":{"start":{"line":211,"column":6},"end":{"line":211,"column":null}},"105":{"start":{"line":216,"column":2},"end":{"line":220,"column":null}},"106":{"start":{"line":217,"column":4},"end":{"line":219,"column":null}},"107":{"start":{"line":218,"column":6},"end":{"line":218,"column":null}},"108":{"start":{"line":223,"column":2},"end":{"line":229,"column":null}},"109":{"start":{"line":224,"column":15},"end":{"line":224,"column":null}},"110":{"start":{"line":225,"column":4},"end":{"line":228,"column":null}},"111":{"start":{"line":226,"column":6},"end":{"line":226,"column":null}},"112":{"start":{"line":227,"column":6},"end":{"line":227,"column":null}},"113":{"start":{"line":231,"column":2},"end":{"line":237,"column":null}},"114":{"start":{"line":232,"column":4},"end":{"line":236,"column":null}},"115":{"start":{"line":233,"column":6},"end":{"line":235,"column":null}},"116":{"start":{"line":234,"column":8},"end":{"line":234,"column":null}},"117":{"start":{"line":234,"column":24},"end":{"line":234,"column":null}},"118":{"start":{"line":239,"column":8},"end":{"line":247,"column":null}},"119":{"start":{"line":240,"column":38},"end":{"line":240,"column":null}},"120":{"start":{"line":241,"column":4},"end":{"line":244,"column":null}},"121":{"start":{"line":242,"column":22},"end":{"line":242,"column":null}},"122":{"start":{"line":243,"column":6},"end":{"line":243,"column":null}},"123":{"start":{"line":245,"column":4},"end":{"line":245,"column":null}},"124":{"start":{"line":245,"column":30},"end":{"line":245,"column":54}},"125":{"start":{"line":246,"column":4},"end":{"line":246,"column":null}},"126":{"start":{"line":249,"column":8},"end":{"line":256,"column":null}},"127":{"start":{"line":250,"column":4},"end":{"line":255,"column":null}},"128":{"start":{"line":251,"column":19},"end":{"line":251,"column":null}},"129":{"start":{"line":252,"column":22},"end":{"line":252,"column":null}},"130":{"start":{"line":253,"column":6},"end":{"line":253,"column":null}},"131":{"start":{"line":253,"column":27},"end":{"line":253,"column":null}},"132":{"start":{"line":254,"column":6},"end":{"line":254,"column":null}},"133":{"start":{"line":258,"column":8},"end":{"line":289,"column":null}},"134":{"start":{"line":259,"column":20},"end":{"line":259,"column":null}},"135":{"start":{"line":260,"column":4},"end":{"line":260,"column":null}},"136":{"start":{"line":260,"column":47},"end":{"line":260,"column":null}},"137":{"start":{"line":262,"column":4},"end":{"line":266,"column":null}},"138":{"start":{"line":263,"column":6},"end":{"line":263,"column":null}},"139":{"start":{"line":264,"column":6},"end":{"line":264,"column":null}},"140":{"start":{"line":265,"column":6},"end":{"line":265,"column":null}},"141":{"start":{"line":268,"column":4},"end":{"line":287,"column":null}},"142":{"start":{"line":269,"column":6},"end":{"line":269,"column":null}},"143":{"start":{"line":270,"column":6},"end":{"line":270,"column":null}},"144":{"start":{"line":271,"column":6},"end":{"line":283,"column":null}},"145":{"start":{"line":272,"column":39},"end":{"line":272,"column":null}},"146":{"start":{"line":273,"column":8},"end":{"line":276,"column":null}},"147":{"start":{"line":274,"column":22},"end":{"line":274,"column":null}},"148":{"start":{"line":275,"column":10},"end":{"line":275,"column":null}},"149":{"start":{"line":277,"column":8},"end":{"line":277,"column":null}},"150":{"start":{"line":278,"column":8},"end":{"line":278,"column":null}},"151":{"start":{"line":280,"column":8},"end":{"line":280,"column":null}},"152":{"start":{"line":281,"column":8},"end":{"line":281,"column":null}},"153":{"start":{"line":282,"column":8},"end":{"line":282,"column":null}},"154":{"start":{"line":284,"column":6},"end":{"line":284,"column":null}},"155":{"start":{"line":286,"column":6},"end":{"line":286,"column":null}},"156":{"start":{"line":288,"column":4},"end":{"line":288,"column":null}},"157":{"start":{"line":291,"column":8},"end":{"line":338,"column":null}},"158":{"start":{"line":293,"column":6},"end":{"line":297,"column":null}},"159":{"start":{"line":294,"column":8},"end":{"line":294,"column":null}},"160":{"start":{"line":295,"column":8},"end":{"line":295,"column":null}},"161":{"start":{"line":296,"column":8},"end":{"line":296,"column":null}},"162":{"start":{"line":299,"column":6},"end":{"line":303,"column":null}},"163":{"start":{"line":300,"column":8},"end":{"line":300,"column":null}},"164":{"start":{"line":301,"column":8},"end":{"line":301,"column":null}},"165":{"start":{"line":302,"column":8},"end":{"line":302,"column":null}},"166":{"start":{"line":306,"column":18},"end":{"line":306,"column":null}},"167":{"start":{"line":307,"column":6},"end":{"line":328,"column":null}},"168":{"start":{"line":308,"column":8},"end":{"line":312,"column":null}},"169":{"start":{"line":309,"column":10},"end":{"line":309,"column":null}},"170":{"start":{"line":310,"column":10},"end":{"line":310,"column":null}},"171":{"start":{"line":311,"column":10},"end":{"line":311,"column":null}},"172":{"start":{"line":313,"column":8},"end":{"line":317,"column":null}},"173":{"start":{"line":314,"column":10},"end":{"line":314,"column":null}},"174":{"start":{"line":315,"column":10},"end":{"line":315,"column":null}},"175":{"start":{"line":316,"column":10},"end":{"line":316,"column":null}},"176":{"start":{"line":318,"column":8},"end":{"line":322,"column":null}},"177":{"start":{"line":319,"column":10},"end":{"line":319,"column":null}},"178":{"start":{"line":320,"column":10},"end":{"line":320,"column":null}},"179":{"start":{"line":321,"column":10},"end":{"line":321,"column":null}},"180":{"start":{"line":323,"column":8},"end":{"line":327,"column":null}},"181":{"start":{"line":324,"column":10},"end":{"line":324,"column":null}},"182":{"start":{"line":325,"column":10},"end":{"line":325,"column":null}},"183":{"start":{"line":326,"column":10},"end":{"line":326,"column":null}},"184":{"start":{"line":331,"column":18},"end":{"line":331,"column":null}},"185":{"start":{"line":332,"column":6},"end":{"line":335,"column":null}},"186":{"start":{"line":333,"column":8},"end":{"line":333,"column":null}},"187":{"start":{"line":334,"column":8},"end":{"line":334,"column":null}},"188":{"start":{"line":340,"column":23},"end":{"line":342,"column":null}},"189":{"start":{"line":341,"column":4},"end":{"line":341,"column":null}},"190":{"start":{"line":344,"column":28},"end":{"line":348,"column":null}},"191":{"start":{"line":345,"column":4},"end":{"line":345,"column":null}},"192":{"start":{"line":345,"column":21},"end":{"line":345,"column":33}},"193":{"start":{"line":346,"column":4},"end":{"line":346,"column":null}},"194":{"start":{"line":347,"column":4},"end":{"line":347,"column":null}},"195":{"start":{"line":350,"column":23},"end":{"line":354,"column":null}},"196":{"start":{"line":351,"column":4},"end":{"line":353,"column":null}},"197":{"start":{"line":352,"column":6},"end":{"line":352,"column":null}},"198":{"start":{"line":356,"column":25},"end":{"line":359,"column":null}},"199":{"start":{"line":357,"column":4},"end":{"line":357,"column":null}},"200":{"start":{"line":358,"column":4},"end":{"line":358,"column":null}},"201":{"start":{"line":361,"column":26},"end":{"line":364,"column":null}},"202":{"start":{"line":362,"column":4},"end":{"line":362,"column":null}},"203":{"start":{"line":363,"column":4},"end":{"line":363,"column":null}},"204":{"start":{"line":366,"column":21},"end":{"line":372,"column":null}},"205":{"start":{"line":367,"column":4},"end":{"line":367,"column":null}},"206":{"start":{"line":368,"column":4},"end":{"line":368,"column":null}},"207":{"start":{"line":369,"column":4},"end":{"line":371,"column":null}},"208":{"start":{"line":370,"column":6},"end":{"line":370,"column":null}},"209":{"start":{"line":374,"column":22},"end":{"line":388,"column":null}},"210":{"start":{"line":375,"column":18},"end":{"line":375,"column":null}},"211":{"start":{"line":376,"column":4},"end":{"line":376,"column":null}},"212":{"start":{"line":376,"column":16},"end":{"line":376,"column":null}},"213":{"start":{"line":377,"column":31},"end":{"line":377,"column":null}},"214":{"start":{"line":378,"column":4},"end":{"line":383,"column":null}},"215":{"start":{"line":379,"column":6},"end":{"line":382,"column":null}},"216":{"start":{"line":380,"column":21},"end":{"line":380,"column":null}},"217":{"start":{"line":381,"column":8},"end":{"line":381,"column":null}},"218":{"start":{"line":381,"column":18},"end":{"line":381,"column":null}},"219":{"start":{"line":384,"column":4},"end":{"line":387,"column":null}},"220":{"start":{"line":385,"column":6},"end":{"line":385,"column":null}},"221":{"start":{"line":386,"column":6},"end":{"line":386,"column":null}},"222":{"start":{"line":390,"column":25},"end":{"line":394,"column":null}},"223":{"start":{"line":391,"column":4},"end":{"line":391,"column":null}},"224":{"start":{"line":391,"column":22},"end":{"line":391,"column":null}},"225":{"start":{"line":392,"column":4},"end":{"line":392,"column":null}},"226":{"start":{"line":392,"column":29},"end":{"line":392,"column":null}},"227":{"start":{"line":393,"column":4},"end":{"line":393,"column":null}},"228":{"start":{"line":396,"column":2},"end":{"line":544,"column":null}},"229":{"start":{"line":415,"column":68},"end":{"line":415,"column":84}},"230":{"start":{"line":415,"column":84},"end":{"line":415,"column":98}},"231":{"start":{"line":423,"column":99},"end":{"line":423,"column":null}},"232":{"start":{"line":426,"column":103},"end":{"line":426,"column":null}},"233":{"start":{"line":429,"column":123},"end":{"line":429,"column":null}},"234":{"start":{"line":433,"column":90},"end":{"line":433,"column":null}},"235":{"start":{"line":436,"column":105},"end":{"line":436,"column":null}},"236":{"start":{"line":439,"column":108},"end":{"line":439,"column":null}},"237":{"start":{"line":443,"column":102},"end":{"line":443,"column":null}},"238":{"start":{"line":446,"column":99},"end":{"line":446,"column":null}},"239":{"start":{"line":449,"column":101},"end":{"line":449,"column":null}},"240":{"start":{"line":474,"column":14},"end":{"line":487,"column":null}},"241":{"start":{"line":484,"column":71},"end":{"line":484,"column":88}},"242":{"start":{"line":503,"column":16},"end":{"line":503,"column":null}},"243":{"start":{"line":503,"column":36},"end":{"line":503,"column":null}},"244":{"start":{"line":504,"column":16},"end":{"line":504,"column":null}},"245":{"start":{"line":510,"column":29},"end":{"line":510,"column":null}},"246":{"start":{"line":519,"column":33},"end":{"line":519,"column":null}},"247":{"start":{"line":523,"column":116},"end":{"line":523,"column":145}},"248":{"start":{"line":523,"column":140},"end":{"line":523,"column":142}}},"fnMap":{"0":{"name":"applyFormatting","decl":{"start":{"line":31,"column":9},"end":{"line":31,"column":25}},"loc":{"start":{"line":31,"column":126},"end":{"line":108,"column":null}},"line":31},"1":{"name":"(anonymous_1)","decl":{"start":{"line":99,"column":11},"end":{"line":99,"column":17}},"loc":{"start":{"line":99,"column":17},"end":{"line":99,"column":25}},"line":99},"2":{"name":"(anonymous_2)","decl":{"start":{"line":102,"column":24},"end":{"line":102,"column":30}},"loc":{"start":{"line":102,"column":30},"end":{"line":107,"column":3}},"line":102},"3":{"name":"BoldIcon","decl":{"start":{"line":111,"column":9},"end":{"line":111,"column":20}},"loc":{"start":{"line":111,"column":20},"end":{"line":113,"column":null}},"line":111},"4":{"name":"ItalicIcon","decl":{"start":{"line":114,"column":9},"end":{"line":114,"column":22}},"loc":{"start":{"line":114,"column":22},"end":{"line":116,"column":null}},"line":114},"5":{"name":"StrikethroughIcon","decl":{"start":{"line":117,"column":9},"end":{"line":117,"column":29}},"loc":{"start":{"line":117,"column":29},"end":{"line":119,"column":null}},"line":117},"6":{"name":"CodeIcon","decl":{"start":{"line":120,"column":9},"end":{"line":120,"column":20}},"loc":{"start":{"line":120,"column":20},"end":{"line":122,"column":null}},"line":120},"7":{"name":"CodeBlockIcon","decl":{"start":{"line":123,"column":9},"end":{"line":123,"column":25}},"loc":{"start":{"line":123,"column":25},"end":{"line":125,"column":null}},"line":123},"8":{"name":"OrderedListIcon","decl":{"start":{"line":126,"column":9},"end":{"line":126,"column":27}},"loc":{"start":{"line":126,"column":27},"end":{"line":128,"column":null}},"line":126},"9":{"name":"UnorderedListIcon","decl":{"start":{"line":129,"column":9},"end":{"line":129,"column":29}},"loc":{"start":{"line":129,"column":29},"end":{"line":131,"column":null}},"line":129},"10":{"name":"BlockquoteIcon","decl":{"start":{"line":132,"column":9},"end":{"line":132,"column":26}},"loc":{"start":{"line":132,"column":26},"end":{"line":134,"column":null}},"line":132},"11":{"name":"SendIcon","decl":{"start":{"line":135,"column":9},"end":{"line":135,"column":20}},"loc":{"start":{"line":135,"column":20},"end":{"line":137,"column":null}},"line":135},"12":{"name":"PlusCircleIcon","decl":{"start":{"line":138,"column":9},"end":{"line":138,"column":26}},"loc":{"start":{"line":138,"column":26},"end":{"line":140,"column":null}},"line":138},"13":{"name":"TypingIndicator","decl":{"start":{"line":142,"column":9},"end":{"line":142,"column":25}},"loc":{"start":{"line":142,"column":101},"end":{"line":178,"column":null}},"line":142},"14":{"name":"(anonymous_14)","decl":{"start":{"line":144,"column":33},"end":{"line":144,"column":34}},"loc":{"start":{"line":144,"column":40},"end":{"line":144,"column":48}},"line":144},"15":{"name":"(anonymous_15)","decl":{"start":{"line":145,"column":38},"end":{"line":145,"column":39}},"loc":{"start":{"line":145,"column":45},"end":{"line":145,"column":58}},"line":145},"16":{"name":"(anonymous_16)","decl":{"start":{"line":148,"column":4},"end":{"line":148,"column":5}},"loc":{"start":{"line":148,"column":11},"end":{"line":148,"column":null}},"line":148},"17":{"name":"(anonymous_17)","decl":{"start":{"line":151,"column":12},"end":{"line":151,"column":18}},"loc":{"start":{"line":151,"column":18},"end":{"line":161,"column":5}},"line":151},"18":{"name":"(anonymous_18)","decl":{"start":{"line":152,"column":33},"end":{"line":152,"column":39}},"loc":{"start":{"line":152,"column":39},"end":{"line":159,"column":7}},"line":152},"19":{"name":"(anonymous_19)","decl":{"start":{"line":160,"column":11},"end":{"line":160,"column":17}},"loc":{"start":{"line":160,"column":17},"end":{"line":160,"column":null}},"line":160},"20":{"name":"MessageInput","decl":{"start":{"line":180,"column":24},"end":{"line":180,"column":37}},"loc":{"start":{"line":191,"column":10},"end":{"line":546,"column":null}},"line":191},"21":{"name":"(anonymous_21)","decl":{"start":{"line":216,"column":12},"end":{"line":216,"column":18}},"loc":{"start":{"line":216,"column":18},"end":{"line":220,"column":5}},"line":216},"22":{"name":"(anonymous_22)","decl":{"start":{"line":223,"column":12},"end":{"line":223,"column":18}},"loc":{"start":{"line":223,"column":18},"end":{"line":229,"column":5}},"line":223},"23":{"name":"(anonymous_23)","decl":{"start":{"line":231,"column":12},"end":{"line":231,"column":18}},"loc":{"start":{"line":231,"column":18},"end":{"line":237,"column":5}},"line":231},"24":{"name":"(anonymous_24)","decl":{"start":{"line":232,"column":11},"end":{"line":232,"column":17}},"loc":{"start":{"line":232,"column":17},"end":{"line":236,"column":null}},"line":232},"25":{"name":"(anonymous_25)","decl":{"start":{"line":239,"column":31},"end":{"line":239,"column":32}},"loc":{"start":{"line":239,"column":61},"end":{"line":247,"column":5}},"line":239},"26":{"name":"(anonymous_26)","decl":{"start":{"line":245,"column":20},"end":{"line":245,"column":21}},"loc":{"start":{"line":245,"column":30},"end":{"line":245,"column":54}},"line":245},"27":{"name":"(anonymous_27)","decl":{"start":{"line":249,"column":33},"end":{"line":249,"column":34}},"loc":{"start":{"line":249,"column":52},"end":{"line":256,"column":5}},"line":249},"28":{"name":"(anonymous_28)","decl":{"start":{"line":250,"column":20},"end":{"line":250,"column":21}},"loc":{"start":{"line":250,"column":30},"end":{"line":255,"column":5}},"line":250},"29":{"name":"(anonymous_29)","decl":{"start":{"line":258,"column":33},"end":{"line":258,"column":45}},"loc":{"start":{"line":258,"column":45},"end":{"line":289,"column":5}},"line":258},"30":{"name":"(anonymous_30)","decl":{"start":{"line":292,"column":4},"end":{"line":292,"column":5}},"loc":{"start":{"line":292,"column":47},"end":{"line":336,"column":null}},"line":292},"31":{"name":"(anonymous_31)","decl":{"start":{"line":340,"column":23},"end":{"line":340,"column":24}},"loc":{"start":{"line":340,"column":64},"end":{"line":342,"column":null}},"line":340},"32":{"name":"(anonymous_32)","decl":{"start":{"line":344,"column":28},"end":{"line":344,"column":29}},"loc":{"start":{"line":344,"column":47},"end":{"line":348,"column":null}},"line":344},"33":{"name":"(anonymous_33)","decl":{"start":{"line":345,"column":13},"end":{"line":345,"column":21}},"loc":{"start":{"line":345,"column":21},"end":{"line":345,"column":33}},"line":345},"34":{"name":"(anonymous_34)","decl":{"start":{"line":350,"column":23},"end":{"line":350,"column":24}},"loc":{"start":{"line":350,"column":47},"end":{"line":354,"column":null}},"line":350},"35":{"name":"(anonymous_35)","decl":{"start":{"line":356,"column":25},"end":{"line":356,"column":26}},"loc":{"start":{"line":356,"column":43},"end":{"line":359,"column":null}},"line":356},"36":{"name":"(anonymous_36)","decl":{"start":{"line":361,"column":26},"end":{"line":361,"column":27}},"loc":{"start":{"line":361,"column":44},"end":{"line":364,"column":null}},"line":361},"37":{"name":"(anony
[...]
art":{"line":203,"column":53},"end":{"line":203,"column":null}},"line":203},"14":{"name":"(anonymous_14)","decl":{"start":{"line":204,"column":25},"end":{"line":204,"column":26}},"loc":{"start":{"line":204,"column":57},"end":{"line":204,"column":null}},"line":204},"15":{"name":"(anonymous_15)","decl":{"start":{"line":205,"column":24},"end":{"line":205,"column":25}},"loc":{"start":{"line":205,"column":56},"end":{"line":205,"column":null}},"line":205},"16":{"name":"(anonymous_16)","decl":{"start":{"line":206,"column":20},"end":{"line":206,"column":21}},"loc":{"start":{"line":206,"column":42},"end":{"line":206,"column":null}},"line":206},"17":{"name":"(anonymous_17)","decl":{"start":{"line":207,"column":24},"end":{"line":207,"column":25}},"loc":{"start":{"line":207,"column":56},"end":{"line":207,"column":null}},"line":207},"18":{"name":"(anonymous_18)","decl":{"start":{"line":208,"column":25},"end":{"line":208,"column":26}},"loc":{"start":{"line":208,"column":73},"end":{"line":216,"column":null}},"line":208},"19":{"name":"(anonymous_19)","decl":{"start":{"line":208,"column":77},"end":{"line":208,"column":78}},"loc":{"start":{"line":208,"column":88},"end":{"line":216,"column":3}},"line":208},"20":{"name":"(anonymous_20)","decl":{"start":{"line":218,"column":12},"end":{"line":218,"column":13}},"loc":{"start":{"line":218,"column":36},"end":{"line":225,"column":null}},"line":218},"21":{"name":"(anonymous_21)","decl":{"start":{"line":227,"column":11},"end":{"line":227,"column":12}},"loc":{"start":{"line":227,"column":32},"end":{"line":231,"column":null}},"line":227},"22":{"name":"(anonymous_22)","decl":{"start":{"line":228,"column":8},"end":{"line":228,"column":9}},"loc":{"start":{"line":228,"column":20},"end":{"line":230,"column":6}},"line":228},"23":{"name":"(anonymous_23)","decl":{"start":{"line":233,"column":14},"end":{"line":233,"column":15}},"loc":{"start":{"line":233,"column":34},"end":{"line":239,"column":null}},"line":233},"24":{"name":"(anonymous_24)","decl":{"start":{"line":234,"column":8},"end":{"line":234,"column":9}},"loc":{"start":{"line":234,"column":19},"end":{"line":238,"column":5}},"line":234},"25":{"name":"(anonymous_25)","decl":{"start":{"line":241,"column":14},"end":{"line":241,"column":15}},"loc":{"start":{"line":241,"column":63},"end":{"line":249,"column":null}},"line":241},"26":{"name":"(anonymous_26)","decl":{"start":{"line":242,"column":8},"end":{"line":242,"column":9}},"loc":{"start":{"line":242,"column":19},"end":{"line":248,"column":5}},"line":242},"27":{"name":"(anonymous_27)","decl":{"start":{"line":251,"column":17},"end":{"line":251,"column":18}},"loc":{"start":{"line":251,"column":42},"end":{"line":251,"column":null}},"line":251},"28":{"name":"(anonymous_28)","decl":{"start":{"line":252,"column":16},"end":{"line":252,"column":17}},"loc":{"start":{"line":253,"column":4},"end":{"line":258,"column":null}},"line":253},"29":{"name":"(anonymous_29)","decl":{"start":{"line":260,"column":21},"end":{"line":260,"column":22}},"loc":{"start":{"line":260,"column":55},"end":{"line":260,"column":null}},"line":260},"30":{"name":"(anonymous_30)","decl":{"start":{"line":261,"column":18},"end":{"line":261,"column":19}},"loc":{"start":{"line":261,"column":50},"end":{"line":261,"column":null}},"line":261},"31":{"name":"(anonymous_31)","decl":{"start":{"line":263,"column":21},"end":{"line":263,"column":22}},"loc":{"start":{"line":263,"column":65},"end":{"line":265,"column":null}},"line":263},"32":{"name":"(anonymous_32)","decl":{"start":{"line":267,"column":20},"end":{"line":267,"column":21}},"loc":{"start":{"line":267,"column":60},"end":{"line":274,"column":null}},"line":267},"33":{"name":"(anonymous_33)","decl":{"start":{"line":268,"column":8},"end":{"line":268,"column":9}},"loc":{"start":{"line":268,"column":15},"end":{"line":273,"column":5}},"line":268},"34":{"name":"(anonymous_34)","decl":{"start":{"line":271,"column":24},"end":{"line":271,"column":25}},"loc":{"start":{"line":271,"column":31},"end":{"line":271,"column":57}},"line":271},"35":{"name":"(anonymous_35)","decl":{"start":{"line":276,"column":23},"end":{"line":276,"column":24}},"loc":{"start":{"line":276,"column":62},"end":{"line":287,"column":null}},"line":276},"36":{"name":"(anonymous_36)","decl":{"start":{"line":277,"column":8},"end":{"line":277,"column":9}},"loc":{"start":{"line":277,"column":15},"end":{"line":286,"column":5}},"line":277},"37":{"name":"(anonymous_37)","decl":{"start":{"line":280,"column":39},"end":{"line":280,"column":40}},"loc":{"start":{"line":280,"column":46},"end":{"line":280,"column":66}},"line":280},"38":{"name":"(anonymous_38)","decl":{"start":{"line":289,"column":23},"end":{"line":289,"column":24}},"loc":{"start":{"line":289,"column":89},"end":{"line":298,"column":null}},"line":289},"39":{"name":"(anonymous_39)","decl":{"start":{"line":290,"column":8},"end":{"line":290,"column":9}},"loc":{"start":{"line":290,"column":15},"end":{"line":297,"column":5}},"line":290},"40":{"name":"(anonymous_40)","decl":{"start":{"line":293,"column":35},"end":{"line":293,"column":36}},"loc":{"start":{"line":294,"column":8},"end":{"line":294,"column":null}},"line":294},"41":{"name":"(anonymous_41)","decl":{"start":{"line":300,"column":11},"end":{"line":300,"column":17}},"loc":{"start":{"line":300,"column":17},"end":{"line":327,"column":null}},"line":300},"42":{"name":"(anonymous_42)","decl":{"start":{"line":303,"column":44},"end":{"line":303,"column":45}},"loc":{"start":{"line":303,"column":51},"end":{"line":303,"column":59}},"line":303}},"branchMap":{"0":{"loc":{"start":{"line":84,"column":4},"end":{"line":84,"column":null}},"type":"if","locations":[{"start":{"line":84,"column":4},"end":{"line":84,"column":null}},{"start":{},"end":{}}],"line":84},"1":{"loc":{"start":{"line":86,"column":4},"end":{"line":86,"column":null}},"type":"if","locations":[{"start":{"line":86,"column":4},"end":{"line":86,"column":null}},{"start":{},"end":{}}],"line":86},"2":{"loc":{"start":{"line":86,"column":8},"end":{"line":86,"column":65}},"type":"binary-expr","locations":[{"start":{"line":86,"column":8},"end":{"line":86,"column":27}},{"start":{"line":86,"column":27},"end":{"line":86,"column":65}}],"line":86},"3":{"loc":{"start":{"line":89,"column":4},"end":{"line":115,"column":null}},"type":"if","locations":[{"start":{"line":89,"column":4},"end":{"line":115,"column":null}},{"start":{},"end":{}}],"line":89},"4":{"loc":{"start":{"line":89,"column":8},"end":{"line":89,"column":51}},"type":"binary-expr","locations":[{"start":{"line":89,"column":8},"end":{"line":89,"column":27}},{"start":{"line":89,"column":27},"end":{"line":89,"column":51}}],"line":89},"5":{"loc":{"start":{"line":130,"column":6},"end":{"line":148,"column":null}},"type":"if","locations":[{"start":{"line":130,"column":6},"end":{"line":148,"column":null}},{"start":{"line":145,"column":13},"end":{"line":148,"column":null}}],"line":130},"6":{"loc":{"start":{"line":133,"column":20},"end":{"line":133,"column":null}},"type":"binary-expr","locations":[{"start":{"line":133,"column":20},"end":{"line":133,"column":37}},{"start":{"line":133,"column":37},"end":{"line":133,"column":null}}],"line":133},"7":{"loc":{"start":{"line":157,"column":4},"end":{"line":157,"column":null}},"type":"if","locations":[{"start":{"line":157,"column":4},"end":{"line":157,"column":null}},{"start":{},"end":{}}],"line":157},"8":{"loc":{"start":{"line":157,"column":8},"end":{"line":157,"column":47}},"type":"binary-expr","locations":[{"start":{"line":157,"column":8},"end":{"line":157,"column":28}},{"start":{"line":157,"column":28},"end":{"line":157,"column":47}}],"line":157},"9":{"loc":{"start":{"line":197,"column":45},"end":{"line":197,"column":78}},"type":"cond-expr","locations":[{"start":{"line":197,"column":59},"end":{"line":197,"column":66}},{"start":{"line":197,"column":66},"end":{"line":197,"column":78}}],"line":197},"10":{"loc":{"start":{"line":210,"column":4},"end":{"line":214,"column":null}},"type":"if","locations":[{"start":{"line":210,"column":4},"end":{"line":214,"column":null}},{"start":{"line":212,"column":11},"end":{"line":214,"column":null}}],"line":210},"11":{"loc":{"start":{"line":219,"column":48},"end":{"line":219,"column":68}},"type":"binary-expr","locations":[{"start":{"line":219,"column":48},"end":{"line":219,"column":65}},{"start":{"line":219,"column":65},"end":{"line":219,"column":68}}],"line":219},"12":{"loc":{"start":{"line":222,"column":43},"end":{"line":222,"column":61}},"type":"binary-expr","locations":[{"start":{"line":222,"column":43},"end":{"line":222,"column":59}},{"start":{"line":222,"column":59},"end":{"line":222,"column":61}}],"line":222},"13":{"loc":{"start":{"line":244,"column":6},"end":{"line":244,"column":null}},"type":"if","locations":[{"start":{"line":244,"column":6},"end":{"line":244,"column":null}},{"start":{},"end":{}}],"line":244},"14":{"loc":{"start":{"line":256,"column":10},"end":{"line":256,"column":null}},"type":"cond-expr","locations":[{"start":{"line":256,"column":36},"end":{"line":256,"column":70}},{"start":{"line":256,"column":70},"end":{"line":256,"column":null}}],"line":256},"15":{"loc":{"start":{"line":257,"column":10},"end":{"line":257,"column":null}},"type":"cond-expr","locations":[{"start":{"line":257,"column":33},"end":{"line":257,"column":61}},{"start":{"line":257,"column":61},"end":{"line":257,"column":null}}],"line":257},"16":{"loc":{"start":{"line":269,"column":23},"end":{"line":269,"column":null}},"type":"binary-expr","locations":[{"start":{"line":269,"column":23},"end":{"line":269,"column":54}},{"start":{"line":269,"column":54},"end":{"line":269,"column":null}}],"line":269},"17":{"loc":{"start":{"line":271,"column":6},"end":{"line":271,"column":null}},"type":"if","locations":[{"start":{"line":271,"column":6},"end":{"line":271,"column":null}},{"start":{},"end":{}}],"line":271},"18":{"loc":{"start":{"line":279,"column":6},"end":{"line":279,"column":null}},"type":"if","locations":[{"start":{"line":279,"column":6},"end":{"line":279,"column":null}},{"start":{},"end":{}}],"line":279},"19":{"loc":{"start":{"line":281,"column":6},"end":{"line":284,"column":null}},"type":"if","locations":[{"start":{"line":281,"column":6},"end":{"line":284,"column":null}},{"start":{},"end":{}}],"line":281},"20":{"loc":{"start":{"line":292,"column":6},"end":{"line":292,"column":null}},"type":"if","locations":[{"start":{"line":292,"column":6},"end":{"line":292,"column":null}},{"start":{},"end":{}}],"line":292},"21":{"loc":{"start":{"line":294,"column":8},"end":{"line":294,"column":null}},"type":"cond-expr","locations":[{"start":{"line":294,"column":31},"end":{"line":294,"column":52}},{"start":{"line":294,"column":52},"end":{"line":294,"column":null}}],"line":294},"22":{"loc":{"start":{"line":302,"column":4},"end":{"line":304,"column":null}},"type":"if","locations":[{"start":{"line":302,"column":4},"end":{"line":304,"column":null}},{"start":{},"end":{}}],"line":302},"23":{"loc":{"start":{"line":305,"column":4},"end":{"line":307,"column":null}},"type":"if","locations":[{"start":{"line":305,"column":4},"end":{"line":307,"column":null}},{"start":{},"end":{}}],"line":305}},"s":{"0":6,"1":6,"2":45,"3":0,"4":0,"5":0,"6":0,"7":0,"8":0,"9":0,"10":0,"11":0,"12":0,"13":0,"14":0,"15":0,"16":0,"17":0,"18":0,"19":0,"20":0,"21":0,"22":0,"23":0,"24":0,"25":0,"26":0,"27":0,"28":0,"29":0,"30":0,"31":0,"32":0,"33":3,"34":3,"35":1,"36":2,"37":2,"38":2,"39":2,"40":2,"41":2,"42":5,"43":5,"44":7,"45":7,"46":7,"47":2,"48":5,"49":9,"50":3,"51":5,"52":5,"53":6,"54":5,"55":5,"56":5,"57":3,"58":2,"59":5,"60":5,"61":5,"62":5,"63":6,"64":5,"65":16,"66":16,"67":3,"68":3,"69":3,"70":3,"71":13,"72":13,"73":13,"74":5,"75":8,"76":1,"77":2,"78":45,"79":45,"80":4,"81":11,"82":11,"83":11,"84":4,"85":1,"86":10,"87":3,"88":3,"89":3,"90":1,"91":2,"92":3,"93":2,"94":1,"95":1,"96":1,"97":3,"98":3,"99":3,"100":1,"101":2,"102":3,"103":2,"104":5,"105":5,"106":1,"107":1,"108":5,"109":1,"110":5},"f":{"0":6,"1":45,"2":0,"3":0,"4":3,"5":2,"6":2,"7":5,"8":5,"9":7,"10":7,"11":2,"12":5,"13":9,"14":3,"15":5,"16":5,"17":6,"18":5,"19":5,"20":5,"21":16,"22":16,"23":3,"24":3,"25":13,"26":13,"27":1,"28":2,"29":45,"30":45,"31":4,"32":11,"33":11,"34":4,"35":3,"36":3,"37":3,"38":3,"39":3,"40":3,"41":5,"42":1},"b":{"0":[0,0],"1":[0,0],"2":[0,0],"3":[0,0],"4":[0,0],"5":[0,0],"6":[0,0],"7":[1,2],"8":[3,2],"9":[5,2],"10":[3,2],"11":[5,0],"12":[6,1],"13":[5,8],"14":[1,1],"15":[1,1],"16":[11,7],"17":[1,10],"18":[1,2],"19":[1,1],"20":[1,2],"21":[2,1],"22":[1,4],"23":[1,4]},"meta":{"lastBranch":24,"lastFunction":43,"lastStatement":111,"seen":{"s:59:13:328:Infinity":0,"f:59:48:59:49":0,"s:59:63:328:2":1,"f:80:15:80:16":1,"s:80:37:80:Infinity":2,"f:82:15:82:22":2,"s:83:18:83:Infinity":3,"b:84:4:84:Infinity:undefined:undefined:undefined:undefined":0,"s:84:4:84:Infinity":4,"s:84:26:84:Infinity":5,"b:86:4:86:Infinity:undefined:undefined:undefined:undefined":1,"s:86:4:86:Infinity":6,"b:86:8:86:27:86:27:86:65":2,"s:86:65:86:Infinity":7,"b:89:4:115:Infinity:undefined:undefined:undefined:undefined":3,"s:89:4:115:Infinity":8,"b:89:8:89:27:89:27:89:51":4,"s:90:6:90:Infinity":9,"s:91:6:96:Infinity":10,"s:92:34:92:Infinity":11,"s:93:8:93:Infinity":12,"s:97:6:114:Infinity":13,"s:117:4:117:Infinity":14,"s:119:4:152:Infinity":15,"s:120:32:120:Infinity":16,"s:121:32:121:Infinity":17,"s:122:6:122:Infinity":18,"s:123:6:123:Infinity":19,"s:126:24:126:Infinity":20,"s:127:19:127:Infinity":21,"s:128:6:128:Infinity":22,"s:129:6:129:Infinity":23,"b:130:6:148:Infinity:145:13:148:Infinity":5,"s:130:6:148:Infinity":24,"s:131:36:138:Infinity":25,"b:133:20:133:37:133:37:133:Infinity":6,"s:139:8:143:Infinity":26,"f:139:12:139:13":3,"s:139:20:143:10":27,"s:144:8:144:Infinity":28,"s:146:8:146:Infinity":29,"s:147:8:147:Infinity":30,"s:150:6:150:Infinity":31,"s:151:6:151:Infinity":32,"f:155:16:155:22":4,"s:156:18:156:Infinity":33,"b:157:4:157:Infinity:undefined:undefined:undefined:undefined":7,"s:157:4:157:Infinity":34,"b:157:8:157:28:157:28:157:47":8,"s:157:47:157:Infinity":35,"s:158:4:158:Infinity":36,"s:160:4:160:Infinity":37,"f:160:41:160:56":5,"s:160:62:160:Infinity":38,"s:163:4:181:Infinity":39,"s:184:4:186:Infinity":40,"f:184:41:184:55":6,"s:185:6:185:Infinity":41,"f:189:14:189:20":7,"s:190:4:190:Infinity":42,"f:190:8:190:9":8,"s:190:20:190:44":43,"f:193:16:193:22":9,"s:194:4:198:Infinity":44,"f:194:8:194:9":10,"s:195:26:195:Infinity":45,"s:197:6:197:Infinity":46,"b:197:59:197:66:197:66:197:78":9,"f:201:15:201:16":11,"s:201:38:201:Infinity":47,"f:202:20:202:21":12,"s:202:42:202:Infinity":48,"f:203:26:203:27":13,"s:203:53:203:Infinity":49,"f:204:25:204:26":14,"s:204:57:204:Infinity":50,"f:205:24:205:25":15,"s:205:56:205:Infinity":51,"f:206:20:206:21":16,"s:206:42:206:Infinity":52,"f:207:24:207:25":17,"s:207:56:207:Infinity":53,"f:208:25:208:26":18,"s:208:73:216:Infinity":54,"f:208:77:208:78":19,"s:209:20:209:Infinity":55,"b:210:4:214:Infinity:212:11:214:Infinity":10,"s:210:4:214:Infinity":56,"s:211:6:211:Infinity":57,"s:213:6:213:Infinity":58,"s:215:4:215:Infinity":59,"f:218:12:218:13":20,"s:219:4:219:Infinity":60,"b:219:48:219:65:219:65:219:68":11,"s:220:43:220:Infinity":61,"s:221:4:223:Infinity":62,"s:222:6:222:Infinity":63,"b:222:43:222:59:222:59:222:61":12,"s:224:4:224:Infinity":64,"f:227:11:227:12":21,"s:228:4:230:Infinity":65,"f:228:8:228:9":22,"s:228:20:230:6":66,"f:233:14:233:15":23,"s:234:4:238:Infinity":67,"f:234:8:234:9":24,"s:235:20:235:Infinity":68,"s:236:6:236:Infinity":69,"s:237:6:237:Infinity":70,"f:241:14:241:15":25,"s:242:4:248:Infinity":71,"f:242:8:242:9":26,"s:243:23:243:Infinity":72,"b:244:6:244:Infinity:undefined:undefined:undefined:undefined":13,"s:244:6:244:Infinity":73,"s:244:21:244:Infinity":74,"s:245:6:247:Infinity":75,"f:251:17:251:18":27,"s:251:42:251:Infinity":76,"f:252:16:252:17":28,"s:253:4:258:Infinity":77,"b:256:36:256:70:256:70:256:Infinity":14,"b:257:33:257:61:257:61:257:Infinity":15,"f:260:21:260:22":29,"s:260:55:260:Infinity":78,"f:261:18:261:19":30,"s:261:50:261:Infinity":79,"f:263:21:263:22":31,"s:264:4:264:Infinity":80,"f:267:20:267:21":32,"s:268:4:273:Infinity":81,"f:268:8:268:9":33,"s:269:23:269:Infinity":82,"b:269:23:269:54:269:54:269:Infinity":16,"b:271:6:271:Infinity:undefined:undefined:undefined:undefined":17,"s:271:6:271:Infinity":83,"f:271:24:271:25":34,"s:271:31:271:57":84,"s:271:60:271:Infinity":85,"s:272:6:272:Infinity":86,"f:276:23:276:24":35,"s:277:4:286:Infinity":87,"f:277:8:277:9":36,"s:278:23:278:Infinity":88,"b:279:6:279:Infinity:undefined:undefined:undefined:undefined":18,"s:279:6:279:Infinity":89,"s:279:21:279:Infinity":90,"s:280:23:280:Infinity":91,"f:280:39:280:40":37,"s:280:46:280:66":92,"b:281:6:284:Infinity:undefined:undefined:undefined:undefined":19,"s:281:6:284:Infinity":93,"s:282:44:282:Infinity":94,"s:283:8:283:Infinity":95,"s:285:6:285:Infinity":96,"f:289:23:289:24":38,"s:290:4:297:Infinity":97,"f:290:8:290:9":39,"s:291:23:291:Infinity":98,"b:292:6:292:Infinity:undefined:undefined:undefined:undefined":20,"s:292:6:292:Infinity":99,"s:292:21:292:Infinity":100,"s:293:22:295:Infinity":101,"f:293:35:293:36":40,"s:294:8:294:Infinity":102,"b:294:31:294:52:294:52:294:Infinity":21,"s:296:6:296:Infinity":103,"f:300:11:300:17":41,"s:301:18:301:Infinity":104,"b:302:4:304:Infinity:undefined:undefined:undefined:undefined":22,"s:302:4:304:Infinity":105,"s:303:6:303:Infinity":106,"f:303:44:303:45":42,"s:303:51:303:59":107,"b:305:4:307:Infinity:undefined:undefined:undefined:undefined":23,"s:305:4:307:Infinity":108,"s:306:6:306:Infinity":109,"s:308:4:326:Infinity":110}}}
,"/Users/thim/Repositories/slimcord/client/src/themes/themes.ts": {"path":"/Users/thim/Repositories/slimcord/client/src/themes/themes.ts","statementMap":{"0":{"start":{"line":5,"column":38},"end":{"line":52,"column":null}},"1":{"start":{"line":54,"column":39},"end":{"line":93,"column":null}}},"fnMap":{},"branchMap":{},"s":{"0":1,"1":1},"f":{},"b":{},"meta":{"lastBranch":0,"lastFunction":0,"lastStatement":2,"seen":{"s:5:38:52:Infinity":0,"s:54:39:93:Infinity":1}}}
,"/Users/thim/Repositories/slimcord/client/src/utils/colors.ts": {"path":"/Users/thim/Repositories/slimcord/client/src/utils/colors.ts","statementMap":{"0":{"start":{"line":2,"column":24},"end":{"line":15,"column":null}},"1":{"start":{"line":18,"column":15},"end":{"line":18,"column":null}},"2":{"start":{"line":19,"column":13},"end":{"line":19,"column":null}},"3":{"start":{"line":20,"column":2},"end":{"line":22,"column":null}},"4":{"start":{"line":20,"column":15},"end":{"line":20,"column":18}},"5":{"start":{"line":21,"column":4},"end":{"line":21,"column":null}},"6":{"start":{"line":23,"column":2},"end":{"line":23,"column":null}},"7":{"start":{"line":27,"column":2},"end":{"line":27,"column":null}}},"fnMap":{"0":{"name":"usernameColor","decl":{"start":{"line":17,"column":16},"end":{"line":17,"column":30}},"loc":{"start":{"line":17,"column":56},"end":{"line":24,"column":null}},"line":17},"1":{"name":"getInitials","decl":{"start":{"line":26,"column":16},"end":{"line":26,"column":28}},"loc":{"start":{"line":26,"column":54},"end":{"line":28,"column":null}},"line":26}},"branchMap":{"0":{"loc":{"start":{"line":18,"column":15},"end":{"line":18,"column":null}},"type":"binary-expr","locations":[{"start":{"line":18,"column":15},"end":{"line":18,"column":27}},{"start":{"line":18,"column":27},"end":{"line":18,"column":null}}],"line":18},"1":{"loc":{"start":{"line":27,"column":10},"end":{"line":27,"column":27}},"type":"binary-expr","locations":[{"start":{"line":27,"column":10},"end":{"line":27,"column":22}},{"start":{"line":27,"column":22},"end":{"line":27,"column":27}}],"line":27}},"s":{"0":2,"1":10,"2":10,"3":10,"4":10,"5":48,"6":10,"7":4},"f":{"0":10,"1":4},"b":{"0":[10,1],"1":[4,1]},"meta":{"lastBranch":2,"lastFunction":2,"lastStatement":8,"seen":{"s:2:24:15:Infinity":0,"f:17:16:17:30":0,"s:18:15:18:Infinity":1,"b:18:15:18:27:18:27:18:Infinity":0,"s:19:13:19:Infinity":2,"s:20:2:22:Infinity":3,"s:20:15:20:18":4,"s:21:4:21:Infinity":5,"s:23:2:23:Infinity":6,"f:26:16:26:28":1,"s:27:2:27:Infinity":7,"b:27:10:27:22:27:22:27:27":1}}}
}
