TN:
SF:src/components/CategorySelect/CategorySelect.tsx
FN:14,CategorySelect
FN:25,(anonymous_1)
FN:34,(anonymous_2)
FN:34,(anonymous_3)
FN:41,(anonymous_4)
FN:43,(anonymous_5)
FN:54,(anonymous_6)
FNF:7
FNH:7
FNDA:74,CategorySelect
FNDA:74,(anonymous_1)
FNDA:39,(anonymous_2)
FNDA:39,(anonymous_3)
FNDA:4,(anonymous_4)
FNDA:37,(anonymous_5)
FNDA:2,(anonymous_6)
DA:22,74
DA:23,74
DA:25,74
DA:26,74
DA:27,71
DA:28,74
DA:32,74
DA:34,39
DA:39,74
DA:41,4
DA:44,37
DA:54,2
LF:12
LH:12
BRDA:26,0,0,3
BRDA:26,0,1,71
BRDA:27,1,0,71
BRDA:27,1,1,0
BRDA:34,2,0,39
BRDA:34,2,1,37
BRDA:50,3,0,74
BRDA:50,3,1,10
BRF:8
BRH:7
end_of_record
TN:
SF:src/components/ChannelList/ChannelList.tsx
FN:21,ChannelList
FN:34,(anonymous_1)
FN:35,(anonymous_2)
FN:40,(anonymous_3)
FN:41,(anonymous_4)
FN:49,(anonymous_5)
FN:57,(anonymous_6)
FN:60,(anonymous_7)
FN:61,(anonymous_8)
FN:69,(anonymous_9)
FN:74,(anonymous_10)
FN:75,(anonymous_11)
FN:77,(anonymous_12)
FN:80,(anonymous_13)
FN:85,(anonymous_14)
FN:93,(anonymous_15)
FN:101,(anonymous_16)
FN:118,(anonymous_17)
FN:124,(anonymous_18)
FN:125,(anonymous_19)
FN:142,(anonymous_20)
FN:166,(anonymous_21)
FN:167,(anonymous_22)
FN:171,(anonymous_23)
FN:172,(anonymous_24)
FN:181,(anonymous_25)
FN:191,(anonymous_26)
FN:212,(anonymous_27)
FNF:28
FNH:25
FNDA:51,ChannelList
FNDA:98,(anonymous_1)
FNDA:98,(anonymous_2)
FNDA:51,(anonymous_3)
FNDA:49,(anonymous_4)
FNDA:1,(anonymous_5)
FNDA:0,(anonymous_6)
FNDA:3,(anonymous_7)
FNDA:3,(anonymous_8)
FNDA:7,(anonymous_9)
FNDA:32,(anonymous_10)
FNDA:11,(anonymous_11)
FNDA:32,(anonymous_12)
FNDA:97,(anonymous_13)
FNDA:3,(anonymous_14)
FNDA:1,(anonymous_15)
FNDA:96,(anonymous_16)
FNDA:2,(anonymous_17)
FNDA:6,(anonymous_18)
FNDA:1,(anonymous_19)
FNDA:3,(anonymous_20)
FNDA:0,(anonymous_21)
FNDA:0,(anonymous_22)
FNDA:48,(anonymous_23)
FNDA:49,(anonymous_24)
FNDA:2,(anonymous_25)
FNDA:2,(anonymous_26)
FNDA:1,(anonymous_27)
DA:22,51
DA:23,51
DA:24,51
DA:25,51
DA:26,51
DA:27,51
DA:28,51
DA:30,51
DA:31,51
DA:34,98
DA:35,98
DA:37,51
DA:38,51
DA:40,51
DA:41,51
DA:42,49
DA:43,49
DA:44,49
DA:45,49
DA:46,49
DA:48,51
DA:49,48
DA:51,51
DA:54,51
DA:55,51
DA:56,51
DA:57,49
DA:60,51
DA:61,3
DA:62,3
DA:63,3
DA:64,2
DA:65,3
DA:69,51
DA:70,7
DA:71,7
DA:74,51
DA:75,32
DA:76,32
DA:77,32
DA:80,51
DA:81,97
DA:82,97
DA:85,3
DA:93,1
DA:102,96
DA:103,96
DA:105,96
DA:107,96
DA:108,94
DA:109,47
DA:111,96
DA:112,96
DA:114,96
DA:119,2
DA:120,2
DA:121,1
DA:124,6
DA:126,1
DA:127,1
DA:128,1
DA:143,3
DA:166,51
DA:167,51
DA:169,51
DA:171,48
DA:172,49
DA:182,2
DA:183,2
DA:192,2
DA:193,2
DA:194,2
DA:195,2
DA:196,2
DA:197,1
DA:199,1
DA:212,1
LF:77
LH:77
BRDA:30,0,0,49
BRDA:30,0,1,2
BRDA:31,1,0,49
BRDA:31,1,1,2
BRDA:42,2,0,49
BRDA:42,2,1,47
BRDA:43,3,0,0
BRDA:43,3,1,49
BRDA:43,4,0,49
BRDA:43,4,1,49
BRDA:44,5,0,48
BRDA:44,5,1,1
BRDA:56,6,0,49
BRDA:56,6,1,2
BRDA:63,7,0,1
BRDA:63,7,1,2
BRDA:86,8,0,2
BRDA:86,8,1,95
BRDA:89,9,0,97
BRDA:89,9,1,4
BRDA:100,10,0,97
BRDA:100,10,1,95
BRDA:103,11,0,96
BRDA:103,11,1,49
BRDA:103,11,2,2
BRDA:107,12,0,2
BRDA:107,12,1,94
BRDA:108,13,0,47
BRDA:108,13,1,47
BRDA:108,14,0,47
BRDA:108,14,1,46
BRDA:111,15,0,96
BRDA:111,15,1,87
BRDA:112,16,0,96
BRDA:112,16,1,47
BRDA:117,17,0,3
BRDA:117,17,1,93
BRDA:120,18,0,1
BRDA:120,18,1,1
BRDA:120,19,0,2
BRDA:120,19,1,1
BRDA:120,19,2,1
BRDA:126,20,0,1
BRDA:126,20,1,0
BRDA:126,21,0,1
BRDA:126,21,1,1
BRDA:132,22,0,3
BRDA:132,22,1,93
BRDA:132,23,0,96
BRDA:132,23,1,49
BRDA:132,24,0,49
BRDA:132,24,1,47
BRDA:133,25,0,3
BRDA:133,25,1,93
BRDA:134,26,0,96
BRDA:134,26,1,3
BRDA:136,27,0,1
BRDA:136,27,1,2
BRDA:140,28,0,96
BRDA:140,28,1,3
BRDA:145,29,0,0
BRDA:145,29,1,3
BRDA:146,30,0,3
BRDA:146,30,1,0
BRDA:152,31,0,3
BRDA:152,31,1,1
BRDA:153,32,0,3
BRDA:153,32,1,0
BRDA:154,33,0,3
BRDA:154,33,1,0
BRDA:174,34,0,51
BRDA:174,34,1,7
BRDA:192,35,0,0
BRDA:192,35,1,2
BRDA:209,36,0,51
BRDA:209,36,1,2
BRF:76
BRH:69
end_of_record
TN:
SF:src/components/ConnectionStatus/ConnectionStatus.tsx
FN:16,getQuality
FN:24,qualityLabel
FN:33,qualityBars
FN:42,ConnectionStatus
FN:52,(anonymous_4)
FN:55,(anonymous_5)
FN:66,(anonymous_6)
FN:76,(anonymous_7)
FN:77,(anonymous_8)
FN:78,(anonymous_9)
FN:80,(anonymous_10)
FN:85,(anonymous_11)
FN:89,(anonymous_12)
FN:92,(anonymous_13)
FN:105,(anonymous_14)
FN:106,(anonymous_15)
FN:109,(anonymous_16)
FNF:17
FNH:17
FNDA:7,getQuality
FNDA:39,qualityLabel
FNDA:39,qualityBars
FNDA:39,ConnectionStatus
FNDA:8,(anonymous_4)
FNDA:1,(anonymous_5)
FNDA:1,(anonymous_6)
FNDA:20,(anonymous_7)
FNDA:1,(anonymous_8)
FNDA:1,(anonymous_9)
FNDA:1,(anonymous_10)
FNDA:20,(anonymous_11)
FNDA:20,(anonymous_12)
FNDA:20,(anonymous_13)
FNDA:10,(anonymous_14)
FNDA:1,(anonymous_15)
FNDA:156,(anonymous_16)
DA:14,1
DA:17,7
DA:18,7
DA:19,6
DA:20,2
DA:21,1
DA:25,39
DA:26,6
DA:27,2
DA:28,3
DA:29,28
DA:34,39
DA:35,6
DA:36,2
DA:37,3
DA:38,28
DA:43,39
DA:44,39
DA:49,39
DA:50,39
DA:52,39
DA:53,8
DA:54,8
DA:55,1
DA:56,1
DA:58,7
DA:59,7
DA:60,6
DA:66,1
DA:76,39
DA:77,20
DA:78,1
DA:80,20
DA:81,1
DA:83,20
DA:84,20
DA:85,20
DA:89,39
DA:90,20
DA:91,20
DA:92,20
DA:93,20
DA:94,20
DA:98,39
DA:99,39
DA:101,39
DA:105,10
DA:106,1
DA:110,156
LF:49
LH:49
BRDA:17,0,0,0
BRDA:17,0,1,7
BRDA:18,1,0,1
BRDA:18,1,1,6
BRDA:19,2,0,4
BRDA:19,2,1,2
BRDA:20,3,0,1
BRDA:20,3,1,1
BRDA:25,4,0,6
BRDA:25,4,1,2
BRDA:25,4,2,3
BRDA:25,4,3,28
BRDA:34,5,0,6
BRDA:34,5,1,2
BRDA:34,5,2,3
BRDA:34,5,3,28
BRDA:53,6,0,0
BRDA:53,6,1,8
BRDA:54,7,0,1
BRDA:54,7,1,7
BRDA:70,8,0,1
BRDA:70,8,1,0
BRDA:94,9,0,20
BRDA:94,9,1,0
BRDA:112,10,0,36
BRDA:112,10,1,120
BRDA:117,11,0,39
BRDA:117,11,1,11
BRDA:128,12,0,9
BRDA:128,12,1,2
BRDA:132,13,0,5
BRDA:132,13,1,6
BRF:32
BRH:28
end_of_record
TN:
SF:src/components/CreateChannel/CreateChannel.tsx
FN:15,CreateChannel
FN:27,(anonymous_1)
FN:58,(anonymous_2)
FN:68,(anonymous_3)
FN:74,(anonymous_4)
FN:87,(anonymous_5)
FN:109,(anonymous_6)
FNF:7
FNH:7
FNDA:38,CreateChannel
FNDA:5,(anonymous_1)
FNDA:1,(anonymous_2)
FNDA:1,(anonymous_3)
FNDA:3,(anonymous_4)
FNDA:6,(anonymous_5)
FNDA:1,(anonymous_6)
DA:16,38
DA:17,38
DA:18,38
DA:19,38
DA:20,38
DA:21,38
DA:22,38
DA:23,38
DA:24,38
DA:25,38
DA:27,38
DA:28,5
DA:29,4
DA:30,4
DA:31,4
DA:32,5
DA:39,3
DA:48,5
DA:52,4
DA:56,38
DA:58,1
DA:68,1
DA:74,3
DA:87,6
DA:109,1
LF:25
LH:25
BRDA:20,0,0,38
BRDA:20,0,1,37
BRDA:28,1,0,1
BRDA:28,1,1,4
BRDA:28,2,0,5
BRDA:28,2,1,4
BRDA:31,3,0,1
BRDA:31,3,1,3
BRDA:35,4,0,5
BRDA:35,4,1,3
BRDA:36,5,0,5
BRDA:36,5,1,3
BRDA:45,6,0,3
BRDA:45,6,1,0
BRDA:46,7,0,5
BRDA:46,7,1,2
BRDA:46,8,0,1
BRDA:46,8,1,2
BRDA:58,9,0,1
BRDA:58,9,1,0
BRDA:67,10,0,31
BRDA:67,10,1,7
BRDA:73,11,0,7
BRDA:73,11,1,31
BRDA:121,12,0,38
BRDA:121,12,1,17
BRDA:123,13,0,4
BRDA:123,13,1,34
BRF:28
BRH:26
end_of_record
TN:
SF:src/components/DMList/DMList.tsx
FN:18,formatLastMessage
FN:24,formatTimestamp
FN:35,getDMDisplayName
FN:37,(anonymous_3)
FN:39,(anonymous_4)
FN:43,DMList
FN:46,(anonymous_6)
FN:47,(anonymous_7)
FN:48,(anonymous_8)
FN:49,(anonymous_9)
FN:54,(anonymous_10)
FN:56,(anonymous_11)
FN:73,(anonymous_12)
FN:74,(anonymous_13)
FN:81,(anonymous_14)
FN:84,(anonymous_15)
FN:103,(anonymous_16)
FN:111,(anonymous_17)
FN:117,(anonymous_18)
FN:123,(anonymous_19)
FNF:20
FNH:20
FNDA:35,formatLastMessage
FNDA:35,formatTimestamp
FNDA:39,getDMDisplayName
FNDA:51,(anonymous_3)
FNDA:44,(anonymous_4)
FNDA:41,DMList
FNDA:143,(anonymous_6)
FNDA:143,(anonymous_7)
FNDA:143,(anonymous_8)
FNDA:143,(anonymous_9)
FNDA:19,(anonymous_10)
FNDA:19,(anonymous_11)
FNDA:38,(anonymous_12)
FNDA:13,(anonymous_13)
FNDA:40,(anonymous_14)
FNDA:4,(anonymous_15)
FNDA:2,(anonymous_16)
FNDA:35,(anonymous_17)
FNDA:40,(anonymous_18)
FNDA:1,(anonymous_19)
DA:11,1
DA:19,35
DA:20,7
DA:21,7
DA:25,35
DA:26,35
DA:27,35
DA:28,35
DA:29,32
DA:30,32
DA:31,32
DA:32,31
DA:36,39
DA:37,51
DA:39,44
DA:40,22
DA:44,41
DA:45,41
DA:46,143
DA:47,143
DA:48,143
DA:49,41
DA:50,143
DA:52,41
DA:54,41
DA:55,19
DA:56,19
DA:57,19
DA:59,19
DA:60,0
DA:61,0
DA:63,19
DA:65,19
DA:70,19
DA:73,41
DA:74,38
DA:75,13
DA:76,13
DA:77,13
DA:81,41
DA:82,40
DA:83,4
DA:84,4
DA:85,4
DA:89,41
DA:103,2
DA:112,35
DA:113,35
DA:114,35
DA:115,35
DA:117,40
DA:119,35
DA:123,1
LF:53
LH:51
BRDA:19,0,0,28
BRDA:19,0,1,7
BRDA:21,1,0,1
BRDA:21,1,1,6
BRDA:28,2,0,3
BRDA:28,2,1,32
BRDA:31,3,0,1
BRDA:31,3,1,31
BRDA:36,4,0,17
BRDA:36,4,1,22
BRDA:37,5,0,51
BRDA:37,5,1,0
BRDA:40,6,0,22
BRDA:40,6,1,0
BRDA:40,6,2,0
BRDA:50,7,0,143
BRDA:50,7,1,0
BRDA:50,8,0,143
BRDA:50,8,1,0
BRDA:55,9,0,0
BRDA:55,9,1,19
BRDA:59,10,0,0
BRDA:59,10,1,19
BRDA:61,11,0,0
BRDA:61,11,1,0
BRDA:75,12,0,13
BRDA:75,12,1,12
BRDA:76,13,0,13
BRDA:76,13,1,12
BRDA:82,14,0,36
BRDA:82,14,1,4
BRDA:108,15,0,41
BRDA:108,15,1,21
BRDA:114,16,0,35
BRDA:114,16,1,28
BRDA:115,17,0,15
BRDA:115,17,1,20
BRDA:116,18,0,15
BRDA:116,18,1,0
BRDA:117,19,0,20
BRDA:117,19,1,0
BRDA:122,20,0,2
BRDA:122,20,1,33
BRDA:127,21,0,15
BRDA:127,21,1,20
BRDA:139,22,0,35
BRDA:139,22,1,28
BRDA:143,23,0,35
BRDA:143,23,1,15
BRF:49
BRH:38
end_of_record
TN:
SF:src/components/DMList/NewDMModal.tsx
FN:16,NewDMModal
FN:26,(anonymous_1)
FN:28,(anonymous_2)
FN:31,(anonymous_3)
FN:38,(anonymous_4)
FN:39,(anonymous_5)
FN:40,(anonymous_6)
FN:41,(anonymous_7)
FN:47,(anonymous_8)
FN:48,(anonymous_9)
FN:48,(anonymous_10)
FN:51,(anonymous_11)
FN:55,(anonymous_12)
FN:69,(anonymous_13)
FN:70,(anonymous_14)
FN:74,(anonymous_15)
FN:93,(anonymous_16)
FN:96,(anonymous_17)
FN:109,(anonymous_18)
FN:114,(anonymous_19)
FN:115,(anonymous_20)
FN:120,(anonymous_21)
FNF:22
FNH:22
FNDA:33,NewDMModal
FNDA:96,(anonymous_1)
FNDA:33,(anonymous_2)
FNDA:4,(anonymous_3)
FNDA:10,(anonymous_4)
FNDA:10,(anonymous_5)
FNDA:2,(anonymous_6)
FNDA:1,(anonymous_7)
FNDA:1,(anonymous_8)
FNDA:1,(anonymous_9)
FNDA:1,(anonymous_10)
FNDA:2,(anonymous_11)
FNDA:2,(anonymous_12)
FNDA:16,(anonymous_13)
FNDA:1,(anonymous_14)
FNDA:16,(anonymous_15)
FNDA:14,(anonymous_16)
FNDA:1,(anonymous_17)
FNDA:2,(anonymous_18)
FNDA:61,(anonymous_19)
FNDA:27,(anonymous_20)
FNDA:10,(anonymous_21)
DA:17,33
DA:18,33
DA:19,33
DA:20,33
DA:21,33
DA:22,33
DA:23,33
DA:25,33
DA:26,96
DA:28,33
DA:29,33
DA:30,2
DA:31,2
DA:33,4
DA:38,33
DA:39,10
DA:40,10
DA:41,1
DA:43,9
DA:47,33
DA:48,1
DA:51,33
DA:52,2
DA:53,2
DA:54,2
DA:55,2
DA:56,2
DA:57,1
DA:58,1
DA:59,1
DA:60,1
DA:64,2
DA:69,33
DA:70,16
DA:71,1
DA:73,16
DA:74,16
DA:78,33
DA:79,31
DA:80,30
DA:82,33
DA:94,14
DA:96,1
DA:109,2
DA:115,61
DA:116,61
DA:120,10
LF:47
LH:47
BRDA:25,0,0,32
BRDA:25,0,1,1
BRDA:25,1,0,32
BRDA:25,1,1,0
BRDA:29,2,0,31
BRDA:29,2,1,2
BRDA:33,3,0,4
BRDA:33,3,1,3
BRDA:40,4,0,1
BRDA:40,4,1,9
BRDA:52,5,0,0
BRDA:52,5,1,2
BRDA:52,6,0,2
BRDA:52,6,1,2
BRDA:71,7,0,1
BRDA:71,7,1,0
BRDA:78,8,0,2
BRDA:78,8,1,31
BRDA:79,9,0,1
BRDA:79,9,1,30
BRDA:91,10,0,33
BRDA:91,10,1,13
BRDA:95,11,0,14
BRDA:95,11,1,0
BRDA:119,12,0,14
BRDA:119,12,1,47
BRDA:125,13,0,61
BRDA:125,13,1,0
BRDA:129,14,0,14
BRDA:129,14,1,47
BRDA:130,15,0,61
BRDA:130,15,1,14
BRDA:135,16,0,33
BRDA:135,16,1,2
BRDA:143,17,0,33
BRDA:143,17,1,13
BRF:36
BRH:31
end_of_record
TN:
SF:src/components/DMView/DMView.tsx
FN:32,serverToMessage
FN:55,DMView
FN:65,(anonymous_2)
FN:71,(anonymous_3)
FN:74,(anonymous_4)
FN:82,(anonymous_5)
FN:101,(anonymous_6)
FN:104,(anonymous_7)
FN:116,(anonymous_8)
FN:135,(anonymous_9)
FN:136,(anonymous_10)
FN:142,(anonymous_11)
FN:149,(anonymous_12)
FN:154,(anonymous_13)
FN:163,(anonymous_14)
FN:171,(anonymous_15)
FN:191,(anonymous_16)
FN:206,(anonymous_17)
FN:219,(anonymous_18)
FN:232,(anonymous_19)
FN:240,(anonymous_20)
FN:252,(anonymous_21)
FN:263,(anonymous_22)
FN:273,(anonymous_23)
FNF:24
FNH:23
FNDA:54,serverToMessage
FNDA:120,DMView
FNDA:15,(anonymous_2)
FNDA:237,(anonymous_3)
FNDA:4,(anonymous_4)
FNDA:55,(anonymous_5)
FNDA:41,(anonymous_6)
FNDA:36,(anonymous_7)
FNDA:53,(anonymous_8)
FNDA:41,(anonymous_9)
FNDA:2,(anonymous_10)
FNDA:2,(anonymous_11)
FNDA:2,(anonymous_12)
FNDA:2,(anonymous_13)
FNDA:41,(anonymous_14)
FNDA:8,(anonymous_15)
FNDA:0,(anonymous_16)
FNDA:4,(anonymous_17)
FNDA:2,(anonymous_18)
FNDA:2,(anonymous_19)
FNDA:2,(anonymous_20)
FNDA:3,(anonymous_21)
FNDA:1,(anonymous_22)
FNDA:6,(anonymous_23)
DA:15,2
DA:33,54
DA:56,120
DA:57,120
DA:58,120
DA:59,120
DA:61,120
DA:62,120
DA:64,120
DA:65,15
DA:71,237
DA:73,120
DA:75,4
DA:76,4
DA:81,120
DA:84,55
DA:85,55
DA:87,55
DA:88,3
DA:89,52
DA:90,52
DA:91,51
DA:92,51
DA:94,1
DA:101,120
DA:102,41
DA:104,36
DA:105,36
DA:106,36
DA:108,36
DA:109,23
DA:113,13
DA:115,36
DA:117,53
DA:118,53
DA:121,16
DA:122,16
DA:123,16
DA:127,36
DA:131,36
DA:135,120
DA:136,41
DA:137,2
DA:138,1
DA:139,1
DA:142,41
DA:143,2
DA:144,1
DA:145,1
DA:146,1
DA:149,41
DA:150,2
DA:151,1
DA:154,41
DA:155,2
DA:156,1
DA:163,41
DA:164,41
DA:165,41
DA:166,41
DA:167,41
DA:171,120
DA:172,8
DA:173,7
DA:174,8
DA:175,8
DA:177,0
DA:178,8
DA:180,8
DA:181,8
DA:183,8
DA:184,0
DA:188,0
DA:190,0
DA:192,0
DA:193,0
DA:196,0
DA:197,0
DA:201,0
DA:205,120
DA:207,4
DA:208,3
DA:209,3
DA:210,2
DA:212,1
DA:218,120
DA:220,2
DA:221,1
DA:222,1
DA:223,1
DA:224,1
DA:226,0
DA:232,120
DA:234,2
DA:235,1
DA:240,120
DA:241,2
DA:242,1
DA:245,120
DA:252,3
DA:263,1
DA:274,6
LF:102
LH:92
BRDA:45,0,0,54
BRDA:45,0,1,0
BRDA:55,1,0,120
BRDA:64,2,0,6
BRDA:64,2,1,114
BRDA:65,3,0,15
BRDA:65,3,1,0
BRDA:66,4,0,114
BRDA:66,4,1,6
BRDA:66,4,2,3
BRDA:71,5,0,120
BRDA:71,5,1,3
BRDA:75,6,0,0
BRDA:75,6,1,4
BRDA:75,7,0,4
BRDA:75,7,1,4
BRDA:75,7,2,4
BRDA:85,8,0,0
BRDA:85,8,1,55
BRDA:87,9,0,3
BRDA:87,9,1,52
BRDA:87,10,0,55
BRDA:87,10,1,52
BRDA:102,11,0,5
BRDA:102,11,1,36
BRDA:102,12,0,41
BRDA:102,12,1,36
BRDA:108,13,0,23
BRDA:108,13,1,13
BRDA:137,14,0,1
BRDA:137,14,1,1
BRDA:143,15,0,1
BRDA:143,15,1,1
BRDA:150,16,0,1
BRDA:150,16,1,1
BRDA:155,17,0,1
BRDA:155,17,1,1
BRDA:172,18,0,1
BRDA:172,18,1,7
BRDA:173,19,0,7
BRDA:173,19,1,0
BRDA:174,20,0,8
BRDA:174,20,1,1
BRDA:175,21,0,7
BRDA:175,21,1,1
BRDA:175,22,0,8
BRDA:175,22,1,0
BRDA:177,23,0,0
BRDA:177,23,1,0
BRDA:178,24,0,0
BRDA:178,24,1,0
BRDA:183,25,0,0
BRDA:183,25,1,0
BRDA:207,26,0,1
BRDA:207,26,1,3
BRDA:220,27,0,1
BRDA:220,27,1,1
BRDA:234,28,0,1
BRDA:234,28,1,1
BRDA:241,29,0,1
BRDA:241,29,1,1
BRDA:268,30,0,120
BRDA:268,30,1,6
BRDA:268,30,2,3
BRDA:276,31,0,6
BRDA:276,31,1,0
BRF:66
BRH:53
end_of_record
TN:
SF:src/components/EditChannel/EditChannel.tsx
FN:13,EditChannel
FN:24,(anonymous_1)
FN:64,(anonymous_2)
FN:86,(anonymous_3)
FNF:4
FNH:4
FNDA:37,EditChannel
FNDA:7,(anonymous_1)
FNDA:4,(anonymous_2)
FNDA:2,(anonymous_3)
DA:14,37
DA:15,37
DA:16,37
DA:17,37
DA:18,37
DA:19,37
DA:20,37
DA:21,37
DA:24,37
DA:25,7
DA:26,6
DA:27,6
DA:28,6
DA:29,6
DA:30,7
DA:31,7
DA:32,6
DA:33,6
DA:35,6
DA:36,5
DA:37,3
DA:44,4
DA:46,2
DA:48,6
DA:52,37
DA:64,4
DA:86,2
LF:27
LH:27
BRDA:17,0,0,37
BRDA:17,0,1,0
BRDA:18,1,0,37
BRDA:18,1,1,0
BRDA:25,2,0,1
BRDA:25,2,1,6
BRDA:25,3,0,7
BRDA:25,3,1,6
BRDA:29,4,0,1
BRDA:29,4,1,5
BRDA:31,5,0,3
BRDA:31,5,1,4
BRDA:32,6,0,1
BRDA:32,6,1,5
BRDA:32,7,0,6
BRDA:32,7,1,0
BRDA:33,8,0,1
BRDA:33,8,1,5
BRDA:33,9,0,6
BRDA:33,9,1,0
BRDA:35,10,0,5
BRDA:35,10,1,1
BRDA:41,11,0,3
BRDA:41,11,1,0
BRDA:46,12,0,1
BRDA:46,12,1,1
BRDA:91,13,0,37
BRDA:91,13,1,2
BRDA:100,14,0,37
BRDA:100,14,1,36
BRDA:102,15,0,5
BRDA:102,15,1,32
BRF:32
BRH:27
end_of_record
TN:
SF:src/components/EmojiPicker/EmojiPicker.tsx
FN:12,EmojiPicker
FN:16,(anonymous_1)
FN:26,(anonymous_2)
FN:27,handleClickOutside
FN:33,(anonymous_4)
FN:43,(anonymous_5)
FNF:6
FNH:6
FNDA:9,EmojiPicker
FNDA:8,(anonymous_1)
FNDA:8,(anonymous_2)
FNDA:2,handleClickOutside
FNDA:8,(anonymous_4)
FNDA:2,(anonymous_5)
DA:13,9
DA:14,9
DA:16,9
DA:17,8
DA:18,1
DA:19,1
DA:26,9
DA:28,2
DA:29,1
DA:32,8
DA:33,8
DA:36,9
DA:41,9
DA:43,2
DA:51,9
LF:15
LH:15
BRDA:17,0,0,1
BRDA:17,0,1,7
BRDA:28,1,0,1
BRDA:28,1,1,1
BRDA:28,2,0,2
BRDA:28,2,1,2
BRDA:36,3,0,1
BRDA:36,3,1,8
BRDA:51,4,0,1
BRDA:51,4,1,8
BRF:10
BRH:10
end_of_record
TN:
SF:src/components/ErrorBoundary/ContentErrorBoundary.tsx
FN:16,(anonymous_0)
FN:20,(anonymous_1)
FN:24,(anonymous_2)
FN:43,(anonymous_3)
FNF:4
FNH:4
FNDA:3,(anonymous_0)
FNDA:3,(anonymous_1)
FNDA:114,(anonymous_2)
FNDA:1,(anonymous_3)
DA:14,92
DA:17,6
DA:21,3
DA:25,114
DA:26,6
DA:43,1
DA:60,108
LF:7
LH:7
BRDA:25,0,0,6
BRDA:25,0,1,108
BRDA:29,1,0,6
BRDA:29,1,1,4
BRF:4
BRH:4
end_of_record
TN:
SF:src/components/FederationStatus/FederationStatus.tsx
FN:24,FederationStatus
FN:33,(anonymous_1)
FN:43,(anonymous_2)
FN:46,(anonymous_3)
FN:51,(anonymous_4)
FN:63,(anonymous_5)
FN:67,(anonymous_6)
FN:71,(anonymous_7)
FN:76,(anonymous_8)
FN:77,(anonymous_9)
FN:80,(anonymous_10)
FN:91,(anonymous_11)
FN:102,(anonymous_12)
FN:154,(anonymous_13)
FN:190,(anonymous_14)
FN:201,(anonymous_15)
FNF:16
FNH:14
FNDA:52,FederationStatus
FNDA:22,(anonymous_1)
FNDA:22,(anonymous_2)
FNDA:22,(anonymous_3)
FNDA:9,(anonymous_4)
FNDA:4,(anonymous_5)
FNDA:0,(anonymous_6)
FNDA:0,(anonymous_7)
FNDA:35,(anonymous_8)
FNDA:35,(anonymous_9)
FNDA:35,(anonymous_10)
FNDA:35,(anonymous_11)
FNDA:35,(anonymous_12)
FNDA:35,(anonymous_13)
FNDA:3,(anonymous_14)
FNDA:1,(anonymous_15)
DA:25,52
DA:26,52
DA:27,52
DA:28,52
DA:29,52
DA:30,52
DA:31,52
DA:33,52
DA:34,22
DA:35,22
DA:36,21
DA:37,21
DA:39,1
DA:43,52
DA:44,22
DA:45,22
DA:46,22
DA:47,22
DA:51,52
DA:52,9
DA:53,9
DA:54,9
DA:55,8
DA:57,1
DA:59,9
DA:63,52
DA:64,4
DA:65,4
DA:66,3
DA:67,3
DA:70,1
DA:71,1
DA:75,52
DA:76,52
DA:77,52
DA:78,52
DA:80,52
DA:81,35
DA:83,18
DA:85,1
DA:87,16
DA:91,52
DA:92,35
DA:94,18
DA:96,1
DA:98,16
DA:102,52
DA:103,35
DA:104,35
DA:106,1
DA:110,52
DA:114,52
DA:155,35
DA:190,3
DA:201,1
LF:55
LH:55
BRDA:39,0,0,1
BRDA:39,0,1,0
BRDA:47,1,0,22
BRDA:47,1,1,0
BRDA:57,2,0,1
BRDA:57,2,1,0
BRDA:75,3,0,52
BRDA:75,3,1,32
BRDA:81,4,0,18
BRDA:81,4,1,1
BRDA:81,4,2,16
BRDA:92,5,0,18
BRDA:92,5,1,1
BRDA:92,5,2,16
BRDA:110,6,0,10
BRDA:110,6,1,42
BRDA:118,7,0,52
BRDA:118,7,1,2
BRDA:121,8,0,52
BRDA:121,8,1,20
BRDA:136,9,0,52
BRDA:136,9,1,19
BRDA:141,10,0,33
BRDA:141,10,1,19
BRDA:180,11,0,9
BRDA:180,11,1,43
BRDA:183,12,0,52
BRDA:183,12,1,10
BRDA:189,13,0,2
BRDA:189,13,1,8
BRDA:192,14,0,2
BRDA:192,14,1,8
BRDA:200,15,0,0
BRDA:200,15,1,10
BRDA:203,16,0,0
BRDA:203,16,1,10
BRF:36
BRH:31
end_of_record
TN:
SF:src/components/FilePreview/FilePreview.tsx
FN:11,formatFileSize
FN:17,isImage
FN:21,isVideo
FN:25,isAudio
FN:29,ImagePreview
FN:36,(anonymous_5)
FN:45,(anonymous_6)
FN:57,VideoPreview
FN:72,AudioPreview
FN:86,FileCard
FN:108,FilePreview
FN:113,(anonymous_11)
FNF:12
FNH:12
FNDA:5,formatFileSize
FNDA:11,isImage
FNDA:7,isVideo
FNDA:6,isAudio
FNDA:7,ImagePreview
FNDA:2,(anonymous_5)
FNDA:1,(anonymous_6)
FNDA:1,VideoPreview
FNDA:1,AudioPreview
FNDA:5,FileCard
FNDA:11,FilePreview
FNDA:11,(anonymous_11)
DA:12,5
DA:13,4
DA:14,3
DA:18,11
DA:22,7
DA:26,6
DA:30,7
DA:31,7
DA:33,7
DA:36,2
DA:45,1
DA:58,1
DA:73,1
DA:87,5
DA:89,5
DA:109,11
DA:111,9
DA:114,11
DA:115,4
DA:117,7
DA:118,1
DA:120,6
DA:121,1
DA:123,5
LF:24
LH:24
BRDA:12,0,0,1
BRDA:12,0,1,4
BRDA:13,1,0,1
BRDA:13,1,1,3
BRDA:44,2,0,7
BRDA:44,2,1,2
BRDA:109,3,0,2
BRDA:109,3,1,9
BRDA:109,4,0,11
BRDA:109,4,1,10
BRDA:114,5,0,4
BRDA:114,5,1,7
BRDA:117,6,0,1
BRDA:117,6,1,6
BRDA:120,7,0,1
BRDA:120,7,1,5
BRF:16
BRH:16
end_of_record
TN:
SF:src/components/MemberList/MemberList.tsx
FN:25,MemberList
FN:28,(anonymous_1)
FN:33,(anonymous_2)
FN:34,(anonymous_3)
FN:39,(anonymous_4)
FN:45,(anonymous_5)
FN:59,(anonymous_6)
FN:66,(anonymous_7)
FN:73,(anonymous_8)
FN:79,(anonymous_9)
FN:92,(anonymous_10)
FN:94,(anonymous_11)
FN:96,(anonymous_12)
FN:99,(anonymous_13)
FN:102,(anonymous_14)
FN:107,(anonymous_15)
FN:116,(anonymous_16)
FN:163,(anonymous_17)
FNF:18
FNH:18
FNDA:35,MemberList
FNDA:105,(anonymous_1)
FNDA:23,(anonymous_2)
FNDA:23,(anonymous_3)
FNDA:184,(anonymous_4)
FNDA:23,(anonymous_5)
FNDA:18,(anonymous_6)
FNDA:1,(anonymous_7)
FNDA:7,(anonymous_8)
FNDA:2,(anonymous_9)
FNDA:34,(anonymous_10)
FNDA:4,(anonymous_11)
FNDA:7,(anonymous_12)
FNDA:92,(anonymous_13)
FNDA:93,(anonymous_14)
FNDA:92,(anonymous_15)
FNDA:7,(anonymous_16)
FNDA:2,(anonymous_17)
DA:18,1
DA:26,35
DA:27,35
DA:28,105
DA:29,35
DA:30,35
DA:31,35
DA:33,35
DA:34,35
DA:36,35
DA:37,35
DA:39,35
DA:40,184
DA:45,35
DA:46,23
DA:47,23
DA:49,23
DA:50,56
DA:51,56
DA:52,17
DA:54,39
DA:59,23
DA:60,18
DA:61,18
DA:62,18
DA:63,2
DA:66,23
DA:70,23
DA:73,35
DA:74,7
DA:75,7
DA:78,35
DA:80,2
DA:81,2
DA:82,2
DA:83,1
DA:84,1
DA:92,35
DA:93,34
DA:94,7
DA:95,7
DA:96,7
DA:99,92
DA:102,93
DA:107,35
DA:108,92
DA:109,92
DA:110,92
DA:112,92
DA:116,7
DA:135,35
DA:164,2
LF:52
LH:52
BRDA:33,0,0,21
BRDA:33,0,1,2
BRDA:33,1,0,21
BRDA:33,1,1,0
BRDA:34,2,0,21
BRDA:34,2,1,2
BRDA:34,3,0,21
BRDA:34,3,1,0
BRDA:36,4,0,33
BRDA:36,4,1,2
BRDA:37,5,0,35
BRDA:37,5,1,2
BRDA:40,6,0,184
BRDA:40,6,1,0
BRDA:51,7,0,17
BRDA:51,7,1,39
BRDA:60,8,0,18
BRDA:60,8,1,0
BRDA:61,9,0,18
BRDA:61,9,1,0
BRDA:62,10,0,16
BRDA:62,10,1,2
BRDA:63,11,0,2
BRDA:63,11,1,1
BRDA:63,12,0,18
BRDA:63,12,1,1
BRDA:67,13,0,1
BRDA:67,13,1,1
BRDA:67,14,0,1
BRDA:67,14,1,1
BRDA:80,15,0,0
BRDA:80,15,1,2
BRDA:80,16,0,2
BRDA:80,16,1,2
BRDA:93,17,0,27
BRDA:93,17,1,7
BRDA:100,18,0,92
BRDA:100,18,1,5
BRDA:100,18,2,0
BRDA:115,19,0,29
BRDA:115,19,1,63
BRDA:125,20,0,92
BRDA:125,20,1,91
BRDA:125,20,2,5
BRDA:127,21,0,92
BRDA:127,21,1,27
BRDA:137,22,0,35
BRDA:137,22,1,33
BRDA:146,23,0,35
BRDA:146,23,1,28
BRDA:155,24,0,35
BRDA:155,24,1,7
BRDA:162,25,0,4
BRDA:162,25,1,2
BRF:54
BRH:47
end_of_record
TN:
SF:src/components/MessageInput/FileUploadArea.tsx
FN:9,formatFileSize
FN:21,FileUploadArea
FN:34,(anonymous_2)
FN:52,(anonymous_3)
FNF:4
FNH:4
FNDA:29,formatFileSize
FNDA:148,FileUploadArea
FNDA:29,(anonymous_2)
FNDA:1,(anonymous_3)
DA:10,29
DA:11,2
DA:12,1
DA:26,148
DA:28,148
DA:30,29
DA:35,29
DA:52,1
LF:8
LH:8
BRDA:10,0,0,27
BRDA:10,0,1,2
BRDA:11,1,0,1
BRDA:11,1,1,1
BRDA:28,2,0,119
BRDA:28,2,1,29
BRDA:28,3,0,148
BRDA:28,3,1,119
BRDA:32,4,0,29
BRDA:32,4,1,29
BRDA:39,5,0,2
BRDA:39,5,1,27
BRDA:61,6,0,148
BRDA:61,6,1,1
BRF:14
BRH:14
end_of_record
TN:
SF:src/components/MessageInput/FormattingToolbar.tsx
FN:21,FormattingToolbar
FN:24,(anonymous_1)
FN:35,(anonymous_2)
FN:42,(anonymous_3)
FN:49,(anonymous_4)
FN:57,(anonymous_5)
FN:64,(anonymous_6)
FN:71,(anonymous_7)
FN:79,(anonymous_8)
FN:86,(anonymous_9)
FN:93,(anonymous_10)
FNF:11
FNH:11
FNDA:148,FormattingToolbar
FNDA:9,(anonymous_1)
FNDA:1,(anonymous_2)
FNDA:1,(anonymous_3)
FNDA:1,(anonymous_4)
FNDA:1,(anonymous_5)
FNDA:1,(anonymous_6)
FNDA:1,(anonymous_7)
FNDA:1,(anonymous_8)
FNDA:1,(anonymous_9)
FNDA:1,(anonymous_10)
DA:22,148
DA:24,148
DA:25,9
DA:26,9
DA:30,148
DA:35,1
DA:42,1
DA:49,1
DA:57,1
DA:64,1
DA:71,1
DA:79,1
DA:86,1
DA:93,1
LF:14
LH:14
BRDA:25,0,0,9
BRDA:25,0,1,0
BRF:2
BRH:1
end_of_record
TN:
SF:src/components/MessageInput/Icons.tsx
FN:1,BoldIcon
FN:8,ItalicIcon
FN:15,StrikethroughIcon
FN:22,CodeIcon
FN:39,CodeBlockIcon
FN:57,OrderedListIcon
FN:64,UnorderedListIcon
FN:76,BlockquoteIcon
FN:83,PlusCircleIcon
FNF:9
FNH:9
FNDA:148,BoldIcon
FNDA:148,ItalicIcon
FNDA:148,StrikethroughIcon
FNDA:148,CodeIcon
FNDA:148,CodeBlockIcon
FNDA:148,OrderedListIcon
FNDA:148,UnorderedListIcon
FNDA:148,BlockquoteIcon
FNDA:145,PlusCircleIcon
DA:2,148
DA:9,148
DA:16,148
DA:23,148
DA:40,148
DA:58,148
DA:65,148
DA:77,148
DA:84,145
LF:9
LH:9
BRF:0
BRH:0
end_of_record
TN:
SF:src/components/MessageInput/MessageInput.tsx
FN:27,SendIcon
FN:31,MessageInput
FN:67,(anonymous_2)
FN:74,(anonymous_3)
FN:82,(anonymous_4)
FN:83,(anonymous_5)
FN:90,(anonymous_6)
FN:96,(anonymous_7)
FN:100,(anonymous_8)
FN:101,(anonymous_9)
FN:109,(anonymous_10)
FN:142,(anonymous_11)
FN:177,(anonymous_12)
FN:181,(anonymous_13)
FN:182,(anonymous_14)
FN:187,(anonymous_15)
FN:192,(anonymous_16)
FN:197,(anonymous_17)
FN:205,(anonymous_18)
FN:241,(anonymous_19)
FN:281,(anonymous_20)
FN:289,(anonymous_21)
FN:298,(anonymous_22)
FN:302,(anonymous_23)
FN:302,(anonymous_24)
FNF:25
FNH:25
FNDA:148,SendIcon
FNDA:153,MessageInput
FNDA:56,(anonymous_2)
FNDA:122,(anonymous_3)
FNDA:72,(anonymous_4)
FNDA:72,(anonymous_5)
FNDA:13,(anonymous_6)
FNDA:13,(anonymous_7)
FNDA:1,(anonymous_8)
FNDA:1,(anonymous_9)
FNDA:7,(anonymous_10)
FNDA:56,(anonymous_11)
FNDA:46,(anonymous_12)
FNDA:1,(anonymous_13)
FNDA:1,(anonymous_14)
FNDA:2,(anonymous_15)
FNDA:1,(anonymous_16)
FNDA:12,(anonymous_17)
FNDA:2,(anonymous_18)
FNDA:1,(anonymous_19)
FNDA:1,(anonymous_20)
FNDA:1,(anonymous_21)
FNDA:1,(anonymous_22)
FNDA:3,(anonymous_23)
FNDA:3,(anonymous_24)
DA:28,148
DA:43,153
DA:44,153
DA:45,153
DA:46,153
DA:47,153
DA:48,153
DA:49,153
DA:50,153
DA:51,153
DA:52,153
DA:53,153
DA:55,153
DA:57,153
DA:58,153
DA:59,153
DA:60,5
DA:61,5
DA:62,5
DA:67,153
DA:68,56
DA:69,5
DA:74,153
DA:75,122
DA:76,122
DA:77,122
DA:78,122
DA:82,153
DA:83,72
DA:84,72
DA:85,13
DA:90,153
DA:91,13
DA:92,13
DA:93,13
DA:94,13
DA:96,13
DA:97,13
DA:100,153
DA:101,1
DA:102,1
DA:103,1
DA:104,1
DA:105,1
DA:109,153
DA:110,7
DA:111,7
DA:113,6
DA:114,1
DA:115,1
DA:116,1
DA:119,5
DA:120,3
DA:121,3
DA:122,3
DA:123,3
DA:124,3
DA:125,3
DA:126,2
DA:128,2
DA:129,2
DA:131,1
DA:132,1
DA:133,1
DA:135,2
DA:137,2
DA:139,4
DA:142,153
DA:144,56
DA:145,5
DA:146,5
DA:147,5
DA:150,51
DA:151,1
DA:152,1
DA:153,1
DA:157,50
DA:158,56
DA:159,4
DA:160,4
DA:161,4
DA:162,4
DA:163,4
DA:168,46
DA:169,46
DA:170,9
DA:171,9
DA:177,153
DA:178,46
DA:181,153
DA:182,1
DA:183,1
DA:184,1
DA:187,153
DA:188,2
DA:189,2
DA:192,153
DA:193,1
DA:194,1
DA:197,153
DA:198,12
DA:199,12
DA:200,12
DA:201,11
DA:205,153
DA:206,2
DA:207,2
DA:208,2
DA:209,2
DA:210,2
DA:211,1
DA:212,1
DA:215,2
DA:216,1
DA:217,1
DA:221,153
DA:241,1
DA:282,1
DA:283,1
DA:289,1
DA:298,1
DA:302,3
LF:122
LH:122
BRDA:55,0,0,153
BRDA:55,0,1,85
BRDA:57,1,0,153
BRDA:57,1,1,132
BRDA:59,2,0,5
BRDA:59,2,1,148
BRDA:61,3,0,5
BRDA:61,3,1,0
BRDA:68,4,0,5
BRDA:68,4,1,51
BRDA:76,5,0,122
BRDA:76,5,1,0
BRDA:85,6,0,2
BRDA:85,6,1,11
BRDA:93,7,0,2
BRDA:93,7,1,11
BRDA:104,8,0,0
BRDA:104,8,1,1
BRDA:111,9,0,1
BRDA:111,9,1,6
BRDA:111,10,0,7
BRDA:111,10,1,2
BRDA:113,11,0,1
BRDA:113,11,1,5
BRDA:119,12,0,3
BRDA:119,12,1,2
BRDA:119,13,0,5
BRDA:119,13,1,3
BRDA:144,14,0,5
BRDA:144,14,1,51
BRDA:144,15,0,56
BRDA:144,15,1,6
BRDA:150,16,0,1
BRDA:150,16,1,50
BRDA:150,17,0,51
BRDA:150,17,1,1
BRDA:157,18,0,50
BRDA:157,18,1,50
BRDA:158,19,0,4
BRDA:158,19,1,52
BRDA:158,20,0,56
BRDA:158,20,1,4
BRDA:160,21,0,4
BRDA:160,21,1,0
BRDA:169,22,0,9
BRDA:169,22,1,37
BRDA:200,23,0,11
BRDA:200,23,1,1
BRDA:207,24,0,0
BRDA:207,24,1,2
BRDA:210,25,0,1
BRDA:210,25,1,1
BRDA:212,26,0,1
BRDA:212,26,1,0
BRDA:215,27,0,1
BRDA:215,27,1,1
BRDA:223,28,0,2
BRDA:223,28,1,151
BRDA:231,29,0,153
BRDA:231,29,1,2
BRDA:238,30,0,153
BRDA:238,30,1,21
BRDA:259,31,0,153
BRDA:259,31,1,152
BRDA:282,32,0,1
BRDA:282,32,1,0
BRDA:292,33,0,3
BRDA:292,33,1,150
BRDA:295,34,0,153
BRDA:295,34,1,3
BRDA:311,35,0,82
BRDA:311,35,1,71
BRDA:314,36,0,153
BRDA:314,36,1,82
BRDA:322,37,0,153
BRDA:322,37,1,3
BRF:76
BRH:69
end_of_record
TN:
SF:src/components/MessageInput/TypingIndicator.tsx
FN:7,TypingIndicator
FN:12,(anonymous_1)
FN:13,(anonymous_2)
FN:15,(anonymous_3)
FN:19,(anonymous_4)
FN:20,(anonymous_5)
FN:28,(anonymous_6)
FNF:7
FNH:7
FNDA:148,TypingIndicator
FNDA:444,(anonymous_1)
FNDA:444,(anonymous_2)
FNDA:7,(anonymous_3)
FNDA:148,(anonymous_4)
FNDA:1,(anonymous_5)
FNDA:148,(anonymous_6)
DA:5,2
DA:11,148
DA:12,444
DA:13,444
DA:15,148
DA:16,7
DA:19,148
DA:20,148
DA:21,1
DA:22,1
DA:23,1
DA:24,1
DA:28,148
DA:31,148
DA:34,4
DA:35,2
DA:36,2
DA:37,1
DA:42,1
DA:45,4
LF:20
LH:20
BRDA:15,0,0,148
BRDA:15,0,1,144
BRDA:23,1,0,1
BRDA:23,1,1,0
BRDA:31,2,0,144
BRDA:31,2,1,4
BRDA:34,3,0,2
BRDA:34,3,1,2
BRDA:36,4,0,1
BRDA:36,4,1,1
BRF:10
BRH:9
end_of_record
TN:
SF:src/components/MessageInput/formatting.ts
FN:18,getFormatTypeForKey
FN:23,applyFormatting
FN:95,(anonymous_2)
FN:98,(anonymous_3)
FNF:4
FNH:4
FNDA:11,getFormatTypeForKey
FNDA:43,applyFormatting
FNDA:35,(anonymous_2)
FNDA:19,(anonymous_3)
DA:12,3
DA:19,11
DA:20,9
DA:28,43
DA:29,43
DA:31,43
DA:32,43
DA:36,43
DA:38,9
DA:39,9
DA:40,9
DA:42,6
DA:43,6
DA:44,6
DA:46,5
DA:47,5
DA:48,5
DA:50,5
DA:51,5
DA:52,5
DA:54,4
DA:55,4
DA:56,4
DA:57,4
DA:58,4
DA:59,4
DA:62,3
DA:63,3
DA:64,3
DA:65,3
DA:66,3
DA:67,3
DA:70,3
DA:71,3
DA:72,3
DA:73,3
DA:74,3
DA:75,3
DA:78,4
DA:79,1
DA:80,1
DA:82,3
DA:83,3
DA:85,4
DA:87,3
DA:88,3
DA:89,3
DA:91,1
DA:94,42
DA:95,42
DA:98,42
DA:99,19
DA:101,19
DA:102,17
DA:103,10
DA:106,19
DA:107,17
DA:108,10
DA:110,19
DA:111,19
DA:112,19
LF:61
LH:61
BRDA:19,0,0,2
BRDA:19,0,1,9
BRDA:19,1,0,11
BRDA:19,1,1,3
BRDA:20,2,0,9
BRDA:20,2,1,2
BRDA:36,3,0,9
BRDA:36,3,1,6
BRDA:36,3,2,5
BRDA:36,3,3,5
BRDA:36,3,4,4
BRDA:36,3,5,3
BRDA:36,3,6,3
BRDA:36,3,7,4
BRDA:36,3,8,3
BRDA:36,3,9,1
BRDA:38,4,0,9
BRDA:38,4,1,6
BRDA:39,5,0,3
BRDA:39,5,1,6
BRDA:42,6,0,6
BRDA:42,6,1,4
BRDA:43,7,0,2
BRDA:43,7,1,4
BRDA:46,8,0,5
BRDA:46,8,1,4
BRDA:47,9,0,1
BRDA:47,9,1,4
BRDA:50,10,0,5
BRDA:50,10,1,4
BRDA:51,11,0,1
BRDA:51,11,1,4
BRDA:78,12,0,1
BRDA:78,12,1,3
BRDA:87,13,0,3
BRDA:87,13,1,2
BRDA:88,14,0,1
BRDA:88,14,1,2
BRDA:101,15,0,2
BRDA:101,15,1,17
BRDA:102,16,0,7
BRDA:102,16,1,10
BRDA:102,17,0,17
BRDA:102,17,1,13
BRDA:106,18,0,2
BRDA:106,18,1,17
BRDA:107,19,0,7
BRDA:107,19,1,10
BRDA:107,20,0,17
BRDA:107,20,1,13
BRDA:110,21,0,1
BRDA:110,21,1,18
BRDA:111,22,0,1
BRDA:111,22,1,18
BRF:54
BRH:54
end_of_record
TN:
SF:src/components/MessageList/MessageList.tsx
FN:35,(anonymous_0)
FN:42,MessageList
FN:64,(anonymous_2)
FN:67,(anonymous_3)
FN:75,(anonymous_4)
FN:78,(anonymous_5)
FN:85,(anonymous_6)
FN:101,(anonymous_7)
FN:104,(anonymous_8)
FN:115,(anonymous_9)
FN:147,(anonymous_10)
FN:178,(anonymous_11)
FN:194,(anonymous_12)
FN:203,(anonymous_13)
FN:212,(anonymous_14)
FN:221,(anonymous_15)
FN:232,(anonymous_16)
FN:236,(anonymous_17)
FN:252,(anonymous_18)
FN:253,(anonymous_19)
FN:259,(anonymous_20)
FNF:21
FNH:17
FNDA:0,(anonymous_0)
FNDA:56,MessageList
FNDA:48,(anonymous_2)
FNDA:48,(anonymous_3)
FNDA:48,(anonymous_4)
FNDA:1,(anonymous_5)
FNDA:1,(anonymous_6)
FNDA:0,(anonymous_7)
FNDA:56,(anonymous_8)
FNDA:60,(anonymous_9)
FNDA:59,(anonymous_10)
FNDA:5,(anonymous_11)
FNDA:1,(anonymous_12)
FNDA:1,(anonymous_13)
FNDA:1,(anonymous_14)
FNDA:1,(anonymous_15)
FNDA:1,(anonymous_16)
FNDA:1,(anonymous_17)
FNDA:0,(anonymous_18)
FNDA:0,(anonymous_19)
FNDA:1,(anonymous_20)
DA:34,2
DA:36,0
DA:40,2
DA:55,56
DA:56,56
DA:57,56
DA:58,56
DA:59,56
DA:60,56
DA:61,56
DA:62,56
DA:64,56
DA:67,56
DA:68,48
DA:69,48
DA:74,56
DA:75,56
DA:76,48
DA:78,1
DA:79,1
DA:82,48
DA:85,56
DA:86,1
DA:87,1
DA:91,56
DA:101,0
DA:105,56
DA:116,60
DA:117,60
DA:119,60
DA:120,2
DA:127,58
DA:148,59
DA:179,5
DA:194,1
DA:203,1
DA:212,1
DA:221,1
DA:233,1
DA:234,1
DA:236,1
DA:252,0
DA:253,0
DA:259,1
LF:44
LH:40
BRDA:44,0,0,56
BRDA:57,1,0,56
BRDA:57,1,1,3
BRDA:58,2,0,56
BRDA:58,2,1,50
BRDA:59,3,0,56
BRDA:59,3,1,48
BRDA:68,4,0,48
BRDA:68,4,1,0
BRDA:76,5,0,1
BRDA:76,5,1,47
BRDA:76,6,0,48
BRDA:76,6,1,1
BRDA:86,7,0,1
BRDA:86,7,1,0
BRDA:86,8,0,1
BRDA:86,8,1,1
BRDA:106,9,0,56
BRDA:106,9,1,2
BRDA:107,10,0,56
BRDA:107,10,1,2
BRDA:107,10,2,2
BRDA:119,11,0,2
BRDA:119,11,1,58
BRDA:151,12,0,5
BRDA:151,12,1,54
BRDA:153,13,0,5
BRDA:153,13,1,54
BRDA:166,14,0,54
BRDA:166,14,1,1
BRDA:173,15,0,59
BRDA:173,15,1,54
BRDA:175,16,0,54
BRDA:175,16,1,12
BRDA:180,17,0,1
BRDA:180,17,1,4
BRDA:191,18,0,54
BRDA:191,18,1,1
BRDA:200,19,0,54
BRDA:200,19,1,1
BRDA:209,20,0,54
BRDA:209,20,1,38
BRDA:209,20,2,2
BRDA:218,21,0,54
BRDA:218,21,1,38
BRDA:218,21,2,2
BRDA:229,22,0,59
BRDA:229,22,1,4
BRDA:240,23,0,59
BRDA:240,23,1,54
BRDA:240,23,2,1
BRDA:248,24,0,59
BRDA:248,24,1,54
BRDA:248,24,2,54
BRDA:248,24,3,1
BRDA:256,25,0,59
BRDA:256,25,1,5
BRDA:265,26,0,1
BRDA:265,26,1,4
BRDA:271,27,0,5
BRDA:271,27,1,1
BRF:61
BRH:59
end_of_record
TN:
SF:src/components/MobileTabBar/MobileTabBar.tsx
FN:18,MobileTabBar
FN:21,(anonymous_1)
FN:26,(anonymous_2)
FNF:3
FNH:3
FNDA:10,MobileTabBar
FNDA:40,(anonymous_1)
FNDA:3,(anonymous_2)
DA:11,2
DA:19,10
DA:22,40
DA:26,3
LF:4
LH:4
BRDA:24,0,0,10
BRDA:24,0,1,30
BRDA:25,1,0,10
BRDA:25,1,1,30
BRF:4
BRH:4
end_of_record
TN:
SF:src/components/PasskeyManager/PasskeyManager.tsx
FN:20,PasskeyManager
FN:28,(anonymous_1)
FN:39,(anonymous_2)
FN:43,(anonymous_3)
FN:62,(anonymous_4)
FN:70,(anonymous_5)
FN:84,(anonymous_6)
FN:114,(anonymous_7)
FN:144,(anonymous_8)
FNF:9
FNH:9
FNDA:40,PasskeyManager
FNDA:16,(anonymous_1)
FNDA:16,(anonymous_2)
FNDA:4,(anonymous_3)
FNDA:2,(anonymous_4)
FNDA:5,(anonymous_5)
FNDA:3,(anonymous_6)
FNDA:12,(anonymous_7)
FNDA:1,(anonymous_8)
DA:21,40
DA:22,40
DA:23,40
DA:24,40
DA:25,40
DA:26,40
DA:28,40
DA:29,16
DA:30,16
DA:31,16
DA:32,15
DA:39,40
DA:40,16
DA:43,40
DA:44,4
DA:45,2
DA:46,2
DA:48,2
DA:49,2
DA:50,4
DA:52,4
DA:54,1
DA:56,1
DA:61,1
DA:62,2
DA:64,1
DA:66,2
DA:70,40
DA:71,5
DA:72,5
DA:75,5
DA:76,5
DA:77,5
DA:80,5
DA:81,4
DA:82,2
DA:83,2
DA:84,2
DA:85,3
DA:87,2
DA:88,3
DA:89,3
DA:90,3
DA:96,1
DA:100,1
DA:104,40
DA:106,24
DA:115,12
DA:145,1
LF:49
LH:49
BRDA:31,0,0,15
BRDA:31,0,1,1
BRDA:44,1,0,2
BRDA:44,1,1,2
BRDA:44,2,0,4
BRDA:44,2,1,3
BRDA:49,3,0,2
BRDA:49,3,1,2
BRDA:81,4,0,2
BRDA:81,4,1,2
BRDA:85,5,0,3
BRDA:85,5,1,0
BRDA:88,6,0,0
BRDA:88,6,1,3
BRDA:88,7,0,3
BRDA:88,7,1,3
BRDA:104,8,0,16
BRDA:104,8,1,24
BRDA:111,9,0,13
BRDA:111,9,1,11
BRDA:116,10,0,12
BRDA:116,10,1,1
BRDA:115,11,0,12
BRDA:115,11,1,0
BRDA:125,12,0,40
BRDA:125,12,1,2
BRDA:129,13,0,2
BRDA:129,13,1,22
BRDA:139,14,0,40
BRDA:139,14,1,4
BRDA:139,14,2,4
BRF:31
BRH:28
end_of_record
TN:
SF:src/components/PresenceIndicator/PresenceIndicator.tsx
FN:19,PresenceIndicator
FNF:1
FNH:1
FNDA:6,PresenceIndicator
DA:12,1
DA:20,6
LF:2
LH:2
BRDA:19,0,0,6
BRDA:19,1,0,6
BRF:2
BRH:2
end_of_record
TN:
SF:src/components/Reactions/Reactions.tsx
FN:15,Reactions
FN:25,(anonymous_1)
FN:31,(anonymous_2)
FN:32,(anonymous_3)
FN:33,(anonymous_4)
FN:60,(anonymous_5)
FN:67,(anonymous_6)
FN:71,(anonymous_7)
FNF:8
FNH:8
FNDA:23,Reactions
FNDA:40,(anonymous_1)
FNDA:1,(anonymous_2)
FNDA:2,(anonymous_3)
FNDA:1,(anonymous_4)
FNDA:5,(anonymous_5)
FNDA:1,(anonymous_6)
FNDA:1,(anonymous_7)
DA:16,23
DA:17,23
DA:18,23
DA:19,23
DA:21,23
DA:23,22
DA:26,40
DA:27,40
DA:31,1
DA:32,2
DA:33,1
DA:60,5
DA:68,1
DA:69,1
DA:71,1
LF:15
LH:15
BRDA:21,0,0,1
BRDA:21,0,1,22
BRDA:21,1,0,23
BRDA:21,1,1,1
BRDA:30,2,0,39
BRDA:30,2,1,1
BRDA:35,3,0,38
BRDA:35,3,1,2
BRDA:46,4,0,40
BRDA:46,4,1,2
BRDA:48,5,0,1
BRDA:48,5,1,1
BRDA:65,6,0,22
BRDA:65,6,1,4
BRF:14
BRH:14
end_of_record
TN:
SF:src/components/ResizeHandle/ResizeHandle.tsx
FN:9,ResizeHandle
FN:13,(anonymous_1)
FN:19,(anonymous_2)
FN:22,(anonymous_3)
FN:28,(anonymous_4)
FN:38,(anonymous_5)
FN:52,(anonymous_6)
FNF:7
FNH:6
FNDA:17,ResizeHandle
FNDA:6,(anonymous_1)
FNDA:17,(anonymous_2)
FNDA:3,(anonymous_3)
FNDA:3,(anonymous_4)
FNDA:6,(anonymous_5)
FNDA:0,(anonymous_6)
DA:10,17
DA:11,17
DA:13,17
DA:14,6
DA:15,6
DA:16,6
DA:19,17
DA:20,17
DA:22,6
DA:23,3
DA:24,3
DA:25,3
DA:28,6
DA:29,3
DA:30,3
DA:33,6
DA:34,6
DA:35,6
DA:36,6
DA:38,6
DA:39,6
DA:40,6
DA:41,6
DA:42,6
DA:46,17
DA:53,0
DA:54,0
LF:27
LH:25
BRDA:20,0,0,11
BRDA:20,0,1,6
BRDA:49,1,0,6
BRDA:49,1,1,11
BRDA:53,2,0,0
BRDA:53,2,1,0
BRDA:54,3,0,0
BRDA:54,3,1,0
BRF:8
BRH:4
end_of_record
TN:
SF:src/components/SafetyNumber/SafetyNumber.tsx
FN:10,SafetyNumber
FN:14,(anonymous_1)
FN:18,(anonymous_2)
FN:53,(anonymous_3)
FNF:4
FNH:4
FNDA:8,SafetyNumber
FNDA:5,(anonymous_1)
FNDA:1,(anonymous_2)
FNDA:6,(anonymous_3)
DA:11,8
DA:12,8
DA:14,8
DA:15,5
DA:18,1
DA:21,8
DA:22,1
DA:25,7
DA:26,5
DA:30,2
DA:31,2
DA:32,24
DA:35,2
DA:36,2
DA:37,6
DA:40,2
DA:54,6
LF:17
LH:17
BRDA:21,0,0,1
BRDA:21,0,1,7
BRDA:25,1,0,5
BRDA:25,1,1,2
BRF:4
BRH:4
end_of_record
TN:
SF:src/components/SearchBar/SearchBar.tsx
FN:17,SearchBar
FN:29,(anonymous_1)
FN:53,(anonymous_2)
FN:64,(anonymous_3)
FN:67,(anonymous_4)
FN:70,(anonymous_5)
FN:78,(anonymous_6)
FN:85,(anonymous_7)
FN:92,(anonymous_8)
FN:94,(anonymous_9)
FN:100,(anonymous_10)
FN:113,(anonymous_11)
FN:115,(anonymous_12)
FN:135,(anonymous_13)
FN:139,(anonymous_14)
FNF:15
FNH:15
FNDA:100,SearchBar
FNDA:11,(anonymous_1)
FNDA:1,(anonymous_2)
FNDA:56,(anonymous_3)
FNDA:11,(anonymous_4)
FNDA:56,(anonymous_5)
FNDA:1,(anonymous_6)
FNDA:1,(anonymous_7)
FNDA:32,(anonymous_8)
FNDA:1,(anonymous_9)
FNDA:12,(anonymous_10)
FNDA:56,(anonymous_11)
FNDA:20,(anonymous_12)
FNDA:6,(anonymous_13)
FNDA:1,(anonymous_14)
DA:18,100
DA:19,100
DA:20,100
DA:21,100
DA:22,100
DA:23,100
DA:24,100
DA:25,100
DA:27,100
DA:29,100
DA:31,11
DA:32,0
DA:33,0
DA:36,11
DA:37,11
DA:39,11
DA:40,7
DA:41,8
DA:42,7
DA:43,7
DA:44,6
DA:53,11
DA:55,1
DA:59,11
DA:64,100
DA:65,56
DA:66,56
DA:67,56
DA:70,100
DA:71,56
DA:72,1
DA:73,1
DA:74,1
DA:78,100
DA:79,1
DA:80,1
DA:81,1
DA:82,1
DA:85,100
DA:86,1
DA:87,1
DA:88,1
DA:92,100
DA:93,32
DA:94,12
DA:95,1
DA:96,1
DA:99,12
DA:100,12
DA:103,100
DA:113,56
DA:115,20
DA:136,6
DA:139,1
LF:54
LH:52
BRDA:27,0,0,100
BRDA:27,0,1,84
BRDA:31,1,0,0
BRDA:31,1,1,11
BRDA:41,2,0,1
BRDA:41,2,1,7
BRDA:43,3,0,6
BRDA:43,3,1,1
BRDA:66,4,0,44
BRDA:66,4,1,12
BRDA:71,5,0,1
BRDA:71,5,1,55
BRDA:93,6,0,20
BRDA:93,6,1,12
BRDA:95,7,0,1
BRDA:95,7,1,0
BRDA:95,8,0,1
BRDA:95,8,1,1
BRDA:105,9,0,84
BRDA:105,9,1,16
BRDA:117,10,0,100
BRDA:117,10,1,68
BRDA:124,11,0,100
BRDA:124,11,1,67
BRDA:126,12,0,62
BRDA:126,12,1,5
BRF:26
BRH:24
end_of_record
TN:
SF:src/components/ServerAddressInput/ServerAddressInput.tsx
FN:21,ServerAddressInput
FN:33,(anonymous_1)
FNF:2
FNH:2
FNDA:105,ServerAddressInput
FNDA:16,(anonymous_1)
DA:12,2
DA:27,105
DA:33,16
LF:3
LH:3
BRDA:36,0,0,105
BRDA:36,0,1,54
BRDA:39,1,0,105
BRDA:39,1,1,3
BRDA:42,2,0,105
BRDA:42,2,1,0
BRF:6
BRH:5
end_of_record
TN:
SF:src/components/SettingsLayout/SettingsLayout.tsx
FN:19,SettingsLayout
FN:20,(anonymous_1)
FN:21,(anonymous_2)
FN:25,(anonymous_3)
FN:33,(anonymous_4)
FN:39,(anonymous_5)
FN:43,(anonymous_6)
FN:34,(anonymous_7)
FNF:8
FNH:8
FNDA:7,SettingsLayout
FNDA:7,(anonymous_1)
FNDA:1,(anonymous_2)
FNDA:7,(anonymous_3)
FNDA:14,(anonymous_4)
FNDA:21,(anonymous_5)
FNDA:1,(anonymous_6)
FNDA:7,(anonymous_7)
DA:20,7
DA:21,7
DA:22,1
DA:24,7
DA:25,7
DA:28,7
DA:34,14
DA:40,21
DA:43,1
LF:9
LH:9
BRDA:22,0,0,1
BRDA:22,0,1,0
BRDA:35,1,0,14
BRDA:35,1,1,7
BRDA:36,2,0,14
BRDA:36,2,1,7
BRDA:42,3,0,7
BRDA:42,3,1,14
BRDA:42,4,0,7
BRDA:42,4,1,14
BRDA:34,5,0,14
BRDA:34,5,1,7
BRF:12
BRH:11
end_of_record
TN:
SF:src/components/ShortcutsModal/ShortcutsModal.tsx
FN:10,ShortcutsModal
FN:22,(anonymous_1)
FNF:2
FNH:2
FNDA:6,ShortcutsModal
FNDA:36,(anonymous_1)
DA:11,6
DA:13,6
DA:23,36
LF:3
LH:3
BRF:0
BRH:0
end_of_record
TN:
SF:src/components/Skeleton/MessageSkeleton.tsx
FN:11,MessageSkeleton
FN:12,(anonymous_1)
FN:13,(anonymous_2)
FN:19,(anonymous_3)
FNF:4
FNH:4
FNDA:2,MessageSkeleton
FNDA:2,(anonymous_1)
FNDA:10,(anonymous_2)
FNDA:10,(anonymous_3)
DA:9,2
DA:12,2
DA:13,10
DA:17,2
DA:20,10
LF:5
LH:5
BRDA:11,0,0,2
BRF:1
BRH:1
end_of_record
TN:
SF:src/components/Skeleton/Skeleton.tsx
FN:11,Skeleton
FNF:1
FNH:1
FNDA:30,Skeleton
DA:17,30
LF:1
LH:1
BRDA:12,0,0,30
BRDA:13,1,0,30
BRDA:14,2,0,30
BRDA:15,3,0,30
BRF:4
BRH:4
end_of_record
TN:
SF:src/components/StatusPicker/StatusPicker.tsx
FN:26,StatusPicker
FN:36,(anonymous_1)
FN:41,(anonymous_2)
FN:46,(anonymous_3)
FN:57,(anonymous_4)
FN:61,(anonymous_5)
FN:79,(anonymous_6)
FN:80,(anonymous_7)
FNF:8
FNH:8
FNDA:15,StatusPicker
FNDA:1,(anonymous_1)
FNDA:2,(anonymous_2)
FNDA:1,(anonymous_3)
FNDA:60,(anonymous_4)
FNDA:1,(anonymous_5)
FNDA:2,(anonymous_6)
FNDA:1,(anonymous_7)
DA:19,1
DA:33,15
DA:34,15
DA:36,15
DA:37,1
DA:38,1
DA:41,15
DA:42,2
DA:43,2
DA:46,15
DA:47,1
DA:48,1
DA:49,1
DA:52,15
DA:58,60
DA:61,1
DA:79,2
DA:81,1
LF:18
LH:18
BRDA:60,0,0,15
BRDA:60,0,1,45
BRDA:81,1,0,1
BRDA:81,1,1,0
BRDA:86,2,0,15
BRDA:86,2,1,4
BRF:6
BRH:5
end_of_record
TN:
SF:src/components/TeamSidebar/TeamSidebar.tsx
FN:8,TeamSidebar
FN:22,(anonymous_1)
FN:23,(anonymous_2)
FN:26,(anonymous_3)
FN:31,(anonymous_4)
FN:35,(anonymous_5)
FN:51,(anonymous_6)
FN:64,(anonymous_7)
FN:85,(anonymous_8)
FNF:9
FNH:9
FNDA:11,TeamSidebar
FNDA:10,(anonymous_1)
FNDA:17,(anonymous_2)
FNDA:17,(anonymous_3)
FNDA:19,(anonymous_4)
FNDA:19,(anonymous_5)
FNDA:1,(anonymous_6)
FNDA:10,(anonymous_7)
FNDA:1,(anonymous_8)
DA:9,11
DA:10,11
DA:11,11
DA:12,11
DA:15,11
DA:16,11
DA:18,11
DA:19,11
DA:22,11
DA:23,17
DA:24,10
DA:25,10
DA:26,17
DA:31,11
DA:32,19
DA:35,11
DA:36,19
DA:37,19
DA:38,19
DA:39,19
DA:40,19
DA:41,19
DA:42,19
DA:43,19
DA:51,1
DA:59,11
DA:61,11
DA:65,10
DA:85,1
LF:29
LH:29
BRDA:24,0,0,10
BRDA:24,0,1,0
BRDA:32,1,0,2
BRDA:32,1,1,17
BRDA:37,2,0,0
BRDA:37,2,1,19
BRDA:40,3,0,19
BRDA:40,3,1,1
BRDA:40,3,2,0
BRDA:46,4,0,10
BRDA:46,4,1,9
BRDA:49,5,0,10
BRDA:49,5,1,9
BRDA:59,6,0,11
BRDA:59,6,1,10
BRDA:59,6,2,8
BRDA:66,7,0,10
BRDA:66,7,1,3
BRDA:72,8,0,10
BRDA:72,8,1,3
BRDA:72,8,2,1
BRDA:77,9,0,11
BRDA:77,9,1,2
BRDA:77,9,2,1
BRDA:77,9,3,1
BRDA:81,10,0,11
BRDA:81,10,1,10
BRF:27
BRH:24
end_of_record
TN:
SF:src/components/ThreadPanel/ThreadPanel.tsx
FN:21,(anonymous_0)
FN:40,serverToMessage
FN:64,ThreadPanel
FN:84,(anonymous_3)
FN:88,(anonymous_4)
FN:91,(anonymous_5)
FN:94,(anonymous_6)
FN:106,(anonymous_7)
FN:138,(anonymous_8)
FN:139,(anonymous_9)
FN:160,(anonymous_10)
FN:179,(anonymous_11)
FN:184,(anonymous_12)
FN:192,(anonymous_13)
FN:199,(anonymous_14)
FN:207,(anonymous_15)
FN:221,(anonymous_16)
FN:222,(anonymous_17)
FN:234,(anonymous_18)
FN:248,(anonymous_19)
FN:268,(anonymous_20)
FN:288,(anonymous_21)
FN:304,(anonymous_22)
FN:359,(anonymous_23)
FN:392,(anonymous_24)
FN:399,(anonymous_25)
FN:424,(anonymous_26)
FN:425,(anonymous_27)
FNF:28
FNH:26
FNDA:0,(anonymous_0)
FNDA:159,serverToMessage
FNDA:140,ThreadPanel
FNDA:89,(anonymous_3)
FNDA:137,(anonymous_4)
FNDA:44,(anonymous_5)
FNDA:43,(anonymous_6)
FNDA:152,(anonymous_7)
FNDA:44,(anonymous_8)
FNDA:4,(anonymous_9)
FNDA:3,(anonymous_10)
FNDA:2,(anonymous_11)
FNDA:44,(anonymous_12)
FNDA:82,(anonymous_13)
FNDA:44,(anonymous_14)
FNDA:3,(anonymous_15)
FNDA:100,(anonymous_16)
FNDA:2,(anonymous_17)
FNDA:8,(anonymous_18)
FNDA:5,(anonymous_19)
FNDA:2,(anonymous_20)
FNDA:1,(anonymous_21)
FNDA:140,(anonymous_22)
FNDA:542,(anonymous_23)
FNDA:3,(anonymous_24)
FNDA:1,(anonymous_25)
FNDA:1,(anonymous_26)
FNDA:0,(anonymous_27)
DA:20,1
DA:22,0
DA:41,159
DA:57,1
DA:65,140
DA:66,140
DA:67,140
DA:68,140
DA:70,140
DA:72,140
DA:73,140
DA:74,140
DA:75,140
DA:76,140
DA:77,140
DA:78,140
DA:80,140
DA:81,140
DA:82,140
DA:84,140
DA:87,140
DA:88,140
DA:91,140
DA:92,44
DA:94,43
DA:95,43
DA:96,43
DA:98,43
DA:99,11
DA:103,32
DA:105,40
DA:107,152
DA:108,152
DA:110,152
DA:111,2
DA:112,2
DA:115,2
DA:117,0
DA:120,150
DA:122,152
DA:125,40
DA:126,40
DA:127,40
DA:131,43
DA:134,43
DA:138,140
DA:139,44
DA:140,4
DA:141,3
DA:143,3
DA:144,1
DA:145,2
DA:146,1
DA:147,1
DA:150,1
DA:152,0
DA:155,1
DA:157,3
DA:160,44
DA:161,3
DA:162,2
DA:164,2
DA:165,1
DA:166,1
DA:169,1
DA:171,0
DA:174,1
DA:176,2
DA:179,44
DA:180,2
DA:181,1
DA:184,44
DA:185,44
DA:186,44
DA:187,44
DA:192,140
DA:193,82
DA:194,78
DA:199,140
DA:200,44
DA:201,44
DA:202,44
DA:203,44
DA:207,140
DA:208,3
DA:209,3
DA:210,3
DA:211,3
DA:213,3
DA:214,2
DA:218,1
DA:220,2
DA:221,100
DA:222,2
DA:223,2
DA:224,2
DA:226,2
DA:230,3
DA:234,140
DA:236,8
DA:237,8
DA:238,8
DA:240,8
DA:241,3
DA:247,140
DA:249,5
DA:251,4
DA:252,2
DA:253,2
DA:257,1
DA:260,2
DA:262,4
DA:267,140
DA:269,2
DA:271,2
DA:272,1
DA:273,1
DA:277,0
DA:280,1
DA:282,2
DA:283,2
DA:288,140
DA:290,1
DA:291,1
DA:296,140
DA:298,140
DA:305,140
DA:306,137
DA:307,134
DA:360,542
DA:392,3
DA:399,1
DA:424,1
LF:133
LH:128
BRDA:53,0,0,159
BRDA:53,0,1,0
BRDA:80,1,0,139
BRDA:80,1,1,1
BRDA:81,2,0,140
BRDA:81,2,1,1
BRDA:82,3,0,140
BRDA:82,3,1,1
BRDA:84,4,0,89
BRDA:84,4,1,10
BRDA:87,5,0,140
BRDA:87,5,1,3
BRDA:92,6,0,1
BRDA:92,6,1,43
BRDA:92,7,0,44
BRDA:92,7,1,43
BRDA:98,8,0,11
BRDA:98,8,1,32
BRDA:108,9,0,0
BRDA:108,9,1,152
BRDA:110,10,0,2
BRDA:110,10,1,150
BRDA:140,11,0,1
BRDA:140,11,1,3
BRDA:143,12,0,1
BRDA:143,12,1,2
BRDA:145,13,0,1
BRDA:145,13,1,1
BRDA:161,14,0,1
BRDA:161,14,1,2
BRDA:164,15,0,1
BRDA:164,15,1,1
BRDA:180,16,0,1
BRDA:180,16,1,1
BRDA:193,17,0,78
BRDA:193,17,1,4
BRDA:193,18,0,82
BRDA:193,18,1,78
BRDA:202,19,0,44
BRDA:202,19,1,0
BRDA:208,20,0,0
BRDA:208,20,1,3
BRDA:208,21,0,3
BRDA:208,21,1,3
BRDA:208,21,2,3
BRDA:209,22,0,3
BRDA:209,22,1,0
BRDA:213,23,0,2
BRDA:213,23,1,1
BRDA:223,24,0,2
BRDA:223,24,1,0
BRDA:240,25,0,3
BRDA:240,25,1,5
BRDA:240,26,0,8
BRDA:240,26,1,7
BRDA:240,26,2,7
BRDA:249,27,0,1
BRDA:249,27,1,4
BRDA:251,28,0,2
BRDA:251,28,1,2
BRDA:269,29,0,0
BRDA:269,29,1,2
BRDA:271,30,0,1
BRDA:271,30,1,1
BRDA:290,31,0,0
BRDA:290,31,1,1
BRDA:296,32,0,140
BRDA:296,32,1,3
BRDA:305,33,0,3
BRDA:305,33,1,137
BRDA:306,34,0,3
BRDA:306,34,1,134
BRDA:317,35,0,140
BRDA:317,35,1,137
BRDA:341,36,0,140
BRDA:341,36,1,52
BRDA:345,37,0,140
BRDA:345,37,1,88
BRDA:345,37,2,44
BRDA:351,38,0,140
BRDA:351,38,1,86
BRDA:353,39,0,18
BRDA:353,39,1,68
BRDA:376,40,0,3
BRDA:376,40,1,539
BRDA:385,41,0,539
BRDA:385,41,1,3
BRDA:388,42,0,539
BRDA:388,42,1,466
BRF:89
BRH:81
end_of_record
TN:
SF:src/components/TitleBar/TitleBar.tsx
FN:6,detectPlatform
FN:13,TitleBar
FN:17,(anonymous_2)
FN:23,(anonymous_3)
FN:29,(anonymous_4)
FN:35,(anonymous_5)
FNF:6
FNH:6
FNDA:10,detectPlatform
FNDA:20,TitleBar
FNDA:10,(anonymous_2)
FNDA:2,(anonymous_3)
FNDA:1,(anonymous_4)
FNDA:1,(anonymous_5)
DA:7,10
DA:8,10
DA:9,9
DA:10,6
DA:14,20
DA:15,20
DA:17,20
DA:18,10
DA:19,10
DA:20,10
DA:23,20
DA:24,2
DA:25,1
DA:26,1
DA:29,20
DA:30,1
DA:31,1
DA:32,1
DA:35,20
DA:36,1
DA:37,1
DA:38,1
DA:41,20
DA:45,9
DA:46,1
DA:50,8
LF:26
LH:26
BRDA:8,0,0,1
BRDA:8,0,1,9
BRDA:9,1,0,3
BRDA:9,1,1,6
BRDA:18,2,0,10
BRDA:18,2,1,10
BRDA:24,3,0,1
BRDA:24,3,1,1
BRDA:30,4,0,0
BRDA:30,4,1,1
BRDA:36,5,0,0
BRDA:36,5,1,1
BRDA:41,6,0,11
BRDA:41,6,1,9
BRDA:45,7,0,1
BRDA:45,7,1,8
BRF:16
BRH:14
end_of_record
TN:
SF:src/components/Toast/Toast.tsx
FN:13,ToastProvider
FN:16,(anonymous_1)
FN:18,(anonymous_2)
FN:19,(anonymous_3)
FN:20,(anonymous_4)
FN:20,(anonymous_5)
FN:24,(anonymous_6)
FN:25,(anonymous_7)
FN:25,(anonymous_8)
FN:32,(anonymous_9)
FN:37,(anonymous_10)
FNF:11
FNH:11
FNDA:69,ToastProvider
FNDA:8,(anonymous_1)
FNDA:8,(anonymous_2)
FNDA:1,(anonymous_3)
FNDA:1,(anonymous_4)
FNDA:1,(anonymous_5)
FNDA:1,(anonymous_6)
FNDA:1,(anonymous_7)
FNDA:1,(anonymous_8)
FNDA:9,(anonymous_9)
FNDA:1,(anonymous_10)
DA:11,2
DA:14,69
DA:16,69
DA:17,8
DA:18,8
DA:19,8
DA:20,1
DA:24,69
DA:25,1
DA:28,69
DA:33,9
DA:37,1
LF:12
LH:12
BRDA:16,0,0,8
BRF:1
BRH:1
end_of_record
TN:
SF:src/components/Toast/ToastContext.ts
FNF:0
FNH:0
DA:9,2
LF:1
LH:1
BRF:0
BRH:0
end_of_record
TN:
SF:src/components/Toast/useToast.ts
FN:4,useToast
FNF:1
FNH:1
FNDA:194,useToast
DA:5,194
DA:6,194
DA:7,194
LF:3
LH:3
BRDA:6,0,0,0
BRDA:6,0,1,194
BRF:2
BRH:1
end_of_record
TN:
SF:src/components/UserPanel/UserPanel.tsx
FN:22,UserPanel
FN:34,(anonymous_1)
FN:41,(anonymous_2)
FN:46,(anonymous_3)
FN:48,(anonymous_4)
FN:50,(anonymous_5)
FN:53,(anonymous_6)
FN:72,(anonymous_7)
FN:92,(anonymous_8)
FN:102,(anonymous_9)
FN:120,(anonymous_10)
FN:131,(anonymous_11)
FN:171,(anonymous_12)
FNF:13
FNH:13
FNDA:50,UserPanel
FNDA:50,(anonymous_1)
FNDA:52,(anonymous_2)
FNDA:46,(anonymous_3)
FNDA:4,(anonymous_4)
FNDA:7,(anonymous_5)
FNDA:1,(anonymous_6)
FNDA:1,(anonymous_7)
FNDA:2,(anonymous_8)
FNDA:2,(anonymous_9)
FNDA:6,(anonymous_10)
FNDA:2,(anonymous_11)
FNDA:1,(anonymous_12)
DA:27,50
DA:28,50
DA:29,50
DA:30,50
DA:31,50
DA:32,50
DA:34,50
DA:35,50
DA:36,48
DA:37,48
DA:39,50
DA:41,52
DA:46,50
DA:47,46
DA:48,7
DA:49,7
DA:50,7
DA:53,50
DA:55,1
DA:57,1
DA:58,1
DA:65,1
DA:66,1
DA:72,50
DA:74,1
DA:75,1
DA:76,1
DA:83,1
DA:84,1
DA:90,50
DA:92,50
DA:93,2
DA:94,2
DA:95,2
DA:96,1
DA:98,1
DA:102,50
DA:103,2
DA:104,2
DA:105,2
DA:106,1
DA:108,1
DA:112,50
DA:113,50
DA:114,45
DA:116,50
DA:121,6
DA:122,6
DA:132,2
DA:133,2
DA:171,1
LF:51
LH:51
BRDA:35,0,0,2
BRDA:35,0,1,48
BRDA:37,1,0,48
BRDA:37,1,1,0
BRDA:39,2,0,50
BRDA:39,2,1,48
BRDA:47,3,0,39
BRDA:47,3,1,7
BRDA:57,4,0,1
BRDA:57,4,1,0
BRDA:57,5,0,1
BRDA:57,5,1,1
BRDA:65,6,0,1
BRDA:65,6,1,0
BRDA:66,7,0,1
BRDA:66,7,1,1
BRDA:75,8,0,1
BRDA:75,8,1,0
BRDA:75,9,0,1
BRDA:75,9,1,1
BRDA:83,10,0,1
BRDA:83,10,1,0
BRDA:84,11,0,1
BRDA:84,11,1,0
BRDA:90,12,0,50
BRDA:90,12,1,48
BRDA:95,13,0,1
BRDA:95,13,1,1
BRDA:105,14,0,1
BRDA:105,14,1,1
BRDA:113,15,0,5
BRDA:113,15,1,45
BRDA:114,16,0,4
BRDA:114,16,1,41
BRDA:137,17,0,50
BRDA:137,17,1,48
BRDA:142,18,0,5
BRDA:142,18,1,45
BRDA:147,19,0,5
BRDA:147,19,1,45
BRDA:150,20,0,5
BRDA:150,20,1,45
BRDA:152,21,0,5
BRDA:152,21,1,45
BRDA:154,22,0,5
BRDA:154,22,1,45
BRDA:165,23,0,50
BRDA:165,23,1,7
BRF:48
BRH:42
end_of_record
TN:
SF:src/components/UserProfile/UserProfile.tsx
FN:16,UserProfile
FN:21,(anonymous_1)
FN:58,(anonymous_2)
FNF:3
FNH:3
FNDA:16,UserProfile
FNDA:31,(anonymous_1)
FNDA:2,(anonymous_2)
DA:17,16
DA:19,16
DA:21,31
DA:26,16
DA:27,16
DA:29,16
DA:59,2
LF:7
LH:7
BRDA:19,0,0,16
BRDA:19,0,1,1
BRDA:26,1,0,16
BRDA:26,1,1,14
BRDA:27,2,0,14
BRDA:27,2,1,2
BRDA:43,3,0,16
BRDA:43,3,1,1
BRDA:49,4,0,16
BRDA:49,4,1,1
BRDA:54,5,0,16
BRDA:54,5,1,1
BRDA:60,6,0,2
BRDA:60,6,1,0
BRDA:68,7,0,16
BRDA:68,7,1,2
BRF:16
BRH:15
end_of_record
TN:
SF:src/components/VoiceChannel/VoiceChannel.tsx
FN:12,VideoPreview
FN:14,(anonymous_1)
FN:27,(anonymous_2)
FN:32,VoiceChannel
FN:63,(anonymous_4)
FN:69,(anonymous_5)
FN:85,(anonymous_6)
FN:91,(anonymous_7)
FN:94,(anonymous_8)
FN:94,(anonymous_9)
FN:114,(anonymous_10)
FN:121,(anonymous_11)
FN:152,(anonymous_12)
FN:153,(anonymous_13)
FN:163,(anonymous_14)
FN:210,(anonymous_15)
FNF:16
FNH:16
FNDA:19,VideoPreview
FNDA:17,(anonymous_1)
FNDA:1,(anonymous_2)
FNDA:35,VoiceChannel
FNDA:9,(anonymous_4)
FNDA:4,(anonymous_5)
FNDA:1,(anonymous_6)
FNDA:7,(anonymous_7)
FNDA:1,(anonymous_8)
FNDA:1,(anonymous_9)
FNDA:8,(anonymous_10)
FNDA:1,(anonymous_11)
FNDA:4,(anonymous_12)
FNDA:1,(anonymous_13)
FNDA:24,(anonymous_14)
FNDA:28,(anonymous_15)
DA:13,19
DA:14,19
DA:15,17
DA:16,17
DA:20,19
DA:27,1
DA:33,35
DA:34,35
DA:48,35
DA:51,35
DA:52,35
DA:54,35
DA:55,35
DA:56,35
DA:58,35
DA:59,35
DA:60,35
DA:61,35
DA:63,35
DA:64,9
DA:65,5
DA:66,5
DA:69,35
DA:70,4
DA:71,1
DA:72,3
DA:73,3
DA:78,35
DA:79,7
DA:85,1
DA:92,7
DA:93,1
DA:94,1
DA:95,1
DA:105,6
DA:106,6
DA:108,0
DA:115,8
DA:116,8
DA:117,8
DA:121,1
DA:145,28
DA:152,4
DA:153,1
DA:164,24
DA:165,24
DA:166,24
DA:167,3
DA:170,24
DA:211,28
DA:212,27
DA:213,6
LF:52
LH:51
BRDA:15,0,0,17
BRDA:15,0,1,0
BRDA:23,1,0,19
BRDA:23,1,1,0
BRDA:27,2,0,1
BRDA:27,2,1,11
BRDA:55,3,0,35
BRDA:55,3,1,28
BRDA:56,4,0,35
BRDA:56,4,1,1
BRDA:56,4,2,0
BRDA:58,5,0,14
BRDA:58,5,1,21
BRDA:60,6,0,1
BRDA:60,6,1,34
BRDA:60,7,0,1
BRDA:60,7,1,0
BRDA:61,8,0,35
BRDA:61,8,1,15
BRDA:61,8,2,1
BRDA:64,9,0,4
BRDA:64,9,1,5
BRDA:65,10,0,0
BRDA:65,10,1,5
BRDA:65,11,0,5
BRDA:65,11,1,0
BRDA:70,12,0,1
BRDA:70,12,1,3
BRDA:72,13,0,3
BRDA:72,13,1,0
BRDA:78,14,0,7
BRDA:78,14,1,28
BRDA:78,15,0,35
BRDA:78,15,1,7
BRDA:78,15,2,7
BRDA:84,16,0,7
BRDA:84,16,1,0
BRDA:92,17,0,1
BRDA:92,17,1,6
BRDA:95,18,0,1
BRDA:95,18,1,0
BRDA:99,19,0,1
BRDA:99,19,1,0
BRDA:105,20,0,6
BRDA:105,20,1,0
BRDA:112,21,0,7
BRDA:112,21,1,7
BRDA:116,22,0,8
BRDA:116,22,1,3
BRDA:120,23,0,1
BRDA:120,23,1,7
BRDA:120,24,0,1
BRDA:120,24,1,7
BRDA:121,25,0,1
BRDA:121,25,1,5
BRDA:122,26,0,3
BRDA:122,26,1,5
BRDA:125,27,0,3
BRDA:125,27,1,5
BRDA:125,28,0,8
BRDA:125,28,1,3
BRDA:133,29,0,8
BRDA:133,29,1,1
BRDA:148,30,0,21
BRDA:148,30,1,7
BRDA:148,31,0,28
BRDA:148,31,1,21
BRDA:151,32,0,21
BRDA:151,32,1,8
BRDA:151,32,2,8
BRDA:156,33,0,7
BRDA:156,33,1,1
BRDA:166,34,0,3
BRDA:166,34,1,21
BRDA:167,35,0,3
BRDA:167,35,1,2
BRDA:167,36,0,0
BRDA:167,36,1,2
BRDA:173,37,0,4
BRDA:173,37,1,20
BRDA:174,38,0,24
BRDA:174,38,1,0
BRDA:176,39,0,1
BRDA:176,39,1,23
BRDA:176,40,0,24
BRDA:176,40,1,3
BRDA:179,41,0,4
BRDA:179,41,1,19
BRDA:185,42,0,24
BRDA:185,42,1,2
BRDA:186,43,0,24
BRDA:186,43,1,1
BRDA:187,44,0,24
BRDA:187,44,1,1
BRDA:188,45,0,24
BRDA:188,45,1,3
BRDA:189,46,0,24
BRDA:189,46,1,4
BRDA:206,47,0,21
BRDA:206,47,1,7
BRDA:211,48,0,1
BRDA:211,48,1,27
BRDA:212,49,0,21
BRDA:212,49,1,6
BRDA:216,50,0,35
BRDA:216,50,1,21
BRF:106
BRH:93
end_of_record
TN:
SF:src/components/VoiceControls/VoiceControls.tsx
FN:9,VoiceControls
FN:19,(anonymous_1)
FN:22,(anonymous_2)
FN:35,(anonymous_3)
FNF:4
FNH:4
FNDA:23,VoiceControls
FNDA:21,(anonymous_1)
FNDA:3,(anonymous_2)
FNDA:3,(anonymous_3)
DA:10,23
DA:11,23
DA:12,23
DA:14,23
DA:16,23
DA:18,22
DA:19,23
DA:20,23
DA:22,23
DA:23,3
DA:24,3
DA:25,1
DA:27,2
DA:28,2
DA:30,1
DA:35,23
DA:36,3
DA:37,3
DA:38,1
DA:40,2
DA:41,2
DA:43,1
DA:48,23
LF:23
LH:23
BRDA:16,0,0,1
BRDA:16,0,1,22
BRDA:16,1,0,23
BRDA:16,1,1,3
BRDA:18,2,0,22
BRDA:18,2,1,0
BRDA:18,3,0,22
BRDA:18,3,1,0
BRDA:20,4,0,22
BRDA:20,4,1,0
BRDA:24,5,0,1
BRDA:24,5,1,2
BRDA:37,6,0,1
BRDA:37,6,1,2
BRDA:55,7,0,2
BRDA:55,7,1,20
BRDA:59,8,0,23
BRDA:59,8,1,1
BRDA:59,9,0,21
BRDA:59,9,1,1
BRDA:64,10,0,3
BRDA:64,10,1,19
BRDA:66,11,0,3
BRDA:66,11,1,19
BRDA:68,12,0,3
BRDA:68,12,1,19
BRDA:71,13,0,3
BRDA:71,13,1,19
BRDA:73,14,0,3
BRDA:73,14,1,19
BRF:30
BRH:27
end_of_record
TN:
SF:src/hooks/useCryptoRestore.ts
FN:13,useCryptoRestore
FN:19,(anonymous_1)
FN:21,(anonymous_2)
FN:32,(anonymous_3)
FN:36,(anonymous_4)
FNF:5
FNH:5
FNDA:252,useCryptoRestore
FNDA:93,(anonymous_1)
FNDA:86,(anonymous_2)
FNDA:93,(anonymous_3)
FNDA:7,(anonymous_4)
DA:14,252
DA:15,252
DA:16,252
DA:19,252
DA:20,93
DA:21,86
DA:22,86
DA:23,86
DA:24,0
DA:26,86
DA:32,252
DA:33,93
DA:34,7
DA:36,7
DA:37,7
DA:38,7
DA:39,7
DA:40,7
DA:41,7
DA:43,0
DA:45,7
DA:50,252
LF:22
LH:20
BRDA:20,0,0,7
BRDA:20,0,1,86
BRDA:20,1,0,93
BRDA:20,1,1,86
BRDA:23,2,0,0
BRDA:23,2,1,86
BRDA:33,3,0,86
BRDA:33,3,1,7
BRDA:33,4,0,93
BRDA:33,4,1,93
BRF:10
BRH:9
end_of_record
TN:
SF:src/hooks/useCustomTheme.ts
FN:7,useCustomTheme
FN:8,(anonymous_1)
FN:12,(anonymous_2)
FN:13,(anonymous_3)
FN:22,(anonymous_4)
FN:26,(anonymous_5)
FNF:6
FNH:6
FNDA:256,useCustomTheme
FNDA:97,(anonymous_1)
FNDA:47,(anonymous_2)
FNDA:3,(anonymous_3)
FNDA:94,(anonymous_4)
FNDA:97,(anonymous_5)
DA:8,256
DA:9,97
DA:11,97
DA:12,47
DA:14,3
DA:15,2
DA:16,2
DA:17,2
DA:18,2
DA:19,2
DA:26,97
DA:27,97
DA:28,2
LF:13
LH:13
BRDA:14,0,0,2
BRDA:14,0,1,1
BRDA:27,1,0,2
BRDA:27,1,1,95
BRF:4
BRH:4
end_of_record
TN:
SF:src/hooks/useFocusTrap.ts
FN:4,useFocusTrap
FN:11,(anonymous_1)
FN:24,(anonymous_2)
FN:27,(anonymous_3)
FNF:4
FNH:4
FNDA:76,useFocusTrap
FNDA:37,(anonymous_1)
FNDA:35,(anonymous_2)
FNDA:33,(anonymous_3)
DA:9,76
DA:11,76
DA:12,37
DA:14,35
DA:21,35
DA:22,35
DA:24,35
DA:27,35
DA:28,35
LF:9
LH:9
BRDA:12,0,0,2
BRDA:12,0,1,35
BRDA:12,1,0,37
BRDA:12,1,1,36
BRF:4
BRH:4
end_of_record
TN:
SF:src/hooks/useIdentityBackup.ts
FN:8,useIdentityBackup
FN:15,(anonymous_1)
FN:20,(anonymous_2)
FN:26,(anonymous_3)
FNF:4
FNH:4
FNDA:252,useIdentityBackup
FNDA:148,(anonymous_1)
FNDA:6,(anonymous_2)
FNDA:6,(anonymous_3)
DA:12,252
DA:13,252
DA:15,252
DA:16,148
DA:17,13
DA:18,6
DA:20,6
DA:21,6
DA:22,6
DA:23,6
DA:24,6
DA:25,6
DA:26,6
DA:27,6
DA:29,6
DA:30,6
DA:31,6
DA:32,6
DA:33,6
DA:34,6
DA:39,6
DA:41,0
DA:45,0
LF:23
LH:21
BRDA:16,0,0,135
BRDA:16,0,1,13
BRDA:16,1,0,148
BRDA:16,1,1,148
BRDA:16,1,2,147
BRDA:17,2,0,7
BRDA:17,2,1,6
BRDA:24,3,0,0
BRDA:24,3,1,6
BRDA:27,4,0,6
BRDA:27,4,1,0
BRDA:31,5,0,0
BRDA:31,5,1,6
BRDA:31,6,0,6
BRDA:31,6,1,6
BRDA:32,7,0,6
BRDA:32,7,1,3
BRF:17
BRH:14
end_of_record
TN:
SF:src/hooks/useKeyboardShortcuts.ts
FN:11,isInputElement
FN:19,handleGlobalShortcut
FN:42,handleNonInputShortcut
FN:69,useKeyboardShortcuts
FN:72,(anonymous_4)
FN:73,handleKeyDown
FN:83,(anonymous_6)
FNF:7
FNH:7
FNDA:10,isInputElement
FNDA:18,handleGlobalShortcut
FNDA:8,handleNonInputShortcut
FNDA:264,useKeyboardShortcuts
FNDA:260,(anonymous_4)
FNDA:18,handleKeyDown
FNDA:260,(anonymous_6)
DA:12,10
DA:20,18
DA:22,18
DA:23,2
DA:24,2
DA:25,2
DA:28,16
DA:29,3
DA:30,3
DA:31,3
DA:34,13
DA:35,3
DA:36,3
DA:39,10
DA:49,8
DA:51,8
DA:52,2
DA:53,2
DA:54,2
DA:57,6
DA:58,2
DA:59,2
DA:60,2
DA:63,4
DA:64,4
DA:65,4
DA:70,264
DA:72,264
DA:74,18
DA:76,10
DA:77,10
DA:79,8
DA:82,260
DA:83,260
LF:34
LH:34
BRDA:13,0,0,10
BRDA:13,0,1,8
BRDA:13,0,2,8
BRDA:20,1,0,18
BRDA:20,1,1,18
BRDA:22,2,0,2
BRDA:22,2,1,16
BRDA:22,3,0,18
BRDA:22,3,1,10
BRDA:28,4,0,3
BRDA:28,4,1,13
BRDA:28,5,0,16
BRDA:28,5,1,8
BRDA:34,6,0,3
BRDA:34,6,1,10
BRDA:49,7,0,8
BRDA:49,7,1,8
BRDA:51,8,0,2
BRDA:51,8,1,6
BRDA:51,9,0,8
BRDA:51,9,1,4
BRDA:51,9,2,4
BRDA:53,10,0,1
BRDA:53,10,1,1
BRDA:57,11,0,2
BRDA:57,11,1,4
BRDA:57,12,0,6
BRDA:57,12,1,2
BRDA:57,12,2,2
BRDA:59,13,0,1
BRDA:59,13,1,1
BRDA:63,14,0,4
BRDA:63,14,1,0
BRDA:63,15,0,4
BRDA:63,15,1,4
BRDA:63,15,2,2
BRDA:65,16,0,2
BRDA:65,16,1,2
BRDA:74,17,0,8
BRDA:74,17,1,10
BRDA:77,18,0,2
BRDA:77,18,1,8
BRF:42
BRH:41
end_of_record
TN:
SF:src/hooks/useMediaQuery.ts
FN:3,useMediaQuery
FN:4,(anonymous_1)
FN:6,(anonymous_2)
FN:8,(anonymous_3)
FN:10,(anonymous_4)
FN:16,useIsMobile
FN:20,useIsTablet
FNF:7
FNH:7
FNDA:19,useMediaQuery
FNDA:11,(anonymous_1)
FNDA:11,(anonymous_2)
FNDA:1,(anonymous_3)
FNDA:11,(anonymous_4)
FNDA:13,useIsMobile
FNDA:1,useIsTablet
DA:4,19
DA:6,19
DA:7,11
DA:8,11
DA:9,11
DA:10,11
DA:13,19
DA:17,13
DA:21,1
LF:9
LH:9
BRF:0
BRH:0
end_of_record
TN:
SF:src/hooks/useMessageDecryption.ts
FN:31,tryDecrypt
FN:73,tryEncrypt
FN:94,resolveDisplayName
FN:100,serverToMessage
FN:108,(anonymous_4)
FN:126,(anonymous_5)
FNF:6
FNH:5
FNDA:164,tryDecrypt
FNDA:7,tryEncrypt
FNDA:158,resolveDisplayName
FNDA:160,serverToMessage
FNDA:2,(anonymous_4)
FNDA:0,(anonymous_5)
DA:7,2
DA:13,2
DA:14,2
DA:39,164
DA:40,164
DA:43,163
DA:44,163
DA:45,1
DA:47,1
DA:48,1
DA:51,162
DA:52,164
DA:53,3
DA:54,3
DA:55,3
DA:62,1
DA:63,1
DA:65,2
DA:66,2
DA:67,1
DA:69,1
DA:78,7
DA:79,6
DA:80,6
DA:84,5
DA:85,5
DA:87,0
DA:88,0
DA:91,5
DA:95,158
DA:96,2
DA:97,2
DA:105,160
DA:106,160
DA:107,158
DA:108,158
DA:109,2
DA:111,158
DA:113,160
DA:126,0
LF:40
LH:37
BRDA:40,0,0,1
BRDA:40,0,1,163
BRDA:44,1,0,1
BRDA:44,1,1,162
BRDA:51,2,0,1
BRDA:51,2,1,161
BRDA:52,3,0,159
BRDA:52,3,1,5
BRDA:66,4,0,1
BRDA:66,4,1,1
BRDA:66,5,0,2
BRDA:66,5,1,1
BRDA:78,6,0,1
BRDA:78,6,1,6
BRDA:85,7,0,0
BRDA:85,7,1,5
BRDA:88,8,0,0
BRDA:88,8,1,0
BRDA:95,9,0,156
BRDA:95,9,1,2
BRDA:97,10,0,2
BRDA:97,10,1,0
BRDA:97,10,2,0
BRDA:97,10,3,0
BRDA:105,11,0,160
BRDA:105,11,1,2
BRDA:106,12,0,158
BRDA:106,12,1,2
BRDA:109,13,0,2
BRDA:109,13,1,0
BRDA:109,14,0,2
BRDA:109,14,1,0
BRDA:111,15,0,158
BRDA:111,15,1,156
BRDA:117,16,0,160
BRDA:117,16,1,0
BRDA:125,17,0,160
BRDA:125,17,1,0
BRDA:128,18,0,0
BRDA:128,18,1,0
BRF:40
BRH:28
end_of_record
TN:
SF:src/hooks/usePresenceEvents.ts
FN:9,usePresenceEvents
FN:12,(anonymous_1)
FN:13,(anonymous_2)
FN:28,(anonymous_3)
FN:43,(anonymous_4)
FN:50,(anonymous_5)
FN:59,(anonymous_6)
FN:67,(anonymous_7)
FN:75,(anonymous_8)
FNF:9
FNH:9
FNDA:252,usePresenceEvents
FNDA:100,(anonymous_1)
FNDA:3,(anonymous_2)
FNDA:2,(anonymous_3)
FNDA:2,(anonymous_4)
FNDA:1,(anonymous_5)
FNDA:1,(anonymous_6)
FNDA:1,(anonymous_7)
FNDA:100,(anonymous_8)
DA:10,252
DA:12,252
DA:13,100
DA:14,3
DA:15,3
DA:17,3
DA:23,3
DA:28,100
DA:29,2
DA:30,1
DA:43,100
DA:44,2
DA:45,1
DA:50,100
DA:51,1
DA:52,1
DA:59,100
DA:60,1
DA:61,1
DA:67,100
DA:68,1
DA:69,1
DA:75,100
DA:76,100
DA:77,100
DA:78,100
DA:79,100
DA:80,100
DA:81,100
LF:29
LH:29
BRDA:14,0,0,3
BRDA:14,0,1,2
BRDA:15,1,0,3
BRDA:15,1,1,0
BRDA:15,2,0,3
BRDA:15,2,1,3
BRDA:19,3,0,3
BRDA:19,3,1,1
BRDA:19,3,2,0
BRDA:20,4,0,3
BRDA:20,4,1,1
BRDA:20,4,2,1
BRDA:21,5,0,3
BRDA:21,5,1,3
BRDA:29,6,0,1
BRDA:29,6,1,1
BRDA:29,7,0,2
BRDA:29,7,1,1
BRDA:33,8,0,1
BRDA:33,8,1,1
BRDA:34,9,0,1
BRDA:34,9,1,1
BRDA:37,10,0,1
BRDA:37,10,1,1
BRDA:38,11,0,1
BRDA:38,11,1,1
BRDA:44,12,0,1
BRDA:44,12,1,1
BRDA:44,13,0,2
BRDA:44,13,1,1
BRDA:51,14,0,1
BRDA:51,14,1,0
BRDA:51,15,0,1
BRDA:51,15,1,1
BRDA:60,16,0,1
BRDA:60,16,1,0
BRDA:60,17,0,1
BRDA:60,17,1,1
BRDA:68,18,0,1
BRDA:68,18,1,0
BRDA:68,19,0,1
BRDA:68,19,1,1
BRF:42
BRH:37
end_of_record
TN:
SF:src/hooks/useTeamSync.ts
FN:16,normalizeMembers
FN:17,(anonymous_1)
FN:46,applyPresences
FN:68,applySyncData
FN:70,(anonymous_4)
FN:96,loadDataViaREST
FN:98,(anonymous_6)
FN:99,(anonymous_7)
FN:104,(anonymous_8)
FN:106,(anonymous_9)
FN:109,(anonymous_10)
FN:111,(anonymous_11)
FN:113,(anonymous_12)
FN:115,(anonymous_13)
FN:117,(anonymous_14)
FN:119,(anonymous_15)
FN:126,(anonymous_16)
FN:130,restoreApiConnections
FN:131,(anonymous_18)
FN:143,useTeamSync
FN:157,(anonymous_20)
FN:167,(anonymous_21)
FN:168,(anonymous_22)
FN:180,(anonymous_23)
FN:190,(anonymous_24)
FN:191,(anonymous_25)
FN:199,(anonymous_26)
FN:207,(anonymous_27)
FN:211,(anonymous_28)
FN:213,(anonymous_29)
FN:216,(anonymous_30)
FN:225,(anonymous_31)
FN:237,(anonymous_32)
FN:245,(anonymous_33)
FN:251,(anonymous_34)
FN:269,(anonymous_35)
FN:278,(anonymous_36)
FN:289,(anonymous_37)
FN:292,(anonymous_38)
FN:300,(anonymous_39)
FN:305,(anonymous_40)
FN:312,(anonymous_41)
FN:316,(anonymous_42)
FN:337,(anonymous_43)
FNF:44
FNH:37
FNDA:52,normalizeMembers
FNDA:2,(anonymous_1)
FNDA:25,applyPresences
FNDA:31,applySyncData
FNDA:2,(anonymous_4)
FNDA:27,loadDataViaREST
FNDA:27,(anonymous_6)
FNDA:0,(anonymous_7)
FNDA:0,(anonymous_8)
FNDA:0,(anonymous_9)
FNDA:27,(anonymous_10)
FNDA:27,(anonymous_11)
FNDA:0,(anonymous_12)
FNDA:27,(anonymous_13)
FNDA:0,(anonymous_14)
FNDA:27,(anonymous_15)
FNDA:0,(anonymous_16)
FNDA:106,restoreApiConnections
FNDA:104,(anonymous_18)
FNDA:269,useTeamSync
FNDA:52,(anonymous_20)
FNDA:117,(anonymous_21)
FNDA:1,(anonymous_22)
FNDA:107,(anonymous_23)
FNDA:36,(anonymous_24)
FNDA:68,(anonymous_25)
FNDA:114,(anonymous_26)
FNDA:106,(anonymous_27)
FNDA:58,(anonymous_28)
FNDA:31,(anonymous_29)
FNDA:27,(anonymous_30)
FNDA:2,(anonymous_31)
FNDA:0,(anonymous_32)
FNDA:104,(anonymous_33)
FNDA:107,(anonymous_34)
FNDA:70,(anonymous_35)
FNDA:70,(anonymous_36)
FNDA:106,(anonymous_37)
FNDA:3,(anonymous_38)
FNDA:2,(anonymous_39)
FNDA:104,(anonymous_40)
FNDA:106,(anonymous_41)
FNDA:3,(anonymous_42)
FNDA:104,(anonymous_43)
DA:17,52
DA:19,2
DA:20,2
DA:21,2
DA:47,25
DA:48,25
DA:49,25
DA:50,3
DA:58,25
DA:59,25
DA:60,25
DA:61,3
DA:62,3
DA:69,31
DA:70,27
DA:74,27
DA:76,31
DA:77,31
DA:78,31
DA:79,31
DA:80,25
DA:82,31
DA:83,1
DA:85,31
DA:86,2
DA:88,31
DA:92,31
DA:97,27
DA:98,27
DA:99,27
DA:103,27
DA:104,0
DA:106,27
DA:107,0
DA:108,0
DA:109,27
DA:111,27
DA:112,27
DA:113,0
DA:115,27
DA:116,27
DA:117,0
DA:119,27
DA:120,27
DA:121,27
DA:122,27
DA:123,20
DA:124,20
DA:126,0
DA:131,106
DA:132,104
DA:133,104
DA:134,104
DA:135,104
DA:144,269
DA:145,269
DA:146,269
DA:147,269
DA:149,269
DA:157,52
DA:160,269
DA:161,269
DA:162,269
DA:163,269
DA:164,269
DA:167,269
DA:168,117
DA:169,1
DA:170,1
DA:171,1
DA:172,1
DA:173,1
DA:174,1
DA:175,1
DA:180,269
DA:181,107
DA:182,106
DA:183,106
DA:184,106
DA:187,106
DA:188,106
DA:189,104
DA:190,36
DA:191,68
DA:193,2
DA:198,269
DA:199,269
DA:200,114
DA:201,2
DA:202,2
DA:207,269
DA:208,106
DA:209,104
DA:211,104
DA:212,58
DA:213,58
DA:214,31
DA:215,31
DA:217,27
DA:218,27
DA:219,27
DA:220,27
DA:225,104
DA:226,2
DA:227,2
DA:231,104
DA:232,56
DA:237,104
DA:238,0
DA:239,0
DA:240,0
DA:241,0
DA:245,104
DA:250,269
DA:251,269
DA:252,107
DA:254,102
DA:255,102
DA:258,70
DA:259,70
DA:261,70
DA:268,70
DA:269,70
DA:270,70
DA:271,70
DA:272,69
DA:274,1
DA:278,70
DA:279,70
DA:280,70
DA:281,70
DA:282,70
DA:283,70
DA:289,269
DA:290,106
DA:292,104
DA:293,3
DA:294,2
DA:295,2
DA:296,1
DA:300,104
DA:301,2
DA:302,1
DA:305,104
DA:306,104
DA:307,104
DA:312,269
DA:313,106
DA:314,104
DA:316,104
DA:317,3
DA:318,2
DA:319,2
DA:322,1
DA:323,3
DA:324,1
DA:325,1
DA:326,1
DA:328,1
DA:334,1
DA:337,104
DA:340,269
LF:162
LH:152
BRDA:19,0,0,2
BRDA:19,0,1,2
BRDA:20,1,0,2
BRDA:20,1,1,2
BRDA:22,2,0,2
BRDA:22,2,1,0
BRDA:23,3,0,2
BRDA:23,3,1,0
BRDA:23,3,2,0
BRDA:23,3,3,0
BRDA:23,3,4,0
BRDA:24,4,0,2
BRDA:24,4,1,0
BRDA:24,4,2,0
BRDA:25,5,0,2
BRDA:25,5,1,0
BRDA:25,5,2,0
BRDA:25,5,3,0
BRDA:25,5,4,0
BRDA:26,6,0,2
BRDA:26,6,1,0
BRDA:26,6,2,0
BRDA:27,7,0,2
BRDA:27,7,1,0
BRDA:27,7,2,0
BRDA:28,8,0,2
BRDA:28,8,1,2
BRDA:28,8,2,2
BRDA:28,8,3,2
BRDA:28,8,4,2
BRDA:48,9,0,25
BRDA:48,9,1,0
BRDA:48,10,0,25
BRDA:48,10,1,25
BRDA:52,11,0,3
BRDA:52,11,1,0
BRDA:52,11,2,0
BRDA:53,12,0,3
BRDA:53,12,1,0
BRDA:54,13,0,3
BRDA:54,13,1,3
BRDA:60,14,0,3
BRDA:60,14,1,22
BRDA:60,15,0,25
BRDA:60,15,1,25
BRDA:62,16,0,3
BRDA:62,16,1,2
BRDA:69,17,0,27
BRDA:69,17,1,4
BRDA:72,18,0,2
BRDA:72,18,1,2
BRDA:72,18,2,0
BRDA:76,19,0,25
BRDA:76,19,1,6
BRDA:77,20,0,25
BRDA:77,20,1,6
BRDA:78,21,0,25
BRDA:78,21,1,6
BRDA:79,22,0,25
BRDA:79,22,1,6
BRDA:82,23,0,1
BRDA:82,23,1,30
BRDA:82,24,0,31
BRDA:82,24,1,1
BRDA:85,25,0,2
BRDA:85,25,1,29
BRDA:85,26,0,31
BRDA:85,26,1,2
BRDA:101,27,0,0
BRDA:101,27,1,0
BRDA:101,27,2,0
BRDA:108,28,0,0
BRDA:108,28,1,0
BRDA:122,29,0,20
BRDA:122,29,1,7
BRDA:122,30,0,27
BRDA:122,30,1,27
BRDA:124,31,0,20
BRDA:124,31,1,0
BRDA:132,32,0,0
BRDA:132,32,1,104
BRDA:134,33,0,103
BRDA:134,33,1,1
BRDA:169,34,0,0
BRDA:169,34,1,1
BRDA:181,35,0,1
BRDA:181,35,1,106
BRDA:188,36,0,104
BRDA:188,36,1,2
BRDA:200,37,0,2
BRDA:200,37,1,112
BRDA:200,38,0,114
BRDA:200,38,1,2
BRDA:202,39,0,2
BRDA:202,39,1,0
BRDA:208,40,0,2
BRDA:208,40,1,104
BRDA:218,41,0,27
BRDA:218,41,1,0
BRDA:226,42,0,0
BRDA:226,42,1,2
BRDA:231,43,0,56
BRDA:231,43,1,48
BRDA:231,44,0,104
BRDA:231,44,1,56
BRDA:238,45,0,0
BRDA:238,45,1,0
BRDA:250,46,0,265
BRDA:250,46,1,4
BRDA:252,47,0,5
BRDA:252,47,1,102
BRDA:252,48,0,107
BRDA:252,48,1,105
BRDA:255,49,0,32
BRDA:255,49,1,70
BRDA:258,50,0,0
BRDA:258,50,1,70
BRDA:258,51,0,70
BRDA:258,51,1,1
BRDA:290,52,0,2
BRDA:290,52,1,104
BRDA:293,53,0,1
BRDA:293,53,1,2
BRDA:295,54,0,1
BRDA:295,54,1,1
BRDA:301,55,0,1
BRDA:301,55,1,1
BRDA:313,56,0,2
BRDA:313,56,1,104
BRDA:317,57,0,1
BRDA:317,57,1,2
BRDA:317,58,0,3
BRDA:317,58,1,2
BRDA:319,59,0,1
BRDA:319,59,1,1
BRDA:322,60,0,1
BRDA:322,60,1,0
BRDA:326,61,0,1
BRDA:326,61,1,0
BRF:139
BRH:103
end_of_record
TN:
SF:src/hooks/useVoiceConnection.ts
FN:5,useVoiceConnection
FN:20,(anonymous_1)
FN:36,(anonymous_2)
FN:38,(anonymous_3)
FN:43,(anonymous_4)
FNF:5
FNH:4
FNDA:290,useVoiceConnection
FNDA:116,(anonymous_1)
FNDA:129,(anonymous_2)
FNDA:0,(anonymous_3)
FNDA:1,(anonymous_4)
DA:18,290
DA:20,116
DA:36,290
DA:38,290
DA:39,0
DA:43,290
DA:45,290
LF:7
LH:6
BRDA:36,0,0,129
BRDA:36,0,1,93
BRF:2
BRH:2
end_of_record
TN:
SF:src/pages/AppLayout.tsx
FN:37,AppLayout
FN:58,(anonymous_1)
FN:67,(anonymous_2)
FN:72,(anonymous_3)
FN:81,(anonymous_4)
FN:89,(anonymous_5)
FN:98,(anonymous_6)
FN:109,(anonymous_7)
FN:110,(anonymous_8)
FN:121,(anonymous_9)
FN:126,(anonymous_10)
FN:130,(anonymous_11)
FN:133,(anonymous_12)
FN:136,(anonymous_13)
FN:142,(anonymous_14)
FN:147,(anonymous_15)
FN:152,(anonymous_16)
FN:157,(anonymous_17)
FN:162,(anonymous_18)
FN:170,(anonymous_19)
FN:179,(anonymous_20)
FN:179,(anonymous_21)
FN:181,(anonymous_22)
FN:202,(anonymous_23)
FN:202,(anonymous_24)
FN:234,(anonymous_25)
FN:234,(anonymous_26)
FN:250,(anonymous_27)
FN:262,(anonymous_28)
FN:306,(anonymous_29)
FN:314,(anonymous_30)
FN:319,(anonymous_31)
FN:326,(anonymous_32)
FN:328,(anonymous_33)
FN:330,(anonymous_34)
FN:343,(anonymous_35)
FN:348,(anonymous_36)
FN:356,(anonymous_37)
FN:374,(anonymous_38)
FN:377,(anonymous_39)
FN:396,(anonymous_40)
FN:422,(anonymous_41)
FN:449,(anonymous_42)
FN:504,(anonymous_43)
FN:513,(anonymous_44)
FN:520,(anonymous_45)
FN:526,(anonymous_46)
FNF:47
FNH:44
FNDA:252,AppLayout
FNDA:189,(anonymous_1)
FNDA:93,(anonymous_2)
FNDA:93,(anonymous_3)
FNDA:119,(anonymous_4)
FNDA:119,(anonymous_5)
FNDA:93,(anonymous_6)
FNDA:0,(anonymous_7)
FNDA:0,(anonymous_8)
FNDA:100,(anonymous_9)
FNDA:322,(anonymous_10)
FNDA:46,(anonymous_11)
FNDA:252,(anonymous_12)
FNDA:6,(anonymous_13)
FNDA:1,(anonymous_14)
FNDA:1,(anonymous_15)
FNDA:1,(anonymous_16)
FNDA:3,(anonymous_17)
FNDA:1,(anonymous_18)
FNDA:116,(anonymous_19)
FNDA:15,(anonymous_20)
FNDA:11,(anonymous_21)
FNDA:15,(anonymous_22)
FNDA:1,(anonymous_23)
FNDA:1,(anonymous_24)
FNDA:1,(anonymous_25)
FNDA:1,(anonymous_26)
FNDA:2,(anonymous_27)
FNDA:116,(anonymous_28)
FNDA:2,(anonymous_29)
FNDA:2,(anonymous_30)
FNDA:0,(anonymous_31)
FNDA:2,(anonymous_32)
FNDA:4,(anonymous_33)
FNDA:2,(anonymous_34)
FNDA:1,(anonymous_35)
FNDA:2,(anonymous_36)
FNDA:2,(anonymous_37)
FNDA:1,(anonymous_38)
FNDA:1,(anonymous_39)
FNDA:1,(anonymous_40)
FNDA:2,(anonymous_41)
FNDA:1,(anonymous_42)
FNDA:1,(anonymous_43)
FNDA:1,(anonymous_44)
FNDA:1,(anonymous_45)
FNDA:1,(anonymous_46)
DA:38,252
DA:39,252
DA:40,252
DA:41,252
DA:42,252
DA:43,252
DA:44,252
DA:45,252
DA:46,252
DA:47,252
DA:48,252
DA:50,252
DA:53,252
DA:54,252
DA:58,252
DA:59,189
DA:60,2
DA:63,252
DA:64,252
DA:67,252
DA:68,93
DA:72,252
DA:73,93
DA:76,252
DA:77,252
DA:78,252
DA:81,252
DA:82,119
DA:84,15
DA:85,15
DA:89,252
DA:90,119
DA:92,1
DA:93,1
DA:98,252
DA:99,93
DA:101,12
DA:105,252
DA:106,252
DA:107,252
DA:109,252
DA:110,0
DA:114,252
DA:115,252
DA:116,252
DA:117,252
DA:118,252
DA:121,252
DA:122,100
DA:123,99
DA:124,99
DA:126,322
DA:129,252
DA:130,252
DA:133,252
DA:134,252
DA:135,8
DA:136,6
DA:137,6
DA:139,2
DA:142,252
DA:143,1
DA:144,1
DA:147,252
DA:148,1
DA:149,1
DA:152,252
DA:153,1
DA:154,1
DA:157,252
DA:158,3
DA:159,3
DA:162,252
DA:163,1
DA:164,1
DA:167,252
DA:170,252
DA:171,116
DA:172,17
DA:179,15
DA:181,15
DA:182,11
DA:202,1
DA:213,99
DA:214,84
DA:234,1
DA:244,15
DA:250,2
DA:262,252
DA:263,116
DA:264,0
DA:272,116
DA:273,17
DA:279,99
DA:280,1
DA:286,98
DA:287,83
DA:293,15
DA:306,252
DA:309,2
DA:310,1
DA:311,1
DA:314,2
DA:315,2
DA:316,2
DA:317,0
DA:318,0
DA:319,0
DA:326,252
DA:328,4
DA:329,2
DA:330,2
DA:332,2
DA:333,1
DA:335,1
DA:337,2
DA:342,252
DA:345,1
DA:346,1
DA:349,2
DA:350,1
DA:351,1
DA:352,1
DA:353,1
DA:356,2
DA:361,252
DA:364,125
DA:365,4
DA:374,1
DA:377,1
DA:388,121
DA:396,1
DA:422,2
DA:429,252
DA:449,1
DA:504,1
DA:513,1
DA:520,1
DA:526,1
LF:139
LH:134
BRDA:59,0,0,2
BRDA:59,0,1,187
BRDA:59,1,0,189
BRDA:59,1,1,96
BRDA:82,2,0,15
BRDA:82,2,1,104
BRDA:82,3,0,119
BRDA:82,3,1,30
BRDA:90,4,0,1
BRDA:90,4,1,118
BRDA:90,5,0,119
BRDA:90,5,1,81
BRDA:99,6,0,12
BRDA:99,6,1,81
BRDA:99,7,0,93
BRDA:99,7,1,12
BRDA:99,7,2,0
BRDA:114,8,0,250
BRDA:114,8,1,2
BRDA:115,9,0,252
BRDA:115,9,1,8
BRDA:116,10,0,252
BRDA:116,10,1,8
BRDA:117,11,0,252
BRDA:117,11,1,8
BRDA:122,12,0,1
BRDA:122,12,1,99
BRDA:124,13,0,99
BRDA:124,13,1,0
BRDA:129,14,0,250
BRDA:129,14,1,2
BRDA:129,15,0,250
BRDA:129,15,1,192
BRDA:134,16,0,244
BRDA:134,16,1,8
BRDA:137,17,0,6
BRDA:137,17,1,0
BRDA:171,18,0,17
BRDA:171,18,1,99
BRDA:171,19,0,116
BRDA:171,19,1,23
BRDA:175,20,0,6
BRDA:175,20,1,11
BRDA:178,21,0,6
BRDA:178,21,1,11
BRDA:179,22,0,6
BRDA:179,22,1,6
BRDA:179,23,0,15
BRDA:179,23,1,0
BRDA:182,24,0,4
BRDA:182,24,1,7
BRDA:182,25,0,4
BRDA:182,25,1,0
BRDA:185,26,0,17
BRDA:185,26,1,1
BRDA:190,27,0,17
BRDA:190,27,1,6
BRDA:199,28,0,17
BRDA:199,28,1,6
BRDA:201,29,0,1
BRDA:201,29,1,5
BRDA:213,30,0,84
BRDA:213,30,1,15
BRDA:213,31,0,99
BRDA:213,31,1,93
BRDA:217,32,0,1
BRDA:217,32,1,83
BRDA:220,33,0,84
BRDA:220,33,1,6
BRDA:225,34,0,84
BRDA:225,34,1,1
BRDA:233,35,0,83
BRDA:233,35,1,1
BRDA:249,36,0,14
BRDA:249,36,1,1
BRDA:263,37,0,0
BRDA:263,37,1,116
BRDA:272,38,0,17
BRDA:272,38,1,99
BRDA:272,39,0,116
BRDA:272,39,1,23
BRDA:279,40,0,1
BRDA:279,40,1,98
BRDA:279,41,0,99
BRDA:279,41,1,93
BRDA:286,42,0,83
BRDA:286,42,1,15
BRDA:286,43,0,98
BRDA:286,43,1,92
BRDA:297,44,0,6
BRDA:297,44,1,9
BRDA:309,45,0,1
BRDA:309,45,1,1
BRDA:316,46,0,0
BRDA:316,46,1,2
BRDA:329,47,0,0
BRDA:329,47,1,2
BRDA:332,48,0,1
BRDA:332,48,1,1
BRDA:333,49,0,1
BRDA:333,49,1,0
BRDA:335,50,0,0
BRDA:335,50,1,1
BRDA:349,51,0,1
BRDA:349,51,1,1
BRDA:351,52,0,1
BRDA:351,52,1,0
BRDA:361,53,0,127
BRDA:361,53,1,125
BRDA:364,54,0,4
BRDA:364,54,1,121
BRDA:388,55,0,18
BRDA:388,55,1,103
BRDA:388,56,0,18
BRDA:388,56,1,103
BRDA:392,57,0,23
BRDA:392,57,1,98
BRDA:392,58,0,98
BRDA:392,58,1,97
BRDA:392,58,2,1
BRDA:398,59,0,23
BRDA:398,59,1,98
BRDA:405,60,0,23
BRDA:405,60,1,98
BRDA:412,61,0,23
BRDA:412,61,1,98
BRDA:421,62,0,23
BRDA:421,62,1,98
BRDA:435,63,0,18
BRDA:435,63,1,103
BRDA:436,64,0,252
BRDA:436,64,1,103
BRDA:458,65,0,252
BRDA:458,65,1,18
BRDA:458,65,2,2
BRDA:464,66,0,252
BRDA:464,66,1,18
BRDA:464,66,2,1
BRDA:470,67,0,252
BRDA:470,67,1,18
BRDA:470,67,2,2
BRDA:476,68,0,252
BRDA:476,68,1,18
BRDA:476,68,2,116
BRDA:487,69,0,116
BRDA:487,69,1,4
BRDA:487,69,2,3
BRDA:493,70,0,116
BRDA:493,70,1,103
BRDA:493,70,2,80
BRDA:493,70,3,78
BRDA:498,71,0,252
BRDA:498,71,1,18
BRDA:510,72,0,252
BRDA:510,72,1,1
BRDA:517,73,0,252
BRDA:517,73,1,3
BRDA:525,74,0,252
BRDA:525,74,1,2
BRF:159
BRH:148
end_of_record
TN:
SF:src/pages/ChannelView.tsx
FN:22,ChannelView
FN:45,(anonymous_1)
FN:51,(anonymous_2)
FN:61,(anonymous_3)
FN:67,(anonymous_4)
FN:80,(anonymous_5)
FN:85,(anonymous_6)
FN:98,(anonymous_7)
FN:117,(anonymous_8)
FN:118,(anonymous_9)
FN:124,(anonymous_10)
FN:132,(anonymous_11)
FN:137,(anonymous_12)
FN:146,(anonymous_13)
FN:157,(anonymous_14)
FN:167,(anonymous_15)
FN:170,(anonymous_16)
FN:190,(anonymous_17)
FN:191,(anonymous_18)
FN:196,(anonymous_19)
FN:201,(anonymous_20)
FN:207,(anonymous_21)
FN:217,(anonymous_22)
FN:224,(anonymous_23)
FN:229,(anonymous_24)
FN:241,(anonymous_25)
FN:252,(anonymous_26)
FN:274,(anonymous_27)
FN:289,(anonymous_28)
FN:293,(anonymous_29)
FN:295,(anonymous_30)
FN:305,(anonymous_31)
FN:318,(anonymous_32)
FN:326,(anonymous_33)
FN:332,(anonymous_34)
FN:346,(anonymous_35)
FN:348,(anonymous_36)
FN:364,(anonymous_37)
FN:367,(anonymous_38)
FN:382,(anonymous_39)
FN:384,(anonymous_40)
FNF:41
FNH:37
FNDA:178,ChannelView
FNDA:52,(anonymous_1)
FNDA:5,(anonymous_2)
FNDA:46,(anonymous_3)
FNDA:52,(anonymous_4)
FNDA:52,(anonymous_5)
FNDA:46,(anonymous_6)
FNDA:151,(anonymous_7)
FNDA:52,(anonymous_8)
FNDA:4,(anonymous_9)
FNDA:2,(anonymous_10)
FNDA:2,(anonymous_11)
FNDA:2,(anonymous_12)
FNDA:0,(anonymous_13)
FNDA:52,(anonymous_14)
FNDA:52,(anonymous_15)
FNDA:46,(anonymous_16)
FNDA:100,(anonymous_17)
FNDA:2,(anonymous_18)
FNDA:2,(anonymous_19)
FNDA:3,(anonymous_20)
FNDA:1,(anonymous_21)
FNDA:2,(anonymous_22)
FNDA:2,(anonymous_23)
FNDA:100,(anonymous_24)
FNDA:74,(anonymous_25)
FNDA:6,(anonymous_26)
FNDA:1,(anonymous_27)
FNDA:4,(anonymous_28)
FNDA:0,(anonymous_29)
FNDA:2,(anonymous_30)
FNDA:2,(anonymous_31)
FNDA:2,(anonymous_32)
FNDA:2,(anonymous_33)
FNDA:3,(anonymous_34)
FNDA:2,(anonymous_35)
FNDA:1,(anonymous_36)
FNDA:0,(anonymous_37)
FNDA:3,(anonymous_38)
FNDA:1,(anonymous_39)
FNDA:0,(anonymous_40)
DA:16,1
DA:23,178
DA:24,178
DA:25,178
DA:26,178
DA:32,178
DA:34,178
DA:35,178
DA:36,178
DA:37,178
DA:38,178
DA:40,178
DA:41,178
DA:42,178
DA:45,178
DA:46,52
DA:47,46
DA:50,46
DA:51,5
DA:52,5
DA:53,5
DA:54,5
DA:61,46
DA:62,46
DA:67,178
DA:68,52
DA:69,46
DA:70,46
DA:71,52
DA:72,52
DA:73,29
DA:80,178
DA:81,52
DA:82,52
DA:83,52
DA:85,46
DA:86,46
DA:87,46
DA:89,46
DA:90,20
DA:95,26
DA:97,46
DA:99,151
DA:100,151
DA:103,46
DA:104,46
DA:105,46
DA:109,46
DA:113,46
DA:117,178
DA:118,52
DA:119,4
DA:120,2
DA:121,2
DA:124,52
DA:125,2
DA:127,1
DA:128,1
DA:129,1
DA:132,52
DA:133,2
DA:134,1
DA:137,52
DA:138,2
DA:139,1
DA:146,52
DA:147,0
DA:148,0
DA:149,0
DA:150,0
DA:151,0
DA:153,0
DA:157,52
DA:158,52
DA:159,52
DA:160,52
DA:161,52
DA:162,52
DA:167,178
DA:168,52
DA:170,46
DA:171,46
DA:173,46
DA:174,20
DA:178,26
DA:180,46
DA:181,46
DA:186,46
DA:190,178
DA:191,100
DA:192,2
DA:193,1
DA:196,100
DA:197,2
DA:198,1
DA:201,100
DA:202,3
DA:203,2
DA:204,2
DA:206,2
DA:207,3
DA:208,3
DA:209,1
DA:217,100
DA:218,2
DA:219,1
DA:220,1
DA:221,1
DA:224,100
DA:225,2
DA:226,1
DA:229,100
DA:230,100
DA:231,100
DA:232,100
DA:233,100
DA:234,100
DA:239,178
DA:240,178
DA:241,178
DA:242,74
DA:243,74
DA:244,5
DA:249,74
DA:252,178
DA:253,6
DA:254,6
DA:255,6
DA:256,6
DA:258,3
DA:259,6
DA:261,6
DA:262,6
DA:264,6
DA:265,1
DA:271,2
DA:273,3
DA:275,1
DA:276,1
DA:279,3
DA:280,3
DA:284,3
DA:288,178
DA:290,4
DA:291,3
DA:292,3
DA:293,2
DA:294,4
DA:295,4
DA:297,1
DA:298,1
DA:304,178
DA:306,2
DA:307,1
DA:308,1
DA:309,1
DA:310,1
DA:312,0
DA:318,178
DA:320,2
DA:321,1
DA:326,178
DA:327,2
DA:328,1
DA:331,178
DA:333,3
DA:334,2
DA:335,2
DA:336,1
DA:337,1
DA:338,1
DA:346,178
DA:348,2
DA:349,2
DA:350,1
DA:351,1
DA:357,178
DA:367,3
DA:382,1
DA:385,0
DA:386,0
LF:181
LH:172
BRDA:24,0,0,171
BRDA:24,0,1,7
BRDA:24,1,0,171
BRDA:24,1,1,0
BRDA:40,2,0,171
BRDA:40,2,1,7
BRDA:41,3,0,178
BRDA:41,3,1,7
BRDA:42,4,0,178
BRDA:42,4,1,7
BRDA:46,5,0,6
BRDA:46,5,1,46
BRDA:50,6,0,5
BRDA:50,6,1,41
BRDA:68,7,0,6
BRDA:68,7,1,46
BRDA:70,8,0,46
BRDA:70,8,1,4
BRDA:71,9,0,29
BRDA:71,9,1,17
BRDA:72,10,0,29
BRDA:72,10,1,23
BRDA:81,11,0,5
BRDA:81,11,1,47
BRDA:83,12,0,6
BRDA:83,12,1,46
BRDA:83,13,0,52
BRDA:83,13,1,46
BRDA:89,14,0,20
BRDA:89,14,1,26
BRDA:119,15,0,2
BRDA:119,15,1,2
BRDA:125,16,0,1
BRDA:125,16,1,1
BRDA:133,17,0,1
BRDA:133,17,1,1
BRDA:138,18,0,1
BRDA:138,18,1,1
BRDA:147,19,0,0
BRDA:147,19,1,0
BRDA:148,20,0,0
BRDA:148,20,1,0
BRDA:168,21,0,6
BRDA:168,21,1,46
BRDA:168,22,0,52
BRDA:168,22,1,46
BRDA:173,23,0,20
BRDA:173,23,1,26
BRDA:192,24,0,1
BRDA:192,24,1,1
BRDA:197,25,0,1
BRDA:197,25,1,1
BRDA:202,26,0,1
BRDA:202,26,1,2
BRDA:206,27,0,2
BRDA:206,27,1,0
BRDA:208,28,0,1
BRDA:208,28,1,2
BRDA:218,29,0,1
BRDA:218,29,1,1
BRDA:225,30,0,1
BRDA:225,30,1,1
BRDA:240,31,0,171
BRDA:240,31,1,7
BRDA:253,32,0,0
BRDA:253,32,1,6
BRDA:254,33,0,6
BRDA:254,33,1,0
BRDA:255,34,0,6
BRDA:255,34,1,0
BRDA:256,35,0,3
BRDA:256,35,1,3
BRDA:256,36,0,6
BRDA:256,36,1,3
BRDA:258,37,0,3
BRDA:258,37,1,0
BRDA:259,38,0,3
BRDA:259,38,1,0
BRDA:264,39,0,1
BRDA:264,39,1,2
BRDA:290,40,0,1
BRDA:290,40,1,3
BRDA:292,41,0,3
BRDA:292,41,1,0
BRDA:293,42,0,2
BRDA:293,42,1,2
BRDA:306,43,0,1
BRDA:306,43,1,1
BRDA:320,44,0,1
BRDA:320,44,1,1
BRDA:327,45,0,1
BRDA:327,45,1,1
BRDA:333,46,0,1
BRDA:333,46,1,2
BRDA:349,47,0,1
BRDA:349,47,1,1
BRDA:384,48,0,0
BRDA:384,48,1,7
BRDA:389,49,0,0
BRDA:389,49,1,0
BRF:100
BRH:85
end_of_record
TN:
SF:src/pages/CreateIdentity.tsx
FN:23,computeStepNumber
FN:30,buildServerUrl
FN:34,CreateIdentity
FN:59,(anonymous_3)
FN:119,(anonymous_4)
FN:123,(anonymous_5)
FN:129,(anonymous_6)
FN:158,(anonymous_7)
FN:179,(anonymous_8)
FN:182,(anonymous_9)
FN:183,(anonymous_10)
FN:186,(anonymous_11)
FN:210,(anonymous_12)
FN:217,(anonymous_13)
FN:218,(anonymous_14)
FN:270,(anonymous_15)
FN:291,(anonymous_16)
FN:292,(anonymous_17)
FN:301,(anonymous_18)
FN:309,(anonymous_19)
FNF:20
FNH:18
FNDA:123,computeStepNumber
FNDA:21,buildServerUrl
FNDA:123,CreateIdentity
FNDA:21,(anonymous_3)
FNDA:2,(anonymous_4)
FNDA:0,(anonymous_5)
FNDA:3,(anonymous_6)
FNDA:4,(anonymous_7)
FNDA:0,(anonymous_8)
FNDA:1,(anonymous_9)
FNDA:1,(anonymous_10)
FNDA:1,(anonymous_11)
FNDA:7,(anonymous_12)
FNDA:6,(anonymous_13)
FNDA:1,(anonymous_14)
FNDA:5,(anonymous_15)
FNDA:23,(anonymous_16)
FNDA:1,(anonymous_17)
FNDA:1,(anonymous_18)
FNDA:1,(anonymous_19)
DA:24,123
DA:25,46
DA:26,21
DA:27,4
DA:31,21
DA:35,123
DA:36,123
DA:37,123
DA:38,123
DA:39,123
DA:41,123
DA:42,123
DA:43,123
DA:46,123
DA:47,123
DA:48,123
DA:49,123
DA:50,123
DA:51,123
DA:52,123
DA:53,123
DA:54,123
DA:55,123
DA:56,123
DA:57,123
DA:59,123
DA:60,21
DA:61,21
DA:63,21
DA:64,21
DA:66,21
DA:67,21
DA:70,21
DA:73,21
DA:74,21
DA:75,21
DA:76,21
DA:78,17
DA:80,8
DA:81,8
DA:82,8
DA:83,8
DA:86,9
DA:87,9
DA:90,9
DA:95,9
DA:103,9
DA:105,9
DA:106,9
DA:107,9
DA:110,9
DA:111,9
DA:113,1
DA:115,18
DA:119,123
DA:120,2
DA:121,2
DA:122,1
DA:123,1
DA:129,123
DA:130,3
DA:131,3
DA:132,3
DA:133,3
DA:134,3
DA:135,3
DA:141,3
DA:143,2
DA:145,2
DA:146,2
DA:147,2
DA:149,2
DA:150,2
DA:152,1
DA:154,3
DA:158,123
DA:159,4
DA:162,123
DA:163,123
DA:164,123
DA:166,123
DA:167,4
DA:168,4
DA:169,4
DA:170,1
DA:172,4
DA:179,0
DA:182,1
DA:183,1
DA:186,1
DA:194,119
DA:195,25
DA:210,7
DA:217,6
DA:218,1
DA:242,94
DA:243,17
DA:270,5
DA:281,77
DA:291,23
DA:292,1
DA:301,1
DA:309,1
LF:103
LH:102
BRDA:24,0,0,77
BRDA:24,0,1,46
BRDA:25,1,0,25
BRDA:25,1,1,21
BRDA:26,2,0,17
BRDA:26,2,1,4
BRDA:26,3,0,2
BRDA:26,3,1,15
BRDA:27,4,0,0
BRDA:27,4,1,4
BRDA:31,5,0,21
BRDA:31,5,1,0
BRDA:44,6,0,121
BRDA:44,6,1,2
BRDA:44,7,0,123
BRDA:44,7,1,117
BRDA:46,8,0,123
BRDA:46,8,1,54
BRDA:61,9,0,0
BRDA:61,9,1,21
BRDA:61,10,0,21
BRDA:61,10,1,21
BRDA:78,11,0,8
BRDA:78,11,1,9
BRDA:130,12,0,0
BRDA:130,12,1,3
BRDA:130,13,0,3
BRDA:130,13,1,3
BRDA:130,13,2,3
BRDA:134,14,0,3
BRDA:134,14,1,0
BRDA:162,15,0,123
BRDA:162,15,1,16
BRDA:163,16,0,27
BRDA:163,16,1,96
BRDA:166,17,0,4
BRDA:166,17,1,119
BRDA:168,18,0,1
BRDA:168,18,1,3
BRDA:169,19,0,1
BRDA:169,19,1,3
BRDA:178,20,0,0
BRDA:178,20,1,4
BRDA:194,21,0,25
BRDA:194,21,1,94
BRDA:204,22,0,25
BRDA:204,22,1,1
BRDA:218,23,0,1
BRDA:218,23,1,1
BRDA:218,23,2,1
BRDA:220,24,0,25
BRDA:220,24,1,17
BRDA:220,24,2,3
BRDA:225,25,0,25
BRDA:225,25,1,14
BRDA:225,25,2,9
BRDA:225,25,3,2
BRDA:233,26,0,25
BRDA:233,26,1,22
BRDA:235,27,0,3
BRDA:235,27,1,22
BRDA:242,28,0,17
BRDA:242,28,1,77
BRDA:264,29,0,1
BRDA:264,29,1,16
BRDA:285,30,0,77
BRDA:285,30,1,1
BRDA:292,31,0,1
BRDA:292,31,1,1
BRDA:296,32,0,123
BRDA:296,32,1,74
BRDA:296,32,2,2
BRDA:304,33,0,123
BRDA:304,33,1,56
BRDA:304,33,2,55
BRDA:305,34,0,21
BRDA:305,34,1,56
BRF:77
BRH:71
end_of_record
TN:
SF:src/pages/JoinTeam.tsx
FN:19,JoinTeam
FN:26,(anonymous_1)
FN:33,(anonymous_2)
FN:34,(anonymous_3)
FN:60,(anonymous_4)
FN:62,(anonymous_5)
FN:80,(anonymous_6)
FN:91,(anonymous_7)
FN:179,(anonymous_8)
FN:186,(anonymous_9)
FN:192,(anonymous_10)
FN:204,(anonymous_11)
FN:207,(anonymous_12)
FNF:13
FNH:13
FNDA:123,JoinTeam
FNDA:32,(anonymous_1)
FNDA:32,(anonymous_2)
FNDA:32,(anonymous_3)
FNDA:32,(anonymous_4)
FNDA:4,(anonymous_5)
FNDA:10,(anonymous_6)
FNDA:6,(anonymous_7)
FNDA:12,(anonymous_8)
FNDA:11,(anonymous_9)
FNDA:1,(anonymous_10)
FNDA:1,(anonymous_11)
FNDA:1,(anonymous_12)
DA:20,123
DA:21,123
DA:22,123
DA:23,123
DA:26,123
DA:27,32
DA:28,1
DA:33,123
DA:34,32
DA:35,32
DA:36,32
DA:37,2
DA:38,1
DA:40,2
[...]
FN:185,restoreDerivedKey
FN:195,persistDerivedKey
FN:206,(anonymous_25)
FN:215,(anonymous_26)
FN:220,(anonymous_27)
FN:225,(anonymous_28)
FN:227,(anonymous_29)
FN:229,(anonymous_30)
FN:230,(anonymous_31)
FN:255,(anonymous_32)
FN:256,(anonymous_33)
FN:266,(anonymous_34)
FN:280,(anonymous_35)
FN:303,(anonymous_36)
FN:304,(anonymous_37)
FN:313,(anonymous_38)
FN:314,(anonymous_39)
FN:335,(anonymous_40)
FN:336,(anonymous_41)
FN:336,(anonymous_42)
FNF:43
FNH:40
FNDA:38,persistTeams
FNDA:35,(anonymous_1)
FNDA:30,loadPersistedTeams
FNDA:33,persistServers
FNDA:29,(anonymous_4)
FNDA:30,loadPersistedServers
FNDA:28,serverIdFromUrl
FNDA:9,getOrCreateWrapKey
FNDA:9,(anonymous_8)
FNDA:2,(anonymous_9)
FNDA:5,(anonymous_10)
FNDA:0,(anonymous_11)
FNDA:5,(anonymous_12)
FNDA:5,(anonymous_13)
FNDA:0,(anonymous_14)
FNDA:5,(anonymous_15)
FNDA:1,(anonymous_16)
FNDA:1,(anonymous_17)
FNDA:0,(anonymous_18)
FNDA:7,encryptDerivedKey
FNDA:2,decryptDerivedKey
FNDA:49,(anonymous_21)
FNDA:30,loadPersistedDerivedKey
FNDA:84,restoreDerivedKey
FNDA:15,persistDerivedKey
FNDA:30,(anonymous_25)
FNDA:1,(anonymous_26)
FNDA:6,(anonymous_27)
FNDA:1,(anonymous_28)
FNDA:2,(anonymous_29)
FNDA:25,(anonymous_30)
FNDA:25,(anonymous_31)
FNDA:8,(anonymous_32)
FNDA:8,(anonymous_33)
FNDA:6,(anonymous_34)
FNDA:5,(anonymous_35)
FNDA:5,(anonymous_36)
FNDA:5,(anonymous_37)
FNDA:2,(anonymous_38)
FNDA:2,(anonymous_39)
FNDA:8,(anonymous_40)
FNDA:7,(anonymous_41)
FNDA:1,(anonymous_42)
DA:53,30
DA:54,30
DA:57,38
DA:58,38
DA:59,38
DA:62,38
DA:67,30
DA:68,30
DA:69,30
DA:70,1
DA:71,1
DA:79,33
DA:80,33
DA:81,33
DA:82,33
DA:87,30
DA:88,30
DA:89,30
DA:90,1
DA:91,1
DA:100,28
DA:107,30
DA:108,30
DA:109,30
DA:110,30
DA:114,9
DA:115,9
DA:116,9
DA:117,2
DA:118,2
DA:121,9
DA:122,9
DA:125,5
DA:126,5
DA:127,5
DA:128,5
DA:129,5
DA:130,5
DA:133,5
DA:134,4
DA:135,4
DA:139,1
DA:145,1
DA:146,1
DA:147,1
DA:148,1
DA:149,1
DA:152,1
DA:153,1
DA:157,7
DA:158,3
DA:159,3
DA:164,3
DA:165,3
DA:166,3
DA:167,3
DA:171,2
DA:172,49
DA:173,2
DA:174,2
DA:175,2
DA:176,1
DA:181,30
DA:186,84
DA:187,84
DA:188,84
DA:189,2
DA:191,1
DA:196,15
DA:197,15
DA:198,7
DA:199,3
DA:201,8
DA:206,30
DA:216,1
DA:217,1
DA:221,6
DA:222,6
DA:225,1
DA:227,2
DA:230,25
DA:231,25
DA:232,25
DA:233,25
DA:234,25
DA:237,25
DA:238,23
DA:239,23
DA:240,23
DA:241,23
DA:247,23
DA:250,25
DA:251,25
DA:252,25
DA:256,8
DA:257,8
DA:258,8
DA:259,8
DA:260,8
DA:263,8
DA:264,5
DA:265,5
DA:266,6
DA:267,5
DA:268,4
DA:270,1
DA:272,5
DA:276,8
DA:277,8
DA:281,5
DA:282,5
DA:283,5
DA:284,5
DA:285,3
DA:291,3
DA:292,3
DA:293,2
DA:294,1
DA:295,1
DA:296,1
DA:297,1
DA:298,1
DA:300,5
DA:304,5
DA:305,5
DA:306,5
DA:307,5
DA:308,4
DA:309,4
DA:310,4
DA:314,2
DA:315,2
DA:316,2
DA:317,2
DA:318,1
DA:319,1
DA:322,1
DA:323,1
DA:324,2
DA:325,2
DA:326,2
DA:330,1
DA:331,1
DA:332,1
DA:336,8
DA:337,8
DA:338,8
DA:339,8
DA:340,8
LF:149
LH:149
BRDA:69,0,0,29
BRDA:69,0,1,1
BRDA:89,1,0,29
BRDA:89,1,1,1
BRDA:117,2,0,2
BRDA:117,2,1,0
BRDA:133,3,0,4
BRDA:133,3,1,1
BRDA:188,4,0,82
BRDA:188,4,1,2
BRDA:197,5,0,7
BRDA:197,5,1,8
BRDA:233,6,0,25
BRDA:233,6,1,2
BRDA:234,7,0,23
BRDA:234,7,1,2
BRDA:237,8,0,23
BRDA:237,8,1,2
BRDA:239,9,0,23
BRDA:239,9,1,20
BRDA:240,10,0,22
BRDA:240,10,1,1
BRDA:244,11,0,23
BRDA:244,11,1,20
BRDA:263,12,0,5
BRDA:263,12,1,3
BRDA:265,13,0,5
BRDA:265,13,1,0
BRDA:267,14,0,4
BRDA:267,14,1,1
BRDA:284,15,0,3
BRDA:284,15,1,2
BRDA:288,16,0,3
BRDA:288,16,1,1
BRDA:293,17,0,1
BRDA:293,17,1,1
BRDA:307,18,0,1
BRDA:307,18,1,4
BRDA:317,19,0,1
BRDA:317,19,1,1
BRDA:325,20,0,2
BRDA:325,20,1,0
BRF:42
BRH:39
end_of_record
TN:
SF:src/stores/dmStore.ts
FN:35,(anonymous_0)
FN:41,(anonymous_1)
FN:42,(anonymous_2)
FN:46,(anonymous_3)
FN:47,(anonymous_4)
FN:49,(anonymous_5)
FN:55,(anonymous_6)
FN:57,(anonymous_7)
FN:58,(anonymous_8)
FN:62,(anonymous_9)
FN:63,(anonymous_10)
FN:65,(anonymous_11)
FN:71,(anonymous_12)
FN:72,(anonymous_13)
FN:77,(anonymous_14)
FN:82,(anonymous_15)
FN:83,(anonymous_16)
FN:88,(anonymous_17)
FN:95,(anonymous_18)
FN:96,(anonymous_19)
FNF:20
FNH:20
FNDA:7,(anonymous_0)
FNDA:20,(anonymous_1)
FNDA:20,(anonymous_2)
FNDA:4,(anonymous_3)
FNDA:4,(anonymous_4)
FNDA:2,(anonymous_5)
FNDA:4,(anonymous_6)
FNDA:3,(anonymous_7)
FNDA:3,(anonymous_8)
FNDA:2,(anonymous_9)
FNDA:2,(anonymous_10)
FNDA:1,(anonymous_11)
FNDA:1,(anonymous_12)
FNDA:1,(anonymous_13)
FNDA:1,(anonymous_14)
FNDA:1,(anonymous_15)
FNDA:1,(anonymous_16)
FNDA:1,(anonymous_17)
FNDA:1,(anonymous_18)
FNDA:1,(anonymous_19)
DA:35,7
DA:42,20
DA:47,4
DA:48,4
DA:49,4
DA:50,3
DA:55,4
DA:58,3
DA:63,2
DA:64,2
DA:65,2
DA:66,1
DA:72,1
DA:73,1
DA:74,1
DA:77,1
DA:83,1
DA:84,1
DA:85,1
DA:89,1
DA:96,1
LF:21
LH:21
BRDA:48,0,0,4
BRDA:48,0,1,2
BRDA:49,1,0,1
BRDA:49,1,1,3
BRDA:64,2,0,2
BRDA:64,2,1,1
BRDA:65,3,0,1
BRDA:65,3,1,1
BRDA:73,4,0,1
BRDA:73,4,1,0
BRDA:77,5,0,1
BRDA:77,5,1,0
BRDA:84,6,0,1
BRDA:84,6,1,0
BRDA:89,7,0,1
BRDA:89,7,1,0
BRF:16
BRH:12
end_of_record
TN:
SF:src/stores/messageStore.ts
FN:48,(anonymous_0)
FN:54,(anonymous_1)
FN:55,(anonymous_2)
FN:59,(anonymous_3)
FN:64,(anonymous_4)
FN:65,(anonymous_5)
FN:68,(anonymous_6)
FN:69,(anonymous_7)
FN:74,(anonymous_8)
FN:75,(anonymous_9)
FN:80,(anonymous_10)
FN:89,(anonymous_11)
FN:90,(anonymous_12)
FN:95,(anonymous_13)
FN:102,(anonymous_14)
FN:103,(anonymous_15)
FN:108,(anonymous_16)
FN:115,(anonymous_17)
FN:116,(anonymous_18)
FN:119,(anonymous_19)
FN:124,(anonymous_20)
FN:125,(anonymous_21)
FN:130,(anonymous_22)
FN:135,(anonymous_23)
FN:136,(anonymous_24)
FN:142,(anonymous_25)
FN:143,(anonymous_26)
FN:149,(anonymous_27)
FN:150,(anonymous_28)
FNF:29
FNH:29
FNDA:10,(anonymous_0)
FNDA:12,(anonymous_1)
FNDA:12,(anonymous_2)
FNDA:2,(anonymous_3)
FNDA:67,(anonymous_4)
FNDA:67,(anonymous_5)
FNDA:239,(anonymous_6)
FNDA:208,(anonymous_7)
FNDA:3,(anonymous_8)
FNDA:3,(anonymous_9)
FNDA:2,(anonymous_10)
FNDA:3,(anonymous_11)
FNDA:3,(anonymous_12)
FNDA:2,(anonymous_13)
FNDA:1,(anonymous_14)
FNDA:1,(anonymous_15)
FNDA:1,(anonymous_16)
FNDA:6,(anonymous_17)
FNDA:6,(anonymous_18)
FNDA:1,(anonymous_19)
FNDA:1,(anonymous_20)
FNDA:1,(anonymous_21)
FNDA:1,(anonymous_22)
FNDA:172,(anonymous_23)
FNDA:172,(anonymous_24)
FNDA:67,(anonymous_25)
FNDA:67,(anonymous_26)
FNDA:1,(anonymous_27)
FNDA:1,(anonymous_28)
DA:48,10
DA:55,12
DA:56,12
DA:57,12
DA:59,12
DA:60,11
DA:61,11
DA:65,67
DA:66,67
DA:67,67
DA:68,239
DA:69,208
DA:70,67
DA:71,67
DA:75,3
DA:76,3
DA:77,3
DA:78,3
DA:81,2
DA:86,3
DA:90,3
DA:91,3
DA:92,3
DA:93,3
DA:96,2
DA:99,3
DA:103,1
DA:104,1
DA:105,1
DA:106,1
DA:109,1
DA:112,1
DA:116,6
DA:117,6
DA:118,6
DA:119,6
DA:120,6
DA:121,6
DA:125,1
DA:126,1
DA:127,1
DA:128,1
DA:130,1
DA:132,1
DA:136,172
DA:137,172
DA:138,172
DA:139,172
DA:143,67
DA:144,67
DA:145,67
DA:146,67
DA:150,1
DA:151,1
DA:152,1
DA:153,1
DA:154,1
DA:155,1
DA:156,1
DA:157,1
DA:158,1
DA:159,1
LF:62
LH:62
BRDA:57,0,0,12
BRDA:57,0,1,9
BRDA:59,1,0,1
BRDA:59,1,1,11
BRDA:67,2,0,67
BRDA:67,2,1,17
BRDA:77,3,0,3
BRDA:77,3,1,1
BRDA:81,4,0,2
BRDA:81,4,1,0
BRDA:92,5,0,3
BRDA:92,5,1,1
BRDA:96,6,0,2
BRDA:96,6,1,0
BRDA:105,7,0,1
BRDA:105,7,1,0
BRDA:109,8,0,1
BRDA:109,8,1,0
BRDA:118,9,0,6
BRDA:118,9,1,5
BRDA:127,10,0,1
BRDA:127,10,1,0
BRF:22
BRH:17
end_of_record
TN:
SF:src/stores/presenceStore.ts
FN:24,(anonymous_0)
FN:29,(anonymous_1)
FN:30,(anonymous_2)
FN:34,(anonymous_3)
FN:35,(anonymous_4)
FN:45,(anonymous_5)
FN:47,(anonymous_6)
FN:49,(anonymous_7)
FNF:8
FNH:8
FNDA:7,(anonymous_0)
FNDA:54,(anonymous_1)
FNDA:54,(anonymous_2)
FNDA:7,(anonymous_3)
FNDA:7,(anonymous_4)
FNDA:25,(anonymous_5)
FNDA:25,(anonymous_6)
FNDA:2,(anonymous_7)
DA:24,7
DA:30,54
DA:35,7
DA:45,25
DA:47,25
DA:50,2
LF:6
LH:6
BRF:0
BRH:0
end_of_record
TN:
SF:src/stores/selectors.ts
FN:15,useChannelMessages
FN:16,(anonymous_1)
FN:19,useChannelLoading
FN:20,(anonymous_3)
FN:23,useChannelHasMore
FN:24,(anonymous_5)
FN:27,useChannelTyping
FN:28,(anonymous_7)
FN:32,useVoiceConnectionState
FN:34,(anonymous_9)
FN:43,useVoiceMediaState
FN:45,(anonymous_11)
FN:55,useVoicePeers
FN:56,(anonymous_13)
FN:59,useVoiceChannelOccupants
FN:60,(anonymous_15)
FN:64,useTeamDMs
FN:65,(anonymous_17)
FN:68,useDMTyping
FN:69,(anonymous_19)
FN:73,useUserPresence
FN:74,(anonymous_21)
FN:78,useChannelThreads
FN:79,(anonymous_23)
FN:83,useThreadMessages
FN:84,(anonymous_25)
FN:88,useTeamChannels
FN:89,(anonymous_27)
FN:93,useTeamMembers
FN:94,(anonymous_29)
FNF:30
FNH:30
FNDA:2,useChannelMessages
FNDA:6,(anonymous_1)
FNDA:1,useChannelLoading
FNDA:3,(anonymous_3)
FNDA:1,useChannelHasMore
FNDA:3,(anonymous_5)
FNDA:1,useChannelTyping
FNDA:3,(anonymous_7)
FNDA:1,useVoiceConnectionState
FNDA:3,(anonymous_9)
FNDA:24,useVoiceMediaState
FNDA:72,(anonymous_11)
FNDA:1,useVoicePeers
FNDA:3,(anonymous_13)
FNDA:2,useVoiceChannelOccupants
FNDA:6,(anonymous_15)
FNDA:1,useTeamDMs
FNDA:3,(anonymous_17)
FNDA:1,useDMTyping
FNDA:3,(anonymous_19)
FNDA:2,useUserPresence
FNDA:6,(anonymous_21)
FNDA:1,useChannelThreads
FNDA:3,(anonymous_23)
FNDA:1,useThreadMessages
FNDA:3,(anonymous_25)
FNDA:1,useTeamChannels
FNDA:3,(anonymous_27)
FNDA:1,useTeamMembers
FNDA:3,(anonymous_29)
DA:12,2
DA:16,6
DA:20,3
DA:24,3
DA:28,3
DA:33,1
DA:34,3
DA:44,24
DA:45,72
DA:56,3
DA:60,6
DA:65,3
DA:69,3
DA:74,6
DA:79,3
DA:80,1
DA:84,3
DA:89,3
DA:90,1
DA:94,3
LF:20
LH:20
BRDA:16,0,0,6
BRDA:16,0,1,3
BRDA:20,1,0,3
BRDA:20,1,1,0
BRDA:24,2,0,3
BRDA:24,2,1,0
BRDA:28,3,0,3
BRDA:28,3,1,0
BRDA:60,4,0,6
BRDA:60,4,1,3
BRDA:65,5,0,3
BRDA:65,5,1,0
BRDA:69,6,0,3
BRDA:69,6,1,0
BRDA:80,7,0,1
BRDA:80,7,1,0
BRDA:84,8,0,3
BRDA:84,8,1,0
BRDA:90,9,0,1
BRDA:90,9,1,0
BRDA:94,10,0,3
BRDA:94,10,1,0
BRF:22
BRH:13
end_of_record
TN:
SF:src/stores/teamStore.ts
FN:60,(anonymous_0)
FN:68,(anonymous_1)
FN:70,(anonymous_2)
FN:72,(anonymous_3)
FN:73,(anonymous_4)
FN:79,(anonymous_5)
FN:80,(anonymous_6)
FN:86,(anonymous_7)
FN:87,(anonymous_8)
FN:93,(anonymous_9)
FN:94,(anonymous_10)
FN:100,(anonymous_11)
FN:101,(anonymous_12)
FN:108,(anonymous_13)
FN:109,(anonymous_14)
FN:114,(anonymous_15)
FN:119,(anonymous_16)
FN:120,(anonymous_17)
FN:125,(anonymous_18)
FNF:19
FNH:19
FNDA:20,(anonymous_0)
FNDA:7,(anonymous_1)
FNDA:3,(anonymous_2)
FNDA:1,(anonymous_3)
FNDA:1,(anonymous_4)
FNDA:3,(anonymous_5)
FNDA:3,(anonymous_6)
FNDA:1,(anonymous_7)
FNDA:1,(anonymous_8)
FNDA:1,(anonymous_9)
FNDA:1,(anonymous_10)
FNDA:6,(anonymous_11)
FNDA:6,(anonymous_12)
FNDA:2,(anonymous_13)
FNDA:2,(anonymous_14)
FNDA:3,(anonymous_15)
FNDA:4,(anonymous_16)
FNDA:4,(anonymous_17)
FNDA:4,(anonymous_18)
DA:60,20
DA:68,7
DA:70,3
DA:73,1
DA:74,1
DA:75,1
DA:76,1
DA:80,3
DA:81,3
DA:82,3
DA:83,3
DA:87,1
DA:88,1
DA:89,1
DA:90,1
DA:94,1
DA:95,1
DA:96,1
DA:97,1
DA:101,6
DA:102,6
DA:103,6
DA:104,6
DA:105,6
DA:109,2
DA:110,2
DA:111,2
DA:112,2
DA:114,3
DA:116,2
DA:120,4
DA:121,4
DA:122,4
DA:123,4
DA:125,4
DA:127,4
LF:36
LH:36
BRDA:103,0,0,6
BRDA:103,0,1,3
BRDA:111,1,0,2
BRDA:111,1,1,0
BRDA:122,2,0,4
BRDA:122,2,1,0
BRDA:125,3,0,4
BRDA:125,3,1,0
BRF:8
BRH:5
end_of_record
TN:
SF:src/stores/telemetryStore.ts
FN:10,(anonymous_0)
FN:13,(anonymous_1)
FNF:2
FNH:2
FNDA:5,(anonymous_0)
FNDA:3,(anonymous_1)
DA:9,5
DA:11,5
DA:13,3
LF:3
LH:3
BRF:0
BRH:0
end_of_record
TN:
SF:src/stores/themeStore.ts
FN:5,applyTheme
FN:26,(anonymous_1)
FN:33,(anonymous_2)
FNF:3
FNH:3
FNDA:6,applyTheme
FNDA:1,(anonymous_1)
FNDA:7,(anonymous_2)
DA:6,6
DA:8,6
DA:9,1
DA:10,5
DA:11,2
DA:13,3
DA:15,6
DA:16,528
DA:18,6
DA:19,6
DA:26,1
DA:27,1
DA:28,1
DA:29,1
DA:33,1
DA:34,7
DA:35,7
DA:36,5
DA:37,5
LF:19
LH:19
BRDA:8,0,0,1
BRDA:8,0,1,5
BRDA:10,1,0,2
BRDA:10,1,1,3
BRDA:19,2,0,1
BRDA:19,2,1,5
BRDA:35,3,0,5
BRDA:35,3,1,2
BRF:8
BRH:8
end_of_record
TN:
SF:src/stores/threadStore.ts
FN:34,(anonymous_0)
FN:40,(anonymous_1)
FN:41,(anonymous_2)
FN:45,(anonymous_3)
FN:46,(anonymous_4)
FN:48,(anonymous_5)
FN:54,(anonymous_6)
FN:55,(anonymous_7)
FN:61,(anonymous_8)
FN:66,(anonymous_9)
FN:67,(anonymous_10)
FN:72,(anonymous_11)
FN:77,(anonymous_12)
FN:80,(anonymous_13)
FN:83,(anonymous_14)
FN:84,(anonymous_15)
FN:88,(anonymous_16)
FN:89,(anonymous_17)
FN:91,(anonymous_18)
FN:97,(anonymous_19)
FN:98,(anonymous_20)
FN:103,(anonymous_21)
FN:108,(anonymous_22)
FN:109,(anonymous_23)
FN:114,(anonymous_24)
FNF:25
FNH:25
FNDA:6,(anonymous_0)
FNDA:49,(anonymous_1)
FNDA:49,(anonymous_2)
FNDA:4,(anonymous_3)
FNDA:4,(anonymous_4)
FNDA:1,(anonymous_5)
FNDA:3,(anonymous_6)
FNDA:3,(anonymous_7)
FNDA:1,(anonymous_8)
FNDA:1,(anonymous_9)
FNDA:1,(anonymous_10)
FNDA:1,(anonymous_11)
FNDA:2,(anonymous_12)
FNDA:2,(anonymous_13)
FNDA:45,(anonymous_14)
FNDA:45,(anonymous_15)
FNDA:7,(anonymous_16)
FNDA:7,(anonymous_17)
FNDA:8,(anonymous_18)
FNDA:4,(anonymous_19)
FNDA:4,(anonymous_20)
FNDA:6,(anonymous_21)
FNDA:3,(anonymous_22)
FNDA:3,(anonymous_23)
FNDA:4,(anonymous_24)
DA:34,6
DA:41,49
DA:46,4
DA:47,4
DA:48,4
DA:49,3
DA:55,3
DA:56,3
DA:57,3
DA:58,3
DA:61,1
DA:67,1
DA:68,1
DA:69,1
DA:72,1
DA:78,2
DA:81,2
DA:84,45
DA:89,7
DA:90,7
DA:91,8
DA:92,6
DA:98,4
DA:99,4
DA:100,4
DA:103,6
DA:109,3
DA:110,3
DA:111,3
DA:115,4
LF:30
LH:30
BRDA:47,0,0,4
BRDA:47,0,1,1
BRDA:48,1,0,1
BRDA:48,1,1,3
BRDA:57,2,0,3
BRDA:57,2,1,0
BRDA:61,3,0,1
BRDA:61,3,1,0
BRDA:68,4,0,1
BRDA:68,4,1,0
BRDA:90,5,0,7
BRDA:90,5,1,2
BRDA:91,6,0,1
BRDA:91,6,1,6
BRDA:99,7,0,4
BRDA:99,7,1,0
BRDA:103,8,0,4
BRDA:103,8,1,2
BRDA:110,9,0,3
BRDA:110,9,1,0
BRDA:115,10,0,3
BRDA:115,10,1,1
BRF:22
BRH:17
end_of_record
TN:
SF:src/stores/unreadStore.ts
FN:17,(anonymous_0)
FN:19,(anonymous_1)
FN:20,(anonymous_2)
FN:21,(anonymous_3)
FN:24,(anonymous_4)
FN:25,(anonymous_5)
FNF:6
FNH:6
FNDA:6,(anonymous_0)
FNDA:9,(anonymous_1)
FNDA:5,(anonymous_2)
FNDA:5,(anonymous_3)
FNDA:50,(anonymous_4)
FNDA:50,(anonymous_5)
DA:17,6
DA:19,9
DA:21,5
DA:25,50
LF:4
LH:4
BRDA:22,0,0,5
BRDA:22,0,1,4
BRF:2
BRH:2
end_of_record
TN:
SF:src/stores/userSettingsStore.ts
FN:25,(anonymous_0)
FN:36,(anonymous_1)
FN:37,(anonymous_2)
FN:38,(anonymous_3)
FN:39,(anonymous_4)
FN:40,(anonymous_5)
FN:41,(anonymous_6)
FN:42,(anonymous_7)
FN:43,(anonymous_8)
FNF:9
FNH:9
FNDA:5,(anonymous_0)
FNDA:2,(anonymous_1)
FNDA:1,(anonymous_2)
FNDA:4,(anonymous_3)
FNDA:5,(anonymous_4)
FNDA:3,(anonymous_5)
FNDA:2,(anonymous_6)
FNDA:2,(anonymous_7)
FNDA:7,(anonymous_8)
DA:24,5
DA:26,5
DA:36,2
DA:37,1
DA:38,4
DA:39,5
DA:40,3
DA:41,2
DA:42,2
DA:43,7
LF:10
LH:10
BRF:0
BRH:0
end_of_record
TN:
SF:src/stores/voiceStore.ts
FN:61,(anonymous_0)
FN:82,(anonymous_1)
FN:84,(anonymous_2)
FN:139,(anonymous_3)
FN:154,(anonymous_4)
FN:159,(anonymous_5)
FN:183,(anonymous_6)
FN:188,(anonymous_7)
FN:189,(anonymous_8)
FN:192,(anonymous_9)
FN:194,(anonymous_10)
FN:195,(anonymous_11)
FN:202,(anonymous_12)
FN:204,(anonymous_13)
FN:205,(anonymous_14)
FN:206,(anonymous_15)
FN:207,(anonymous_16)
FN:208,(anonymous_17)
FN:209,(anonymous_18)
FN:210,(anonymous_19)
FN:211,(anonymous_20)
FN:211,(anonymous_21)
FN:221,(anonymous_22)
FN:229,(anonymous_23)
FN:230,(anonymous_24)
FN:235,(anonymous_25)
FN:236,(anonymous_26)
FN:243,(anonymous_27)
FN:244,(anonymous_28)
FN:253,(anonymous_29)
FN:254,(anonymous_30)
FN:262,(anonymous_31)
FN:263,(anonymous_32)
FN:265,(anonymous_33)
FN:269,(anonymous_34)
FN:270,(anonymous_35)
FN:273,(anonymous_36)
FN:278,(anonymous_37)
FN:279,(anonymous_38)
FN:282,(anonymous_39)
FN:285,(anonymous_40)
FN:293,(anonymous_41)
FN:294,(anonymous_42)
FN:297,(anonymous_43)
FN:304,(anonymous_44)
FN:307,(anonymous_45)
FNF:46
FNH:46
FNDA:10,(anonymous_0)
FNDA:89,(anonymous_1)
FNDA:7,(anonymous_2)
FNDA:1,(anonymous_3)
FNDA:3,(anonymous_4)
FNDA:2,(anonymous_5)
FNDA:2,(anonymous_6)
FNDA:5,(anonymous_7)
FNDA:5,(anonymous_8)
FNDA:3,(anonymous_9)
FNDA:7,(anonymous_10)
FNDA:7,(anonymous_11)
FNDA:2,(anonymous_12)
FNDA:8,(anonymous_13)
FNDA:8,(anonymous_14)
FNDA:14,(anonymous_15)
FNDA:5,(anonymous_16)
FNDA:8,(anonymous_17)
FNDA:8,(anonymous_18)
FNDA:9,(anonymous_19)
FNDA:9,(anonymous_20)
FNDA:9,(anonymous_21)
FNDA:5,(anonymous_22)
FNDA:25,(anonymous_23)
FNDA:25,(anonymous_24)
FNDA:3,(anonymous_25)
FNDA:3,(anonymous_26)
FNDA:31,(anonymous_27)
FNDA:31,(anonymous_28)
FNDA:1,(anonymous_29)
FNDA:2,(anonymous_30)
FNDA:89,(anonymous_31)
FNDA:90,(anonymous_32)
FNDA:4,(anonymous_33)
FNDA:11,(anonymous_34)
FNDA:11,(anonymous_35)
FNDA:4,(anonymous_36)
FNDA:3,(anonymous_37)
FNDA:3,(anonymous_38)
FNDA:3,(anonymous_39)
FNDA:1,(anonymous_40)
FNDA:3,(anonymous_41)
FNDA:3,(anonymous_42)
FNDA:3,(anonymous_43)
FNDA:5,(anonymous_44)
FNDA:1,(anonymous_45)
DA:61,10
DA:82,89
DA:85,7
DA:86,7
DA:88,6
DA:91,5
DA:92,1
DA:93,1
DA:94,1
DA:95,1
DA:99,1
DA:119,5
DA:121,5
DA:122,5
DA:123,5
DA:124,5
DA:125,4
DA:128,4
DA:129,4
DA:130,7
DA:131,1
DA:139,1
DA:145,3
DA:146,3
DA:149,1
DA:150,1
DA:155,3
DA:156,3
DA:159,2
DA:162,2
DA:183,2
DA:184,2
DA:189,5
DA:192,3
DA:195,7
DA:196,7
DA:198,7
DA:202,2
DA:204,8
DA:205,8
DA:206,14
DA:207,5
DA:208,8
DA:209,8
DA:210,9
DA:211,9
DA:212,9
DA:213,9
DA:214,6
DA:216,3
DA:218,9
DA:222,5
DA:223,5
DA:224,6
DA:226,5
DA:230,25
DA:236,3
DA:237,3
DA:238,3
DA:239,3
DA:244,31
DA:245,31
DA:246,31
DA:247,23
DA:253,1
DA:255,2
DA:262,89
DA:263,90
DA:266,4
DA:270,11
DA:271,11
DA:273,11
DA:274,10
DA:279,3
DA:280,3
DA:281,3
DA:282,3
DA:283,2
DA:284,1
DA:285,1
DA:287,1
DA:289,1
DA:294,3
DA:295,3
DA:296,3
DA:297,2
DA:298,3
DA:300,2
DA:305,5
DA:306,5
DA:307,1
DA:309,5
DA:310,1
DA:312,5
LF:94
LH:94
BRDA:86,0,0,1
BRDA:86,0,1,6
BRDA:88,1,0,1
BRDA:88,1,1,5
BRDA:88,2,0,6
BRDA:88,2,1,2
BRDA:91,3,0,1
BRDA:91,3,1,4
BRDA:91,4,0,5
BRDA:91,4,1,4
BRDA:129,5,0,4
BRDA:129,5,1,2
BRDA:130,6,0,1
BRDA:130,6,1,3
BRDA:133,7,0,1
BRDA:133,7,1,0
BRDA:156,8,0,1
BRDA:156,8,1,2
BRDA:156,9,0,3
BRDA:156,9,1,2
BRDA:198,10,0,7
BRDA:198,10,1,2
BRDA:202,11,0,2
BRDA:202,11,1,1
BRDA:213,12,0,6
BRDA:213,12,1,3
BRDA:224,13,0,6
BRDA:224,13,1,1
BRDA:246,14,0,8
BRDA:246,14,1,23
BRDA:258,15,0,1
BRDA:258,15,1,1
BRDA:259,16,0,1
BRDA:259,16,1,1
BRDA:271,17,0,11
BRDA:271,17,1,7
BRDA:273,18,0,1
BRDA:273,18,1,10
BRDA:281,19,0,1
BRDA:281,19,1,2
BRDA:283,20,0,1
BRDA:283,20,1,1
BRDA:296,21,0,1
BRDA:296,21,1,2
BRDA:298,22,0,2
BRDA:298,22,1,1
BRDA:306,23,0,1
BRDA:306,23,1,4
BRDA:309,24,0,1
BRDA:309,24,1,4
BRF:50
BRH:49
end_of_record
TN:
SF:src/themes/themes.ts
FNF:0
FNH:0
DA:5,1
DA:116,1
DA:220,1
LF:3
LH:3
BRF:0
BRH:0
end_of_record
TN:
SF:src/utils/colors.ts
FN:17,usernameColor
FN:26,getInitials
FNF:2
FNH:2
FNDA:10,usernameColor
FNDA:4,getInitials
DA:2,2
DA:18,10
DA:19,10
DA:20,10
DA:21,48
DA:23,10
DA:27,4
LF:7
LH:7
BRDA:17,0,0,10
BRDA:18,1,0,10
BRDA:18,1,1,1
BRDA:21,2,0,48
BRDA:21,2,1,0
BRDA:27,3,0,4
BRDA:27,3,1,1
BRF:7
BRH:6
end_of_record
TN:
SF:src/utils/errorMessages.ts
FN:25,friendlyError
FNF:1
FNH:1
FNDA:19,friendlyError
DA:7,3
DA:26,19
DA:28,19
DA:29,162
DA:30,15
DA:34,4
LF:6
LH:6
BRDA:26,0,0,17
BRDA:26,0,1,2
BRDA:29,1,0,15
BRDA:29,1,1,147
BRF:4
BRH:4
end_of_record
TN:
SF:src/utils/keyboardShortcuts.ts
FNF:0
FNH:0
DA:1,2
DA:2,2
DA:9,2
LF:3
LH:3
BRDA:1,0,0,2
BRDA:1,0,1,2
BRDA:2,1,0,0
BRDA:2,1,1,2
BRF:4
BRH:3
end_of_record
TN:
SF:src/utils/messageGrouping.ts
FN:11,groupMessages
FN:40,formatTime
FNF:2
FNH:2
FNDA:56,groupMessages
FNDA:738,formatTime
DA:9,3
DA:12,56
DA:13,56
DA:14,61
DA:15,61
DA:16,61
DA:22,3
DA:23,3
DA:26,3
DA:27,1
DA:28,1
DA:31,60
DA:37,56
DA:41,738
DA:42,738
DA:43,738
DA:44,738
DA:45,738
DA:46,738
DA:48,738
DA:50,738
DA:51,680
DA:52,677
LF:23
LH:23
BRDA:16,0,0,3
BRDA:16,0,1,58
BRDA:17,1,0,61
BRDA:17,1,1,59
BRDA:17,1,2,4
BRDA:23,2,0,3
BRDA:23,2,1,0
BRDA:26,3,0,1
BRDA:26,3,1,2
BRDA:50,4,0,58
BRDA:50,4,1,680
BRDA:51,5,0,3
BRDA:51,5,1,677
BRF:13
BRH:12
end_of_record
TN:
SF:src/utils/serverConnection.ts
FN:9,normalizeServerUrl
FN:18,useServerHealthCheck
FN:24,(anonymous_2)
FN:39,(anonymous_3)
FN:40,(anonymous_4)
FN:41,(anonymous_5)
FN:50,uploadPrekeyBundle
FN:53,(anonymous_7)
FN:68,activateTeamAndNavigate
FNF:9
FNH:9
FNDA:34,normalizeServerUrl
FNDA:123,useServerHealthCheck
FNDA:16,(anonymous_2)
FNDA:48,(anonymous_3)
FNDA:16,(anonymous_4)
FNDA:48,(anonymous_5)
FNDA:4,uploadPrekeyBundle
FNDA:16,(anonymous_7)
FNDA:4,activateTeamAndNavigate
DA:10,34
DA:11,34
DA:12,2
DA:22,123
DA:24,123
DA:25,16
DA:26,1
DA:27,1
DA:29,15
DA:30,15
DA:31,15
DA:32,15
DA:33,13
DA:35,2
DA:39,123
DA:40,48
DA:41,48
DA:44,123
DA:51,4
DA:52,4
DA:53,16
DA:54,4
DA:61,0
DA:72,4
DA:73,4
DA:74,4
LF:26
LH:25
BRDA:11,0,0,32
BRDA:11,0,1,2
BRDA:20,1,0,123
BRDA:25,2,0,1
BRDA:25,2,1,15
BRDA:33,3,0,12
BRDA:33,3,1,1
BRF:7
BRH:7
end_of_record
